4896 MB memory) -> physical GPU (device: 5, name: GeForce RTX 2080, pci bus id: 0000:db:00.0, compute capability: 7.5)
WARNING:tensorflow:From /home/dsc38/topic-classification-with-kbs/env/lib/python3.6/site-packages/tensorflow/python/ops/math_ops.py:3066: to_int32 (from tensorflow.python.ops.math_ops) is deprecated and will be removed in a future version.
Instructions for updating:
Use tf.cast instead.
Train on 54366 samples, validate on 18122 samples
Epoch 1/500
2019-07-27 15:32:31.998987: I tensorflow/stream_executor/dso_loader.cc:152] successfully opened CUDA library libcublas.so.10.0 locally
54366/54366 [==============================] - 114s 2ms/step - loss: 1.6077 - acc: 0.5035 - val_loss: 1.1191 - val_acc: 0.5324
Epoch 2/500
54366/54366 [==============================] - 113s 2ms/step - loss: 1.1392 - acc: 0.5789 - val_loss: 0.8685 - val_acc: 0.6772
Epoch 3/500
54366/54366 [==============================] - 113s 2ms/step - loss: 0.7651 - acc: 0.7052 - val_loss: 0.6945 - val_acc: 0.6846
Epoch 4/500
54366/54366 [==============================] - 112s 2ms/step - loss: 0.6222 - acc: 0.7803 - val_loss: 0.6553 - val_acc: 0.7467
Epoch 5/500
54366/54366 [==============================] - 113s 2ms/step - loss: 0.4921 - acc: 0.8502 - val_loss: 0.4341 - val_acc: 0.8751
Epoch 6/500
54366/54366 [==============================] - 111s 2ms/step - loss: 0.4110 - acc: 0.8929 - val_loss: 0.2972 - val_acc: 0.9202
Epoch 7/500
54366/54366 [==============================] - 111s 2ms/step - loss: 0.4090 - acc: 0.8963 - val_loss: 0.3543 - val_acc: 0.9041
Epoch 8/500
54366/54366 [==============================] - 111s 2ms/step - loss: 0.3661 - acc: 0.9064 - val_loss: 0.3929 - val_acc: 0.8812
Epoch 9/500
54366/54366 [==============================] - 113s 2ms/step - loss: 0.3291 - acc: 0.9122 - val_loss: 0.2839 - val_acc: 0.9227
Epoch 10/500
54366/54366 [==============================] - 110s 2ms/step - loss: 0.3434 - acc: 0.9174 - val_loss: 0.2606 - val_acc: 0.9326
Epoch 11/500
54366/54366 [==============================] - 112s 2ms/step - loss: 0.3126 - acc: 0.9208 - val_loss: 0.3201 - val_acc: 0.9184
Epoch 12/500
54366/54366 [==============================] - 112s 2ms/step - loss: 0.3698 - acc: 0.9117 - val_loss: 0.4226 - val_acc: 0.8810
Epoch 13/500
54366/54366 [==============================] - 111s 2ms/step - loss: 0.3076 - acc: 0.9195 - val_loss: 0.2908 - val_acc: 0.9163
Epoch 14/500
54366/54366 [==============================] - 112s 2ms/step - loss: 0.2906 - acc: 0.9257 - val_loss: 0.2630 - val_acc: 0.9306
Epoch 15/500
54366/54366 [==============================] - 112s 2ms/step - loss: 0.2942 - acc: 0.9278 - val_loss: 0.2481 - val_acc: 0.9326
Epoch 16/500
54366/54366 [==============================] - 110s 2ms/step - loss: 0.2887 - acc: 0.9281 - val_loss: 0.2417 - val_acc: 0.9331
Epoch 17/500
54366/54366 [==============================] - 111s 2ms/step - loss: 0.3023 - acc: 0.9224 - val_loss: 0.2511 - val_acc: 0.9322
Epoch 18/500
54366/54366 [==============================] - 111s 2ms/step - loss: 0.2880 - acc: 0.9233 - val_loss: 0.2246 - val_acc: 0.9393
Epoch 19/500
54366/54366 [==============================] - 113s 2ms/step - loss: 0.2781 - acc: 0.9287 - val_loss: 0.3212 - val_acc: 0.9108
Epoch 20/500
54366/54366 [==============================] - 112s 2ms/step - loss: 0.2778 - acc: 0.9233 - val_loss: 0.3034 - val_acc: 0.9130
Epoch 21/500
54366/54366 [==============================] - 113s 2ms/step - loss: 0.2636 - acc: 0.9283 - val_loss: 0.3093 - val_acc: 0.9118
Epoch 22/500
54366/54366 [==============================] - 113s 2ms/step - loss: 0.2599 - acc: 0.9316 - val_loss: 0.3158 - val_acc: 0.9120
Epoch 23/500
54366/54366 [==============================] - 114s 2ms/step - loss: 0.2626 - acc: 0.9316 - val_loss: 0.3444 - val_acc: 0.9041
Epoch 24/500
54366/54366 [==============================] - 112s 2ms/step - loss: 0.2652 - acc: 0.9305 - val_loss: 0.2918 - val_acc: 0.9124
Epoch 25/500
54366/54366 [==============================] - 111s 2ms/step - loss: 0.2704 - acc: 0.9312 - val_loss: 0.2229 - val_acc: 0.9330
Epoch 26/500
54366/54366 [==============================] - 113s 2ms/step - loss: 0.2589 - acc: 0.9302 - val_loss: 0.2436 - val_acc: 0.9323
Epoch 27/500
54366/54366 [==============================] - 111s 2ms/step - loss: 0.2524 - acc: 0.9353 - val_loss: 0.3589 - val_acc: 0.9035
Epoch 28/500
54366/54366 [==============================] - 110s 2ms/step - loss: 0.2538 - acc: 0.9310 - val_loss: 0.3925 - val_acc: 0.8419
Epoch 29/500
54366/54366 [==============================] - 112s 2ms/step - loss: 0.2460 - acc: 0.9323 - val_loss: 0.2733 - val_acc: 0.9222
Epoch 30/500
54366/54366 [==============================] - 112s 2ms/step - loss: 0.2481 - acc: 0.9339 - val_loss: 0.2382 - val_acc: 0.9333
Epoch 31/500
54366/54366 [==============================] - 112s 2ms/step - loss: 0.2363 - acc: 0.9351 - val_loss: 0.2415 - val_acc: 0.9303
Epoch 32/500
54366/54366 [==============================] - 112s 2ms/step - loss: 0.2416 - acc: 0.9395 - val_loss: 0.2302 - val_acc: 0.9357
Epoch 33/500
54366/54366 [==============================] - 113s 2ms/step - loss: 0.2328 - acc: 0.9396 - val_loss: 0.1952 - val_acc: 0.9487
Epoch 34/500
54366/54366 [==============================] - 112s 2ms/step - loss: 0.2378 - acc: 0.9353 - val_loss: 0.2711 - val_acc: 0.9202
Epoch 35/500
54366/54366 [==============================] - 113s 2ms/step - loss: 0.2369 - acc: 0.9332 - val_loss: 0.2368 - val_acc: 0.9334
Epoch 36/500
54366/54366 [==============================] - 113s 2ms/step - loss: 0.2291 - acc: 0.9344 - val_loss: 0.2111 - val_acc: 0.9381
Epoch 37/500
54366/54366 [==============================] - 111s 2ms/step - loss: 0.2275 - acc: 0.9390 - val_loss: 0.2251 - val_acc: 0.9349
Epoch 38/500
54366/54366 [==============================] - 110s 2ms/step - loss: 0.2191 - acc: 0.9394 - val_loss: 0.2037 - val_acc: 0.9433
Epoch 39/500
54366/54366 [==============================] - 112s 2ms/step - loss: 0.2436 - acc: 0.9382 - val_loss: 0.2045 - val_acc: 0.9431
Epoch 40/500
54366/54366 [==============================] - 111s 2ms/step - loss: 0.2095 - acc: 0.9419 - val_loss: 0.2844 - val_acc: 0.9139
Epoch 41/500
54366/54366 [==============================] - 112s 2ms/step - loss: 0.2139 - acc: 0.9433 - val_loss: 0.2072 - val_acc: 0.9434
Epoch 42/500
54366/54366 [==============================] - 113s 2ms/step - loss: 0.2097 - acc: 0.9437 - val_loss: 0.2460 - val_acc: 0.9333
Epoch 43/500
54366/54366 [==============================] - 113s 2ms/step - loss: 0.2155 - acc: 0.9432 - val_loss: 0.2166 - val_acc: 0.9400
Epoch 44/500
54366/54366 [==============================] - 112s 2ms/step - loss: 0.2164 - acc: 0.9409 - val_loss: 0.2284 - val_acc: 0.9358
Epoch 45/500
54366/54366 [==============================] - 112s 2ms/step - loss: 0.2128 - acc: 0.9428 - val_loss: 0.2973 - val_acc: 0.9243
Epoch 46/500
54366/54366 [==============================] - 112s 2ms/step - loss: 0.2140 - acc: 0.9422 - val_loss: 0.1955 - val_acc: 0.9470
Epoch 47/500
54366/54366 [==============================] - 113s 2ms/step - loss: 0.1989 - acc: 0.9461 - val_loss: 0.2773 - val_acc: 0.9189
Epoch 48/500
54366/54366 [==============================] - 111s 2ms/step - loss: 0.2113 - acc: 0.9409 - val_loss: 0.2114 - val_acc: 0.9405
Epoch 49/500
54366/54366 [==============================] - 112s 2ms/step - loss: 0.2012 - acc: 0.9428 - val_loss: 0.1932 - val_acc: 0.9449
Epoch 50/500
54366/54366 [==============================] - 112s 2ms/step - loss: 0.2074 - acc: 0.9447 - val_loss: 0.1855 - val_acc: 0.9497
Epoch 51/500
54366/54366 [==============================] - 113s 2ms/step - loss: 0.2008 - acc: 0.9426 - val_loss: 0.2078 - val_acc: 0.9376
Epoch 52/500
54366/54366 [==============================] - 111s 2ms/step - loss: 0.2070 - acc: 0.9457 - val_loss: 0.1976 - val_acc: 0.9453
Epoch 53/500
54366/54366 [==============================] - 112s 2ms/step - loss: 0.1992 - acc: 0.9454 - val_loss: 0.2296 - val_acc: 0.9343
Epoch 54/500
54366/54366 [==============================] - 113s 2ms/step - loss: 0.1966 - acc: 0.9446 - val_loss: 0.1805 - val_acc: 0.9502
Epoch 55/500
54366/54366 [==============================] - 113s 2ms/step - loss: 0.1958 - acc: 0.9433 - val_loss: 0.2396 - val_acc: 0.9344
Epoch 56/500
54366/54366 [==============================] - 111s 2ms/step - loss: 0.1968 - acc: 0.9435 - val_loss: 0.2451 - val_acc: 0.9303
Epoch 57/500
54366/54366 [==============================] - 110s 2ms/step - loss: 0.2023 - acc: 0.9439 - val_loss: 0.2651 - val_acc: 0.9287
Epoch 58/500
54366/54366 [==============================] - 112s 2ms/step - loss: 0.1951 - acc: 0.9426 - val_loss: 0.2629 - val_acc: 0.9228
Epoch 59/500
54366/54366 [==============================] - 113s 2ms/step - loss: 0.1993 - acc: 0.9446 - val_loss: 0.2577 - val_acc: 0.9221
Epoch 60/500
54366/54366 [==============================] - 112s 2ms/step - loss: 0.1875 - acc: 0.9467 - val_loss: 0.2020 - val_acc: 0.9400
Epoch 61/500
54366/54366 [==============================] - 111s 2ms/step - loss: 0.2045 - acc: 0.9389 - val_loss: 0.2074 - val_acc: 0.9379
Epoch 62/500
54366/54366 [==============================] - 113s 2ms/step - loss: 0.1949 - acc: 0.9490 - val_loss: 0.3175 - val_acc: 0.8969
Epoch 63/500
54366/54366 [==============================] - 112s 2ms/step - loss: 0.1848 - acc: 0.9470 - val_loss: 0.1838 - val_acc: 0.9475
Epoch 64/500
54366/54366 [==============================] - 113s 2ms/step - loss: 0.1891 - acc: 0.9444 - val_loss: 0.1795 - val_acc: 0.9477
Epoch 65/500
54366/54366 [==============================] - 111s 2ms/step - loss: 0.1996 - acc: 0.9443 - val_loss: 0.2653 - val_acc: 0.9219
Epoch 66/500
54366/54366 [==============================] - 112s 2ms/step - loss: 0.1885 - acc: 0.9452 - val_loss: 0.2088 - val_acc: 0.9370
Epoch 67/500
54366/54366 [==============================] - 111s 2ms/step - loss: 0.1811 - acc: 0.9482 - val_loss: 0.1745 - val_acc: 0.9496
Epoch 68/500
54366/54366 [==============================] - 114s 2ms/step - loss: 0.1848 - acc: 0.9463 - val_loss: 0.2009 - val_acc: 0.9400
Epoch 69/500
54366/54366 [==============================] - 112s 2ms/step - loss: 0.1934 - acc: 0.9496 - val_loss: 0.2841 - val_acc: 0.9120
Epoch 70/500
54366/54366 [==============================] - 113s 2ms/step - loss: 0.1843 - acc: 0.9468 - val_loss: 0.1743 - val_acc: 0.9492
Epoch 71/500
54366/54366 [==============================] - 112s 2ms/step - loss: 0.1959 - acc: 0.9458 - val_loss: 0.1917 - val_acc: 0.9436
Epoch 72/500
54366/54366 [==============================] - 112s 2ms/step - loss: 0.1763 - acc: 0.9501 - val_loss: 0.1680 - val_acc: 0.9519
Epoch 73/500
54366/54366 [==============================] - 110s 2ms/step - loss: 0.1956 - acc: 0.9456 - val_loss: 0.1900 - val_acc: 0.9461
Epoch 74/500
54366/54366 [==============================] - 110s 2ms/step - loss: 0.1776 - acc: 0.9506 - val_loss: 0.5331 - val_acc: 0.8242
Epoch 75/500
54366/54366 [==============================] - 112s 2ms/step - loss: 0.1766 - acc: 0.9466 - val_loss: 0.1868 - val_acc: 0.9434
Epoch 76/500
54366/54366 [==============================] - 111s 2ms/step - loss: 0.1841 - acc: 0.9445 - val_loss: 0.1620 - val_acc: 0.9526
Epoch 77/500
54366/54366 [==============================] - 112s 2ms/step - loss: 0.1722 - acc: 0.9465 - val_loss: 0.2024 - val_acc: 0.9369
Epoch 78/500
54366/54366 [==============================] - 112s 2ms/step - loss: 0.1718 - acc: 0.9480 - val_loss: 0.2461 - val_acc: 0.9276
Epoch 79/500
54366/54366 [==============================] - 111s 2ms/step - loss: 0.1684 - acc: 0.9480 - val_loss: 0.2062 - val_acc: 0.9372
Epoch 80/500
54366/54366 [==============================] - 112s 2ms/step - loss: 0.1818 - acc: 0.9471 - val_loss: 0.2438 - val_acc: 0.9197
Epoch 81/500
54366/54366 [==============================] - 113s 2ms/step - loss: 0.1763 - acc: 0.9477 - val_loss: 0.2078 - val_acc: 0.9369
Epoch 82/500
54366/54366 [==============================] - 113s 2ms/step - loss: 0.1705 - acc: 0.9468 - val_loss: 0.1789 - val_acc: 0.9435
Epoch 83/500
54366/54366 [==============================] - 112s 2ms/step - loss: 0.1695 - acc: 0.9489 - val_loss: 0.2125 - val_acc: 0.9344
Epoch 84/500
54366/54366 [==============================] - 112s 2ms/step - loss: 0.1624 - acc: 0.9493 - val_loss: 0.1874 - val_acc: 0.9439
Epoch 85/500
54366/54366 [==============================] - 112s 2ms/step - loss: 0.1750 - acc: 0.9447 - val_loss: 0.1789 - val_acc: 0.9418
Epoch 86/500
54366/54366 [==============================] - 112s 2ms/step - loss: 0.1780 - acc: 0.9464 - val_loss: 0.2008 - val_acc: 0.9343
Epoch 87/500
54366/54366 [==============================] - 111s 2ms/step - loss: 0.1597 - acc: 0.9516 - val_loss: 0.1685 - val_acc: 0.9490
Epoch 88/500
54366/54366 [==============================] - 111s 2ms/step - loss: 0.1720 - acc: 0.9495 - val_loss: 0.2050 - val_acc: 0.9322
Epoch 89/500
54366/54366 [==============================] - 110s 2ms/step - loss: 0.1621 - acc: 0.9498 - val_loss: 0.2201 - val_acc: 0.9368
Epoch 90/500
54366/54366 [==============================] - 110s 2ms/step - loss: 0.1648 - acc: 0.9509 - val_loss: 0.2035 - val_acc: 0.9388
Epoch 91/500
54366/54366 [==============================] - 111s 2ms/step - loss: 0.1663 - acc: 0.9505 - val_loss: 0.1569 - val_acc: 0.9549
Epoch 92/500
54366/54366 [==============================] - 110s 2ms/step - loss: 0.1605 - acc: 0.9520 - val_loss: 0.1940 - val_acc: 0.9399
Epoch 93/500
54366/54366 [==============================] - 111s 2ms/step - loss: 0.1691 - acc: 0.9496 - val_loss: 0.1967 - val_acc: 0.9407
Epoch 94/500
54366/54366 [==============================] - 71s 1ms/step - loss: 0.1550 - acc: 0.9507 - val_loss: 0.2834 - val_acc: 0.9041
Epoch 95/500
54366/54366 [==============================] - 59s 1ms/step - loss: 0.1656 - acc: 0.9505 - val_loss: 0.2134 - val_acc: 0.9320
Epoch 96/500
54366/54366 [==============================] - 59s 1ms/step - loss: 0.1587 - acc: 0.9509 - val_loss: 0.2637 - val_acc: 0.9188
Epoch 97/500
54366/54366 [==============================] - 58s 1ms/step - loss: 0.1623 - acc: 0.9498 - val_loss: 0.1628 - val_acc: 0.9510
Epoch 98/500
54366/54366 [==============================] - 60s 1ms/step - loss: 0.1525 - acc: 0.9523 - val_loss: 0.1664 - val_acc: 0.9514
Epoch 99/500
54366/54366 [==============================] - 58s 1ms/step - loss: 0.1565 - acc: 0.9525 - val_loss: 0.1580 - val_acc: 0.9512
Epoch 100/500
54366/54366 [==============================] - 59s 1ms/step - loss: 0.1589 - acc: 0.9516 - val_loss: 0.3001 - val_acc: 0.9003
Epoch 101/500
54366/54366 [==============================] - 60s 1ms/step - loss: 0.1602 - acc: 0.9517 - val_loss: 0.1832 - val_acc: 0.9471
Epoch 102/500
54366/54366 [==============================] - 59s 1ms/step - loss: 0.1545 - acc: 0.9519 - val_loss: 0.2126 - val_acc: 0.9375
Epoch 103/500
54366/54366 [==============================] - 60s 1ms/step - loss: 0.1589 - acc: 0.9516 - val_loss: 0.2016 - val_acc: 0.9381
Epoch 104/500
54366/54366 [==============================] - 59s 1ms/step - loss: 0.1528 - acc: 0.9537 - val_loss: 0.2259 - val_acc: 0.9293
Epoch 105/500
54366/54366 [==============================] - 59s 1ms/step - loss: 0.1576 - acc: 0.9506 - val_loss: 0.1718 - val_acc: 0.9482
Epoch 106/500
54366/54366 [==============================] - 59s 1ms/step - loss: 0.1568 - acc: 0.9516 - val_loss: 0.1750 - val_acc: 0.9491
Epoch 107/500
54366/54366 [==============================] - 59s 1ms/step - loss: 0.1559 - acc: 0.9524 - val_loss: 0.2173 - val_acc: 0.9316
Epoch 108/500
54366/54366 [==============================] - 61s 1ms/step - loss: 0.1452 - acc: 0.9543 - val_loss: 0.1708 - val_acc: 0.9477
Epoch 109/500
54366/54366 [==============================] - 59s 1ms/step - loss: 0.1524 - acc: 0.9535 - val_loss: 0.1954 - val_acc: 0.9444
Epoch 110/500
54366/54366 [==============================] - 59s 1ms/step - loss: 0.1535 - acc: 0.9529 - val_loss: 0.1826 - val_acc: 0.9432
Epoch 111/500
54366/54366 [==============================] - 59s 1ms/step - loss: 0.1536 - acc: 0.9526 - val_loss: 0.1633 - val_acc: 0.9499
Epoch 112/500
54366/54366 [==============================] - 59s 1ms/step - loss: 0.1638 - acc: 0.9501 - val_loss: 0.1798 - val_acc: 0.9460
Epoch 113/500
54366/54366 [==============================] - 59s 1ms/step - loss: 0.1475 - acc: 0.9533 - val_loss: 0.1985 - val_acc: 0.9407
Epoch 114/500
54366/54366 [==============================] - 59s 1ms/step - loss: 0.1466 - acc: 0.9543 - val_loss: 0.1554 - val_acc: 0.9535
Epoch 115/500
54366/54366 [==============================] - 59s 1ms/step - loss: 0.1466 - acc: 0.9557 - val_loss: 0.1877 - val_acc: 0.9428
Epoch 116/500
54366/54366 [==============================] - 58s 1ms/step - loss: 0.1526 - acc: 0.9535 - val_loss: 0.1670 - val_acc: 0.9505
Epoch 117/500
54366/54366 [==============================] - 58s 1ms/step - loss: 0.1526 - acc: 0.9513 - val_loss: 0.1710 - val_acc: 0.9487
Epoch 118/500
54366/54366 [==============================] - 58s 1ms/step - loss: 0.1469 - acc: 0.9541 - val_loss: 0.1677 - val_acc: 0.9466
Epoch 119/500
54366/54366 [==============================] - 59s 1ms/step - loss: 0.1585 - acc: 0.9531 - val_loss: 0.1626 - val_acc: 0.9481
Epoch 120/500
54366/54366 [==============================] - 60s 1ms/step - loss: 0.1528 - acc: 0.9527 - val_loss: 0.1879 - val_acc: 0.9418
Epoch 121/500
54366/54366 [==============================] - 60s 1ms/step - loss: 0.1455 - acc: 0.9540 - val_loss: 0.1569 - val_acc: 0.9522
Epoch 122/500
54366/54366 [==============================] - 60s 1ms/step - loss: 0.1495 - acc: 0.9537 - val_loss: 0.1571 - val_acc: 0.9508
Epoch 123/500
54366/54366 [==============================] - 60s 1ms/step - loss: 0.1530 - acc: 0.9528 - val_loss: 0.2041 - val_acc: 0.9334
Epoch 124/500
54366/54366 [==============================] - 59s 1ms/step - loss: 0.1441 - acc: 0.9543 - val_loss: 0.3820 - val_acc: 0.8587
Epoch 125/500
54366/54366 [==============================] - 59s 1ms/step - loss: 0.1439 - acc: 0.9532 - val_loss: 0.1678 - val_acc: 0.9470
Epoch 126/500
54366/54366 [==============================] - 59s 1ms/step - loss: 0.1479 - acc: 0.9545 - val_loss: 0.1860 - val_acc: 0.9413
Epoch 127/500
54366/54366 [==============================] - 59s 1ms/step - loss: 0.1426 - acc: 0.9538 - val_loss: 0.1405 - val_acc: 0.9572
Epoch 128/500
54366/54366 [==============================] - 60s 1ms/step - loss: 0.1448 - acc: 0.9532 - val_loss: 0.2113 - val_acc: 0.9333
Epoch 129/500
54366/54366 [==============================] - 60s 1ms/step - loss: 0.1447 - acc: 0.9518 - val_loss: 0.1499 - val_acc: 0.9524
Epoch 130/500
54366/54366 [==============================] - 59s 1ms/step - loss: 0.1398 - acc: 0.9530 - val_loss: 0.1491 - val_acc: 0.9565
Epoch 131/500
54366/54366 [==============================] - 59s 1ms/step - loss: 0.1360 - acc: 0.9540 - val_loss: 0.2011 - val_acc: 0.9375
Epoch 132/500
54366/54366 [==============================] - 60s 1ms/step - loss: 0.1433 - acc: 0.9548 - val_loss: 0.1719 - val_acc: 0.9463
Epoch 133/500
54366/54366 [==============================] - 58s 1ms/step - loss: 0.1465 - acc: 0.9546 - val_loss: 0.2677 - val_acc: 0.9148
Epoch 134/500
54366/54366 [==============================] - 58s 1ms/step - loss: 0.1485 - acc: 0.9541 - val_loss: 0.1877 - val_acc: 0.9430
Epoch 135/500
54366/54366 [==============================] - 59s 1ms/step - loss: 0.1380 - acc: 0.9546 - val_loss: 0.1601 - val_acc: 0.9482
Epoch 136/500
54366/54366 [==============================] - 59s 1ms/step - loss: 0.1369 - acc: 0.9567 - val_loss: 0.1524 - val_acc: 0.9538
Epoch 137/500
54366/54366 [==============================] - 59s 1ms/step - loss: 0.1368 - acc: 0.9556 - val_loss: 0.1487 - val_acc: 0.9539
Epoch 138/500
54366/54366 [==============================] - 60s 1ms/step - loss: 0.1490 - acc: 0.9536 - val_loss: 0.1629 - val_acc: 0.9487
Epoch 139/500
54366/54366 [==============================] - 59s 1ms/step - loss: 0.1370 - acc: 0.9559 - val_loss: 0.1704 - val_acc: 0.9482
Epoch 140/500
54366/54366 [==============================] - 59s 1ms/step - loss: 0.1356 - acc: 0.9557 - val_loss: 0.1623 - val_acc: 0.9484
Epoch 141/500
54366/54366 [==============================] - 59s 1ms/step - loss: 0.1409 - acc: 0.9549 - val_loss: 0.2002 - val_acc: 0.9354
Epoch 142/500
54366/54366 [==============================] - 59s 1ms/step - loss: 0.1389 - acc: 0.9553 - val_loss: 0.1974 - val_acc: 0.9390
Epoch 143/500
54366/54366 [==============================] - 59s 1ms/step - loss: 0.1445 - acc: 0.9545 - val_loss: 0.1667 - val_acc: 0.9492
Epoch 144/500
54366/54366 [==============================] - 58s 1ms/step - loss: 0.1324 - acc: 0.9578 - val_loss: 0.1859 - val_acc: 0.9400
Epoch 145/500
54366/54366 [==============================] - 58s 1ms/step - loss: 0.1363 - acc: 0.9557 - val_loss: 0.1797 - val_acc: 0.9432
Epoch 146/500
54366/54366 [==============================] - 59s 1ms/step - loss: 0.1416 - acc: 0.9537 - val_loss: 0.1764 - val_acc: 0.9406
Epoch 147/500
54366/54366 [==============================] - 59s 1ms/step - loss: 0.1367 - acc: 0.9544 - val_loss: 0.1792 - val_acc: 0.9479
Epoch 148/500
54366/54366 [==============================] - 59s 1ms/step - loss: 0.1351 - acc: 0.9554 - val_loss: 0.1487 - val_acc: 0.9542
Epoch 149/500
54366/54366 [==============================] - 59s 1ms/step - loss: 0.1370 - acc: 0.9561 - val_loss: 0.1556 - val_acc: 0.9488
Epoch 150/500
54366/54366 [==============================] - 58s 1ms/step - loss: 0.1296 - acc: 0.9569 - val_loss: 0.1662 - val_acc: 0.9486
Epoch 151/500
54366/54366 [==============================] - 60s 1ms/step - loss: 0.1340 - acc: 0.9541 - val_loss: 0.1620 - val_acc: 0.9512
Epoch 152/500
54366/54366 [==============================] - 59s 1ms/step - loss: 0.1324 - acc: 0.9570 - val_loss: 0.1426 - val_acc: 0.9567
Epoch 153/500
54366/54366 [==============================] - 60s 1ms/step - loss: 0.1315 - acc: 0.9563 - val_loss: 0.1658 - val_acc: 0.9425
Epoch 154/500
54366/54366 [==============================] - 59s 1ms/step - loss: 0.1300 - acc: 0.9557 - val_loss: 0.1848 - val_acc: 0.9437
Epoch 155/500
54366/54366 [==============================] - 59s 1ms/step - loss: 0.1420 - acc: 0.9547 - val_loss: 0.2963 - val_acc: 0.9023
Epoch 156/500
54366/54366 [==============================] - 59s 1ms/step - loss: 0.1319 - acc: 0.9576 - val_loss: 0.1558 - val_acc: 0.9537
Epoch 157/500
54366/54366 [==============================] - 60s 1ms/step - loss: 0.1433 - acc: 0.9550 - val_loss: 0.1562 - val_acc: 0.9518
Epoch 158/500
54366/54366 [==============================] - 59s 1ms/step - loss: 0.1301 - acc: 0.9559 - val_loss: 0.1917 - val_acc: 0.9370
Epoch 159/500
54366/54366 [==============================] - 60s 1ms/step - loss: 0.1296 - acc: 0.9554 - val_loss: 0.1944 - val_acc: 0.9396
Epoch 160/500
54366/54366 [==============================] - 59s 1ms/step - loss: 0.1401 - acc: 0.9571 - val_loss: 0.1670 - val_acc: 0.9491
Epoch 161/500
54366/54366 [==============================] - 60s 1ms/step - loss: 0.1313 - acc: 0.9572 - val_loss: 0.1621 - val_acc: 0.9474
Epoch 162/500
54366/54366 [==============================] - 59s 1ms/step - loss: 0.1286 - acc: 0.9553 - val_loss: 0.1704 - val_acc: 0.9473
Epoch 163/500
54366/54366 [==============================] - 59s 1ms/step - loss: 0.1344 - acc: 0.9567 - val_loss: 0.1417 - val_acc: 0.9585
Epoch 164/500
54366/54366 [==============================] - 60s 1ms/step - loss: 0.1406 - acc: 0.9555 - val_loss: 0.1466 - val_acc: 0.9534
Epoch 165/500
54366/54366 [==============================] - 59s 1ms/step - loss: 0.1261 - acc: 0.9571 - val_loss: 0.1406 - val_acc: 0.9562
Epoch 166/500
54366/54366 [==============================] - 59s 1ms/step - loss: 0.1289 - acc: 0.9582 - val_loss: 0.1885 - val_acc: 0.9406
Epoch 167/500
54366/54366 [==============================] - 59s 1ms/step - loss: 0.1263 - acc: 0.9571 - val_loss: 0.1609 - val_acc: 0.9490
Epoch 168/500
54366/54366 [==============================] - 58s 1ms/step - loss: 0.1286 - acc: 0.9544 - val_loss: 0.1502 - val_acc: 0.9527
Epoch 169/500
54366/54366 [==============================] - 59s 1ms/step - loss: 0.1221 - acc: 0.9590 - val_loss: 0.1613 - val_acc: 0.9491
Epoch 170/500
54366/54366 [==============================] - 60s 1ms/step - loss: 0.1295 - acc: 0.9581 - val_loss: 0.1538 - val_acc: 0.9536
Epoch 171/500
54366/54366 [==============================] - 60s 1ms/step - loss: 0.1295 - acc: 0.9573 - val_loss: 0.1506 - val_acc: 0.9534
Epoch 172/500
54366/54366 [==============================] - 60s 1ms/step - loss: 0.1375 - acc: 0.9557 - val_loss: 0.1877 - val_acc: 0.9422
Epoch 173/500
54366/54366 [==============================] - 59s 1ms/step - loss: 0.1290 - acc: 0.9553 - val_loss: 0.2761 - val_acc: 0.9024
Epoch 174/500
54366/54366 [==============================] - 59s 1ms/step - loss: 0.1346 - acc: 0.9554 - val_loss: 0.1601 - val_acc: 0.9468
Epoch 175/500
54366/54366 [==============================] - 59s 1ms/step - loss: 0.1276 - acc: 0.9578 - val_loss: 0.1457 - val_acc: 0.9528
Epoch 176/500
54366/54366 [==============================] - 60s 1ms/step - loss: 0.1245 - acc: 0.9581 - val_loss: 0.1519 - val_acc: 0.9516
Epoch 177/500
54366/54366 [==============================] - 59s 1ms/step - loss: 0.1294 - acc: 0.9567 - val_loss: 0.1870 - val_acc: 0.9384
Epoch 178/500
54366/54366 [==============================] - 60s 1ms/step - loss: 0.1267 - acc: 0.9559 - val_loss: 0.1465 - val_acc: 0.9554
Epoch 179/500
54366/54366 [==============================] - 60s 1ms/step - loss: 0.1255 - acc: 0.9575 - val_loss: 0.1740 - val_acc: 0.9423
Epoch 180/500
54366/54366 [==============================] - 106s 2ms/step - loss: 0.1220 - acc: 0.9584 - val_loss: 0.2111 - val_acc: 0.9346
Epoch 181/500
54366/54366 [==============================] - 111s 2ms/step - loss: 0.1280 - acc: 0.9571 - val_loss: 0.1804 - val_acc: 0.9461
Epoch 182/500
54366/54366 [==============================] - 112s 2ms/step - loss: 0.1229 - acc: 0.9572 - val_loss: 0.1668 - val_acc: 0.9442
Epoch 183/500
54366/54366 [==============================] - 112s 2ms/step - loss: 0.1250 - acc: 0.9570 - val_loss: 0.1428 - val_acc: 0.9555
Epoch 184/500
54366/54366 [==============================] - 113s 2ms/step - loss: 0.1272 - acc: 0.9548 - val_loss: 0.2052 - val_acc: 0.9291
Epoch 185/500
54366/54366 [==============================] - 113s 2ms/step - loss: 0.1259 - acc: 0.9581 - val_loss: 0.1390 - val_acc: 0.9576
Epoch 186/500
54366/54366 [==============================] - 110s 2ms/step - loss: 0.1248 - acc: 0.9573 - val_loss: 0.1883 - val_acc: 0.9391
Epoch 187/500
54366/54366 [==============================] - 113s 2ms/step - loss: 0.1230 - acc: 0.9590 - val_loss: 0.1554 - val_acc: 0.9491
Epoch 188/500
54366/54366 [==============================] - 112s 2ms/step - loss: 0.1219 - acc: 0.9577 - val_loss: 0.1582 - val_acc: 0.9534
Epoch 189/500
54366/54366 [==============================] - 110s 2ms/step - loss: 0.1308 - acc: 0.9575 - val_loss: 0.1513 - val_acc: 0.9522
Epoch 190/500
54366/54366 [==============================] - 111s 2ms/step - loss: 0.1214 - acc: 0.9576 - val_loss: 0.1735 - val_acc: 0.9432
Epoch 191/500
54366/54366 [==============================] - 112s 2ms/step - loss: 0.1219 - acc: 0.9568 - val_loss: 0.1580 - val_acc: 0.9500
Epoch 192/500
54366/54366 [==============================] - 113s 2ms/step - loss: 0.1169 - acc: 0.9588 - val_loss: 0.1477 - val_acc: 0.9548
Epoch 193/500
54366/54366 [==============================] - 112s 2ms/step - loss: 0.1247 - acc: 0.9575 - val_loss: 0.2068 - val_acc: 0.9368
Epoch 194/500
54366/54366 [==============================] - 113s 2ms/step - loss: 0.1185 - acc: 0.9591 - val_loss: 0.1824 - val_acc: 0.9439
Epoch 195/500
54366/54366 [==============================] - 110s 2ms/step - loss: 0.1214 - acc: 0.9578 - val_loss: 0.2025 - val_acc: 0.9385
Epoch 196/500
54366/54366 [==============================] - 112s 2ms/step - loss: 0.1169 - acc: 0.9597 - val_loss: 0.3237 - val_acc: 0.9158
Epoch 197/500
54366/54366 [==============================] - 111s 2ms/step - loss: 0.1623 - acc: 0.9518 - val_loss: 0.1794 - val_acc: 0.9465
Epoch 198/500
54366/54366 [==============================] - 112s 2ms/step - loss: 0.1184 - acc: 0.9601 - val_loss: 0.1406 - val_acc: 0.9588
Epoch 199/500
54366/54366 [==============================] - 114s 2ms/step - loss: 0.1230 - acc: 0.9569 - val_loss: 0.1518 - val_acc: 0.9511
Epoch 200/500
54366/54366 [==============================] - 112s 2ms/step - loss: 0.1246 - acc: 0.9577 - val_loss: 0.1691 - val_acc: 0.9496
Epoch 201/500
54366/54366 [==============================] - 112s 2ms/step - loss: 0.1205 - acc: 0.9590 - val_loss: 0.1694 - val_acc: 0.9458
Epoch 202/500
54366/54366 [==============================] - 111s 2ms/step - loss: 0.1181 - acc: 0.9580 - val_loss: 0.2124 - val_acc: 0.9304
Epoch 203/500
54366/54366 [==============================] - 113s 2ms/step - loss: 0.1214 - acc: 0.9572 - val_loss: 0.1413 - val_acc: 0.9550
Epoch 204/500
54366/54366 [==============================] - 113s 2ms/step - loss: 0.1179 - acc: 0.9585 - val_loss: 0.1440 - val_acc: 0.9544
Epoch 205/500
54366/54366 [==============================] - 113s 2ms/step - loss: 0.1223 - acc: 0.9574 - val_loss: 0.1581 - val_acc: 0.9519
Epoch 206/500
54366/54366 [==============================] - 113s 2ms/step - loss: 0.1191 - acc: 0.9593 - val_loss: 0.1435 - val_acc: 0.9519
Epoch 207/500
54366/54366 [==============================] - 111s 2ms/step - loss: 0.1224 - acc: 0.9588 - val_loss: 0.1962 - val_acc: 0.9355
Epoch 208/500
54366/54366 [==============================] - 113s 2ms/step - loss: 0.1218 - acc: 0.9594 - val_loss: 0.1481 - val_acc: 0.9541
Epoch 209/500
54366/54366 [==============================] - 111s 2ms/step - loss: 0.1125 - acc: 0.9613 - val_loss: 0.1493 - val_acc: 0.9509
Epoch 210/500
54366/54366 [==============================] - 112s 2ms/step - loss: 0.1174 - acc: 0.9581 - val_loss: 0.1688 - val_acc: 0.9449
Epoch 211/500
54366/54366 [==============================] - 111s 2ms/step - loss: 0.1078 - acc: 0.9615 - val_loss: 0.1851 - val_acc: 0.9449
Epoch 212/500
54366/54366 [==============================] - 111s 2ms/step - loss: 0.1159 - acc: 0.9583 - val_loss: 0.1457 - val_acc: 0.9583
Epoch 213/500
54366/54366 [==============================] - 112s 2ms/step - loss: 0.1186 - acc: 0.9599 - val_loss: 0.1614 - val_acc: 0.9476
Epoch 214/500
54366/54366 [==============================] - 111s 2ms/step - loss: 0.1104 - acc: 0.9612 - val_loss: 0.1559 - val_acc: 0.9495
Epoch 215/500
54366/54366 [==============================] - 110s 2ms/step - loss: 0.1214 - acc: 0.9585 - val_loss: 0.1552 - val_acc: 0.9513
Epoch 216/500
54366/54366 [==============================] - 112s 2ms/step - loss: 0.1222 - acc: 0.9582 - val_loss: 0.1603 - val_acc: 0.9517
Epoch 217/500
54366/54366 [==============================] - 110s 2ms/step - loss: 0.1175 - acc: 0.9596 - val_loss: 0.1362 - val_acc: 0.9578
Epoch 218/500
54366/54366 [==============================] - 111s 2ms/step - loss: 0.1196 - acc: 0.9594 - val_loss: 0.1408 - val_acc: 0.9578
Epoch 219/500
54366/54366 [==============================] - 112s 2ms/step - loss: 0.1104 - acc: 0.9598 - val_loss: 0.1605 - val_acc: 0.9492
Epoch 220/500
54366/54366 [==============================] - 111s 2ms/step - loss: 0.1148 - acc: 0.9597 - val_loss: 0.1418 - val_acc: 0.9553
Epoch 221/500
54366/54366 [==============================] - 112s 2ms/step - loss: 0.1163 - acc: 0.9576 - val_loss: 0.1402 - val_acc: 0.9561
Epoch 222/500
54366/54366 [==============================] - 112s 2ms/step - loss: 0.1185 - acc: 0.9591 - val_loss: 0.1902 - val_acc: 0.9395
Epoch 223/500
54366/54366 [==============================] - 111s 2ms/step - loss: 0.1113 - acc: 0.9600 - val_loss: 0.1398 - val_acc: 0.9570
Epoch 224/500
54366/54366 [==============================] - 111s 2ms/step - loss: 0.1229 - acc: 0.9564 - val_loss: 0.1740 - val_acc: 0.9415
Epoch 225/500
54366/54366 [==============================] - 113s 2ms/step - loss: 0.1105 - acc: 0.9609 - val_loss: 0.1519 - val_acc: 0.9512
Epoch 226/500
54366/54366 [==============================] - 112s 2ms/step - loss: 0.1136 - acc: 0.9592 - val_loss: 0.1659 - val_acc: 0.9489
Epoch 227/500
54366/54366 [==============================] - 111s 2ms/step - loss: 0.1160 - acc: 0.9595 - val_loss: 0.1632 - val_acc: 0.9479
Epoch 228/500
54366/54366 [==============================] - 112s 2ms/step - loss: 0.1073 - acc: 0.9617 - val_loss: 0.1522 - val_acc: 0.9556
Epoch 229/500
54366/54366 [==============================] - 109s 2ms/step - loss: 0.1156 - acc: 0.9582 - val_loss: 0.1534 - val_acc: 0.9508
Epoch 230/500
54366/54366 [==============================] - 111s 2ms/step - loss: 0.1112 - acc: 0.9591 - val_loss: 0.1492 - val_acc: 0.9528
Epoch 231/500
54366/54366 [==============================] - 112s 2ms/step - loss: 0.1119 - acc: 0.9603 - val_loss: 0.1479 - val_acc: 0.9529
Epoch 232/500
54366/54366 [==============================] - 112s 2ms/step - loss: 0.1104 - acc: 0.9605 - val_loss: 0.1649 - val_acc: 0.9465
Epoch 233/500
54366/54366 [==============================] - 112s 2ms/step - loss: 0.1114 - acc: 0.9587 - val_loss: 0.1734 - val_acc: 0.9472
Epoch 234/500
54366/54366 [==============================] - 112s 2ms/step - loss: 0.1068 - acc: 0.9615 - val_loss: 0.1457 - val_acc: 0.9552
Epoch 235/500
54366/54366 [==============================] - 112s 2ms/step - loss: 0.1110 - acc: 0.9600 - val_loss: 0.1935 - val_acc: 0.9425
Epoch 236/500
54366/54366 [==============================] - 111s 2ms/step - loss: 0.1228 - acc: 0.9582 - val_loss: 0.1512 - val_acc: 0.9527
Epoch 237/500
54366/54366 [==============================] - 110s 2ms/step - loss: 0.1167 - acc: 0.9615 - val_loss: 0.1703 - val_acc: 0.9479
Epoch 238/500
54366/54366 [==============================] - 113s 2ms/step - loss: 0.1121 - acc: 0.9599 - val_loss: 0.1430 - val_acc: 0.9545
Epoch 239/500
54366/54366 [==============================] - 110s 2ms/step - loss: 0.1135 - acc: 0.9599 - val_loss: 0.1448 - val_acc: 0.9547
Epoch 240/500
54366/54366 [==============================] - 111s 2ms/step - loss: 0.1241 - acc: 0.9606 - val_loss: 0.1516 - val_acc: 0.9524
Epoch 241/500
54366/54366 [==============================] - 111s 2ms/step - loss: 0.1057 - acc: 0.9614 - val_loss: 0.1764 - val_acc: 0.9427
Epoch 242/500
54366/54366 [==============================] - 114s 2ms/step - loss: 0.1153 - acc: 0.9591 - val_loss: 0.1980 - val_acc: 0.9361
Epoch 243/500
54366/54366 [==============================] - 114s 2ms/step - loss: 0.1083 - acc: 0.9622 - val_loss: 0.1503 - val_acc: 0.9534
Epoch 244/500
54366/54366 [==============================] - 112s 2ms/step - loss: 0.1053 - acc: 0.9621 - val_loss: 0.2498 - val_acc: 0.9209
Epoch 245/500
54366/54366 [==============================] - 111s 2ms/step - loss: 0.1199 - acc: 0.9582 - val_loss: 0.1700 - val_acc: 0.9448
Epoch 246/500
54366/54366 [==============================] - 110s 2ms/step - loss: 0.1093 - acc: 0.9601 - val_loss: 0.1669 - val_acc: 0.9426
Epoch 247/500
54366/54366 [==============================] - 113s 2ms/step - loss: 0.1045 - acc: 0.9606 - val_loss: 0.2689 - val_acc: 0.8975
Epoch 248/500
54366/54366 [==============================] - 113s 2ms/step - loss: 0.1081 - acc: 0.9609 - val_loss: 0.1618 - val_acc: 0.9490
Epoch 249/500
54366/54366 [==============================] - 111s 2ms/step - loss: 0.1146 - acc: 0.9607 - val_loss: 0.1449 - val_acc: 0.9546
Epoch 250/500
54366/54366 [==============================] - 113s 2ms/step - loss: 0.1057 - acc: 0.9623 - val_loss: 0.1965 - val_acc: 0.9355
Epoch 251/500
54366/54366 [==============================] - 114s 2ms/step - loss: 0.1137 - acc: 0.9598 - val_loss: 0.1692 - val_acc: 0.9443
Epoch 252/500
54366/54366 [==============================] - 112s 2ms/step - loss: 0.1084 - acc: 0.9595 - val_loss: 0.1661 - val_acc: 0.9477
Epoch 253/500
54366/54366 [==============================] - 111s 2ms/step - loss: 0.1208 - acc: 0.9585 - val_loss: 0.1900 - val_acc: 0.9397
Epoch 254/500
54366/54366 [==============================] - 112s 2ms/step - loss: 0.1079 - acc: 0.9612 - val_loss: 0.1645 - val_acc: 0.9494
Epoch 255/500
54366/54366 [==============================] - 113s 2ms/step - loss: 0.1064 - acc: 0.9619 - val_loss: 0.1533 - val_acc: 0.9505
Epoch 256/500
54366/54366 [==============================] - 110s 2ms/step - loss: 0.1032 - acc: 0.9611 - val_loss: 0.1462 - val_acc: 0.9535
Epoch 257/500
54366/54366 [==============================] - 112s 2ms/step - loss: 0.1035 - acc: 0.9620 - val_loss: 0.1601 - val_acc: 0.9480
Epoch 258/500
54366/54366 [==============================] - 113s 2ms/step - loss: 0.1100 - acc: 0.9615 - val_loss: 0.1520 - val_acc: 0.9565
Epoch 259/500
54366/54366 [==============================] - 112s 2ms/step - loss: 0.1134 - acc: 0.9608 - val_loss: 0.1498 - val_acc: 0.9544
Epoch 260/500
54366/54366 [==============================] - 111s 2ms/step - loss: 0.1129 - acc: 0.9593 - val_loss: 0.1531 - val_acc: 0.9556
Epoch 261/500
54366/54366 [==============================] - 111s 2ms/step - loss: 0.1054 - acc: 0.9625 - val_loss: 0.1598 - val_acc: 0.9479
Epoch 262/500
54366/54366 [==============================] - 111s 2ms/step - loss: 0.1051 - acc: 0.9609 - val_loss: 0.1494 - val_acc: 0.9549
Epoch 263/500
54366/54366 [==============================] - 112s 2ms/step - loss: 0.1013 - acc: 0.9632 - val_loss: 0.2448 - val_acc: 0.9246
Epoch 264/500
54366/54366 [==============================] - 111s 2ms/step - loss: 0.1034 - acc: 0.9602 - val_loss: 0.1465 - val_acc: 0.9546
Epoch 265/500
54366/54366 [==============================] - 112s 2ms/step - loss: 0.1048 - acc: 0.9624 - val_loss: 0.1733 - val_acc: 0.9410
Epoch 266/500
54366/54366 [==============================] - 112s 2ms/step - loss: 0.1043 - acc: 0.9608 - val_loss: 0.1455 - val_acc: 0.9552
Epoch 267/500
54366/54366 [==============================] - 110s 2ms/step - loss: 0.1026 - acc: 0.9631 - val_loss: 0.1525 - val_acc: 0.9539
Epoch 268/500
54366/54366 [==============================] - 112s 2ms/step - loss: 0.1058 - acc: 0.9612 - val_loss: 0.1464 - val_acc: 0.9554
Epoch 269/500
54366/54366 [==============================] - 111s 2ms/step - loss: 0.1314 - acc: 0.9561 - val_loss: 0.1600 - val_acc: 0.9482
Epoch 270/500
54366/54366 [==============================] - 112s 2ms/step - loss: 0.1161 - acc: 0.9603 - val_loss: 0.1883 - val_acc: 0.9381
Epoch 271/500
54366/54366 [==============================] - 112s 2ms/step - loss: 0.1043 - acc: 0.9622 - val_loss: 0.1584 - val_acc: 0.9508
Epoch 272/500
54366/54366 [==============================] - 111s 2ms/step - loss: 0.1067 - acc: 0.9619 - val_loss: 0.1406 - val_acc: 0.9575
Epoch 273/500
54366/54366 [==============================] - 113s 2ms/step - loss: 0.1043 - acc: 0.9624 - val_loss: 0.1555 - val_acc: 0.9534
Epoch 274/500
54366/54366 [==============================] - 111s 2ms/step - loss: 0.0986 - acc: 0.9640 - val_loss: 0.1555 - val_acc: 0.9502
Epoch 275/500
54366/54366 [==============================] - 113s 2ms/step - loss: 0.1162 - acc: 0.9607 - val_loss: 0.1535 - val_acc: 0.9526
Epoch 276/500
54366/54366 [==============================] - 112s 2ms/step - loss: 0.1069 - acc: 0.9603 - val_loss: 0.1402 - val_acc: 0.9568
Epoch 277/500
54366/54366 [==============================] - 112s 2ms/step - loss: 0.1079 - acc: 0.9629 - val_loss: 0.2099 - val_acc: 0.9341
Epoch 278/500
54366/54366 [==============================] - 112s 2ms/step - loss: 0.1091 - acc: 0.9610 - val_loss: 0.1475 - val_acc: 0.9566
Epoch 279/500
54366/54366 [==============================] - 113s 2ms/step - loss: 0.1066 - acc: 0.9613 - val_loss: 0.1491 - val_acc: 0.9527
Epoch 280/500
54366/54366 [==============================] - 112s 2ms/step - loss: 0.0985 - acc: 0.9634 - val_loss: 0.1491 - val_acc: 0.9539
Epoch 281/500
54366/54366 [==============================] - 112s 2ms/step - loss: 0.1082 - acc: 0.9615 - val_loss: 0.1600 - val_acc: 0.9507
Epoch 282/500
54366/54366 [==============================] - 111s 2ms/step - loss: 0.1030 - acc: 0.9623 - val_loss: 0.2264 - val_acc: 0.9320
Epoch 283/500
54366/54366 [==============================] - 113s 2ms/step - loss: 0.1063 - acc: 0.9603 - val_loss: 0.1578 - val_acc: 0.9513
Epoch 284/500
54366/54366 [==============================] - 113s 2ms/step - loss: 0.0977 - acc: 0.9640 - val_loss: 0.1332 - val_acc: 0.9602
Epoch 285/500
54366/54366 [==============================] - 111s 2ms/step - loss: 0.1058 - acc: 0.9619 - val_loss: 0.1729 - val_acc: 0.9482
Epoch 286/500
54366/54366 [==============================] - 112s 2ms/step - loss: 0.1001 - acc: 0.9632 - val_loss: 0.1816 - val_acc: 0.9426
Epoch 287/500
54366/54366 [==============================] - 112s 2ms/step - loss: 0.1015 - acc: 0.9630 - val_loss: 0.1668 - val_acc: 0.9508
Epoch 288/500
54366/54366 [==============================] - 111s 2ms/step - loss: 0.0966 - acc: 0.9634 - val_loss: 0.1479 - val_acc: 0.9580
Epoch 289/500
54366/54366 [==============================] - 112s 2ms/step - loss: 0.1229 - acc: 0.9566 - val_loss: 0.1417 - val_acc: 0.9553
Epoch 290/500
54366/54366 [==============================] - 112s 2ms/step - loss: 0.0978 - acc: 0.9643 - val_loss: 0.1411 - val_acc: 0.9566
Epoch 291/500
54366/54366 [==============================] - 112s 2ms/step - loss: 0.1061 - acc: 0.9613 - val_loss: 0.1495 - val_acc: 0.9554
Epoch 292/500
54366/54366 [==============================] - 112s 2ms/step - loss: 0.0961 - acc: 0.9638 - val_loss: 0.1501 - val_acc: 0.9530
Epoch 293/500
54366/54366 [==============================] - 111s 2ms/step - loss: 0.1014 - acc: 0.9623 - val_loss: 0.1674 - val_acc: 0.9458
Epoch 294/500
54366/54366 [==============================] - 111s 2ms/step - loss: 0.0954 - acc: 0.9649 - val_loss: 0.1833 - val_acc: 0.9407
Epoch 295/500
54366/54366 [==============================] - 112s 2ms/step - loss: 0.0946 - acc: 0.9646 - val_loss: 0.1372 - val_acc: 0.9579
Epoch 296/500
54366/54366 [==============================] - 111s 2ms/step - loss: 0.1030 - acc: 0.9607 - val_loss: 0.1489 - val_acc: 0.9556
Epoch 297/500
54366/54366 [==============================] - 112s 2ms/step - loss: 0.1092 - acc: 0.9629 - val_loss: 0.1895 - val_acc: 0.9431
Epoch 298/500
54366/54366 [==============================] - 113s 2ms/step - loss: 0.0996 - acc: 0.9641 - val_loss: 0.1934 - val_acc: 0.9390
Epoch 299/500
54366/54366 [==============================] - 111s 2ms/step - loss: 0.0938 - acc: 0.9646 - val_loss: 0.1486 - val_acc: 0.9528
Epoch 300/500
54366/54366 [==============================] - 112s 2ms/step - loss: 0.1071 - acc: 0.9624 - val_loss: 0.1540 - val_acc: 0.9540
Epoch 301/500
54366/54366 [==============================] - 112s 2ms/step - loss: 0.0947 - acc: 0.9639 - val_loss: 0.1422 - val_acc: 0.9578
Epoch 302/500
54366/54366 [==============================] - 112s 2ms/step - loss: 0.0942 - acc: 0.9637 - val_loss: 0.1584 - val_acc: 0.9545
Epoch 303/500
54366/54366 [==============================] - 112s 2ms/step - loss: 0.1102 - acc: 0.9606 - val_loss: 0.1457 - val_acc: 0.9550
Epoch 304/500
54366/54366 [==============================] - 111s 2ms/step - loss: 0.0936 - acc: 0.9645 - val_loss: 0.1612 - val_acc: 0.9498
Epoch 305/500
54366/54366 [==============================] - 112s 2ms/step - loss: 0.1082 - acc: 0.9634 - val_loss: 0.1453 - val_acc: 0.9552
Epoch 306/500
54366/54366 [==============================] - 112s 2ms/step - loss: 0.0911 - acc: 0.9656 - val_loss: 0.1483 - val_acc: 0.9525
Epoch 307/500
54366/54366 [==============================] - 111s 2ms/step - loss: 0.0949 - acc: 0.9649 - val_loss: 0.1462 - val_acc: 0.9559
Epoch 308/500
54366/54366 [==============================] - 112s 2ms/step - loss: 0.0950 - acc: 0.9644 - val_loss: 0.1451 - val_acc: 0.9543
Epoch 309/500
54366/54366 [==============================] - 113s 2ms/step - loss: 0.1031 - acc: 0.9628 - val_loss: 0.1553 - val_acc: 0.9532
Epoch 310/500
54366/54366 [==============================] - 111s 2ms/step - loss: 0.0946 - acc: 0.9652 - val_loss: 0.1983 - val_acc: 0.9326
Epoch 311/500
54366/54366 [==============================] - 112s 2ms/step - loss: 0.0948 - acc: 0.9634 - val_loss: 0.1358 - val_acc: 0.9596
Epoch 312/500
54366/54366 [==============================] - 111s 2ms/step - loss: 0.0951 - acc: 0.9653 - val_loss: 0.1631 - val_acc: 0.9502
Epoch 313/500
54366/54366 [==============================] - 111s 2ms/step - loss: 0.0956 - acc: 0.9633 - val_loss: 0.1530 - val_acc: 0.9542
Epoch 314/500
54366/54366 [==============================] - 112s 2ms/step - loss: 0.1024 - acc: 0.9646 - val_loss: 0.1443 - val_acc: 0.9559
Epoch 315/500
54366/54366 [==============================] - 112s 2ms/step - loss: 0.0993 - acc: 0.9639 - val_loss: 0.1501 - val_acc: 0.9540
Epoch 316/500
54366/54366 [==============================] - 112s 2ms/step - loss: 0.0901 - acc: 0.9646 - val_loss: 0.1410 - val_acc: 0.9561
Epoch 317/500
54366/54366 [==============================] - 110s 2ms/step - loss: 0.0914 - acc: 0.9653 - val_loss: 0.1541 - val_acc: 0.9504
Epoch 318/500
54366/54366 [==============================] - 112s 2ms/step - loss: 0.0952 - acc: 0.9631 - val_loss: 0.1660 - val_acc: 0.9459
Epoch 319/500
54366/54366 [==============================] - 113s 2ms/step - loss: 0.1016 - acc: 0.9639 - val_loss: 0.1593 - val_acc: 0.9487
Epoch 320/500
54366/54366 [==============================] - 111s 2ms/step - loss: 0.0938 - acc: 0.9651 - val_loss: 0.1440 - val_acc: 0.9551
Epoch 321/500
54366/54366 [==============================] - 111s 2ms/step - loss: 0.0895 - acc: 0.9662 - val_loss: 0.1566 - val_acc: 0.9507
Epoch 322/500
54366/54366 [==============================] - 111s 2ms/step - loss: 0.0975 - acc: 0.9647 - val_loss: 0.1814 - val_acc: 0.9421
Epoch 323/500
54366/54366 [==============================] - 112s 2ms/step - loss: 0.0924 - acc: 0.9647 - val_loss: 0.1389 - val_acc: 0.9604
Epoch 324/500
54366/54366 [==============================] - 111s 2ms/step - loss: 0.0956 - acc: 0.9639 - val_loss: 0.1503 - val_acc: 0.9521
Epoch 325/500
54366/54366 [==============================] - 114s 2ms/step - loss: 0.1084 - acc: 0.9621 - val_loss: 0.1634 - val_acc: 0.9528
Epoch 326/500
54366/54366 [==============================] - 111s 2ms/step - loss: 0.1048 - acc: 0.9617 - val_loss: 0.1402 - val_acc: 0.9583
Epoch 327/500
54366/54366 [==============================] - 111s 2ms/step - loss: 0.0885 - acc: 0.9645 - val_loss: 0.1661 - val_acc: 0.9485
Epoch 328/500
54366/54366 [==============================] - 112s 2ms/step - loss: 0.0949 - acc: 0.9645 - val_loss: 0.1702 - val_acc: 0.9440
Epoch 329/500
54366/54366 [==============================] - 111s 2ms/step - loss: 0.0955 - acc: 0.9649 - val_loss: 0.1701 - val_acc: 0.9470
Epoch 330/500
54366/54366 [==============================] - 112s 2ms/step - loss: 0.0908 - acc: 0.9651 - val_loss: 0.1817 - val_acc: 0.9428
Epoch 331/500
54366/54366 [==============================] - 112s 2ms/step - loss: 0.0958 - acc: 0.9642 - val_loss: 0.1492 - val_acc: 0.9551
Epoch 332/500
54366/54366 [==============================] - 111s 2ms/step - loss: 0.0899 - acc: 0.9669 - val_loss: 0.1493 - val_acc: 0.9540
Epoch 333/500
54366/54366 [==============================] - 112s 2ms/step - loss: 0.0963 - acc: 0.9646 - val_loss: 0.1528 - val_acc: 0.9513
Epoch 334/500
54366/54366 [==============================] - 112s 2ms/step - loss: 0.1006 - acc: 0.9636 - val_loss: 0.1470 - val_acc: 0.9537
Epoch 335/500
54366/54366 [==============================] - 112s 2ms/step - loss: 0.0948 - acc: 0.9648 - val_loss: 0.1393 - val_acc: 0.9551
Epoch 336/500
54366/54366 [==============================] - 111s 2ms/step - loss: 0.0934 - acc: 0.9662 - val_loss: 0.1425 - val_acc: 0.9591
Epoch 337/500
54366/54366 [==============================] - 112s 2ms/step - loss: 0.0981 - acc: 0.9634 - val_loss: 0.1755 - val_acc: 0.9417
Epoch 338/500
54366/54366 [==============================] - 112s 2ms/step - loss: 0.1001 - acc: 0.9643 - val_loss: 0.1512 - val_acc: 0.9544
Epoch 339/500
54366/54366 [==============================] - 112s 2ms/step - loss: 0.0897 - acc: 0.9664 - val_loss: 0.1505 - val_acc: 0.9535
Epoch 340/500
54366/54366 [==============================] - 111s 2ms/step - loss: 0.0967 - acc: 0.9630 - val_loss: 0.1592 - val_acc: 0.9507
Epoch 341/500
54366/54366 [==============================] - 112s 2ms/step - loss: 0.0929 - acc: 0.9650 - val_loss: 0.1499 - val_acc: 0.9546
Epoch 342/500
54366/54366 [==============================] - 111s 2ms/step - loss: 0.0873 - acc: 0.9665 - val_loss: 0.1598 - val_acc: 0.9512
Epoch 343/500
54366/54366 [==============================] - 109s 2ms/step - loss: 0.0864 - acc: 0.9666 - val_loss: 0.2070 - val_acc: 0.9376
Epoch 344/500
54366/54366 [==============================] - 113s 2ms/step - loss: 0.0934 - acc: 0.9626 - val_loss: 0.1546 - val_acc: 0.9514
Epoch 345/500
54366/54366 [==============================] - 112s 2ms/step - loss: 0.0882 - acc: 0.9668 - val_loss: 0.1434 - val_acc: 0.9556
Epoch 346/500
54366/54366 [==============================] - 113s 2ms/step - loss: 0.0945 - acc: 0.9651 - val_loss: 0.2981 - val_acc: 0.9035
Epoch 347/500
54366/54366 [==============================] - 111s 2ms/step - loss: 0.0871 - acc: 0.9628 - val_loss: 0.1493 - val_acc: 0.9559
Epoch 348/500
54366/54366 [==============================] - 111s 2ms/step - loss: 0.0880 - acc: 0.9669 - val_loss: 0.1544 - val_acc: 0.9518
Epoch 349/500
54366/54366 [==============================] - 112s 2ms/step - loss: 0.0940 - acc: 0.9659 - val_loss: 0.1458 - val_acc: 0.9553
Epoch 350/500
54366/54366 [==============================] - 110s 2ms/step - loss: 0.0914 - acc: 0.9649 - val_loss: 0.1657 - val_acc: 0.9529
Epoch 351/500
54366/54366 [==============================] - 112s 2ms/step - loss: 0.0967 - acc: 0.9654 - val_loss: 0.1438 - val_acc: 0.9557
Epoch 352/500
54366/54366 [==============================] - 111s 2ms/step - loss: 0.0927 - acc: 0.9659 - val_loss: 0.1578 - val_acc: 0.9535
Epoch 353/500
54366/54366 [==============================] - 113s 2ms/step - loss: 0.0838 - acc: 0.9666 - val_loss: 0.1514 - val_acc: 0.9538
Epoch 354/500
54366/54366 [==============================] - 111s 2ms/step - loss: 0.0865 - acc: 0.9658 - val_loss: 0.1885 - val_acc: 0.9408
Epoch 355/500
54366/54366 [==============================] - 112s 2ms/step - loss: 0.0970 - acc: 0.9642 - val_loss: 0.1830 - val_acc: 0.9434
Epoch 356/500
54366/54366 [==============================] - 111s 2ms/step - loss: 0.0949 - acc: 0.9665 - val_loss: 0.1532 - val_acc: 0.9522
Epoch 357/500
54366/54366 [==============================] - 111s 2ms/step - loss: 0.0869 - acc: 0.9667 - val_loss: 0.1559 - val_acc: 0.9518
Epoch 358/500
54366/54366 [==============================] - 111s 2ms/step - loss: 0.0888 - acc: 0.9674 - val_loss: 0.1688 - val_acc: 0.9455
Epoch 359/500
54366/54366 [==============================] - 112s 2ms/step - loss: 0.0970 - acc: 0.9615 - val_loss: 0.1413 - val_acc: 0.9574
Epoch 360/500
54366/54366 [==============================] - 112s 2ms/step - loss: 0.0814 - acc: 0.9680 - val_loss: 0.1442 - val_acc: 0.9580
Epoch 361/500
54366/54366 [==============================] - 111s 2ms/step - loss: 0.0845 - acc: 0.9674 - val_loss: 0.1451 - val_acc: 0.9589
Epoch 362/500
54366/54366 [==============================] - 112s 2ms/step - loss: 0.0996 - acc: 0.9635 - val_loss: 0.1467 - val_acc: 0.9565
Epoch 363/500
54366/54366 [==============================] - 110s 2ms/step - loss: 0.0863 - acc: 0.9674 - val_loss: 0.1779 - val_acc: 0.9456
Epoch 364/500
54366/54366 [==============================] - 113s 2ms/step - loss: 0.0931 - acc: 0.9664 - val_loss: 0.2212 - val_acc: 0.9286
Epoch 365/500
54366/54366 [==============================] - 111s 2ms/step - loss: 0.0887 - acc: 0.9645 - val_loss: 0.1359 - val_acc: 0.9583
Epoch 366/500
54366/54366 [==============================] - 112s 2ms/step - loss: 0.0850 - acc: 0.9667 - val_loss: 0.1515 - val_acc: 0.9517
Epoch 367/500
54366/54366 [==============================] - 112s 2ms/step - loss: 0.0899 - acc: 0.9653 - val_loss: 0.2381 - val_acc: 0.9237
Epoch 368/500
54366/54366 [==============================] - 111s 2ms/step - loss: 0.0865 - acc: 0.9654 - val_loss: 0.1549 - val_acc: 0.9516
Epoch 369/500
54366/54366 [==============================] - 111s 2ms/step - loss: 0.0848 - acc: 0.9669 - val_loss: 0.1583 - val_acc: 0.9506
Epoch 370/500
54366/54366 [==============================] - 113s 2ms/step - loss: 0.0898 - acc: 0.9645 - val_loss: 0.1397 - val_acc: 0.9598
Epoch 371/500
54366/54366 [==============================] - 111s 2ms/step - loss: 0.0836 - acc: 0.9666 - val_loss: 0.1551 - val_acc: 0.9522
Epoch 372/500
54366/54366 [==============================] - 114s 2ms/step - loss: 0.0860 - acc: 0.9672 - val_loss: 0.1449 - val_acc: 0.9602
Epoch 373/500
54366/54366 [==============================] - 111s 2ms/step - loss: 0.0861 - acc: 0.9656 - val_loss: 0.1426 - val_acc: 0.9570
Epoch 374/500
54366/54366 [==============================] - 111s 2ms/step - loss: 0.0878 - acc: 0.9677 - val_loss: 0.1384 - val_acc: 0.9587
Epoch 375/500
54366/54366 [==============================] - 111s 2ms/step - loss: 0.0837 - acc: 0.9677 - val_loss: 0.1728 - val_acc: 0.9543
Epoch 376/500
54366/54366 [==============================] - 111s 2ms/step - loss: 0.0870 - acc: 0.9673 - val_loss: 0.1610 - val_acc: 0.9540
Epoch 377/500
54366/54366 [==============================] - 110s 2ms/step - loss: 0.0887 - acc: 0.9670 - val_loss: 0.1612 - val_acc: 0.9506
Epoch 378/500
54366/54366 [==============================] - 110s 2ms/step - loss: 0.1092 - acc: 0.9643 - val_loss: 0.1438 - val_acc: 0.9570
Epoch 379/500
54366/54366 [==============================] - 110s 2ms/step - loss: 0.0840 - acc: 0.9680 - val_loss: 0.1936 - val_acc: 0.9433
Epoch 380/500
54366/54366 [==============================] - 112s 2ms/step - loss: 0.0871 - acc: 0.9666 - val_loss: 0.1534 - val_acc: 0.9535
Epoch 381/500
54366/54366 [==============================] - 110s 2ms/step - loss: 0.0818 - acc: 0.9683 - val_loss: 0.1484 - val_acc: 0.9546
Epoch 382/500
54366/54366 [==============================] - 112s 2ms/step - loss: 0.0842 - acc: 0.9693 - val_loss: 0.1466 - val_acc: 0.9558
Epoch 383/500
54366/54366 [==============================] - 111s 2ms/step - loss: 0.0791 - acc: 0.9692 - val_loss: 0.1463 - val_acc: 0.9561
Epoch 384/500
54366/54366 [==============================] - 112s 2ms/step - loss: 0.0829 - acc: 0.9674 - val_loss: 0.1605 - val_acc: 0.9551
              precision    recall  f1-score   support

       GCRIM   0.955512  0.951931  0.953718      6137
         E11   0.958738  0.948379  0.953530      1666
       GVOTE   0.935289  0.942308  0.938785      2132
        GHEA   0.864534  0.939673  0.900539       978
        GREL   0.849673  0.917647  0.882353       425
        GSPO   0.993722  0.979953  0.986789      6784

    accuracy                       0.959497     18122
   macro avg   0.926245  0.946648  0.935952     18122
weighted avg   0.960341  0.959497  0.959781     18122
