Running Naive Bayes experiments
Prior class probabilities are ...
Topic Code: GCRIM, Probability: 0.3294559099437148
Topic Code: E11, Probability: 0.09139167862266857
Topic Code: GVOTE, Probability: 0.11830923739101644
Topic Code: GHEA, Probability: 0.054044807416399956
Topic Code: GREL, Probability: 0.02504138616046794
Topic Code: GSPO, Probability: 0.38175698046573225

Size of test set is 18122

--------- PROPORTIONAL TRAINING SET SIZE 120 ---------
                        precision    recall  f1-score   support

CRIME, LAW ENFORCEMENT   0.790248  0.979795  0.874873      6137
  ECONOMIC PERFORMANCE   0.965400  0.854142  0.906369      1666
             ELECTIONS   0.856168  0.823640  0.839589      2132
                HEALTH   0.886121  0.509202  0.646753       978
              RELIGION   0.846154  0.077647  0.142241       425
                SPORTS   0.998121  0.939711  0.968036      6784

              accuracy                       0.888313     18122
             macro avg   0.890369  0.697356  0.729644     18122
          weighted avg   0.898408  0.888313  0.879000     18122

[[6013    8   73   34    4    5]
 [ 117 1423  121    1    0    4]
 [ 351   23 1756    1    0    1]
 [ 419   17   44  498    0    0]
 [ 320    1   48   21   33    2]
 [ 389    2    9    7    2 6375]]

--------- PROPORTIONAL TRAINING SET SIZE 1200 ---------
                        precision    recall  f1-score   support

CRIME, LAW ENFORCEMENT   0.868902  0.975232  0.919002      6137
  ECONOMIC PERFORMANCE   0.944778  0.944778  0.944778      1666
             ELECTIONS   0.869353  0.920732  0.894305      2132
                HEALTH   0.956592  0.608384  0.743750       978
              RELIGION   0.990909  0.256471  0.407477       425
                SPORTS   0.997112  0.966834  0.981739      6784

              accuracy                       0.926222     18122
             macro avg   0.937941  0.778738  0.815175     18122
          weighted avg   0.931520  0.926222  0.920498     18122

[[5985   29   99    8    0   16]
 [  33 1574   59    0    0    0]
 [ 125   43 1963    0    0    1]
 [ 321   19   42  595    0    1]
 [ 214    0   86   15  109    1]
 [ 210    1    9    4    1 6559]]

--------- PROPORTIONAL TRAINING SET SIZE 12000 ---------
                        precision    recall  f1-score   support

CRIME, LAW ENFORCEMENT   0.927352  0.965130  0.945864      6137
  ECONOMIC PERFORMANCE   0.948626  0.953181  0.950898      1666
             ELECTIONS   0.877773  0.946529  0.910855      2132
                HEALTH   0.955659  0.837423  0.892643       978
              RELIGION   0.972028  0.654118  0.781997       425
                SPORTS   0.997432  0.973172  0.985153      6784

              accuracy                       0.950668     18122
             macro avg   0.946478  0.888259  0.911235     18122
          weighted avg   0.952285  0.950668  0.950201     18122

[[5923   26  140   26    6   16]
 [  22 1588   56    0    0    0]
 [  64   48 2018    2    0    0]
 [ 114   10   33  819    1    1]
 [ 103    0   42    2  278    0]
 [ 161    2   10    8    1 6602]]

--------- PROPORTIONAL TRAINING SET SIZE 60000 ---------
                        precision    recall  f1-score   support

CRIME, LAW ENFORCEMENT   0.951216  0.949976  0.950595      6137
  ECONOMIC PERFORMANCE   0.938012  0.962785  0.950237      1666
             ELECTIONS   0.892260  0.951689  0.921017      2132
                HEALTH   0.917526  0.910020  0.913758       978
              RELIGION   0.874408  0.868235  0.871311       425
                SPORTS   0.997733  0.973172  0.985300      6784

              accuracy                       0.955965     18122
             macro avg   0.928526  0.935980  0.932036     18122
          weighted avg   0.956860  0.955965  0.956227     18122

[[5830   42  151   58   41   15]
 [  18 1604   42    1    1    0]
 [  42   54 2029    4    3    0]
 [  56    9   20  890    3    0]
 [  36    0   16    4  369    0]
 [ 147    1   16   13    5 6602]]

--------- BALANCED TRAINING SET SIZE 12 ---------
                        precision    recall  f1-score   support

CRIME, LAW ENFORCEMENT   0.886550  0.404921  0.555928      6137
  ECONOMIC PERFORMANCE   0.424747  0.780912  0.550222      1666
             ELECTIONS   0.531264  0.537992  0.534607      2132
                HEALTH   0.242913  0.630879  0.350767       978
              RELIGION   0.111451  0.428235  0.176871       425
                SPORTS   0.967927  0.845224  0.902424      6784

              accuracy                       0.632712     18122
             macro avg   0.527476  0.604694  0.511803     18122
          weighted avg   0.779847  0.632712  0.662645     18122

[[2485  646  585 1359  942  120]
 [  10 1301  234   67   21   33]
 [  34  686 1147   71  177   17]
 [  41  145   90  617   71   14]
 [  13   46   23  155  182    6]
 [ 220  239   80  271  240 5734]]

--------- BALANCED TRAINING SET SIZE 60 ---------
                        precision    recall  f1-score   support

CRIME, LAW ENFORCEMENT   0.930869  0.664820  0.775665      6137
  ECONOMIC PERFORMANCE   0.730769  0.957983  0.829091      1666
             ELECTIONS   0.710848  0.900563  0.794538      2132
                HEALTH   0.513836  0.835378  0.636293       978
              RELIGION   0.264608  0.745882  0.390635       425
                SPORTS   0.996538  0.891067  0.940856      6784

              accuracy                       0.815307     18122
             macro avg   0.691245  0.832616  0.727846     18122
          weighted avg   0.873040  0.815307  0.828085     18122

[[4080  333  550  591  567   16]
 [  12 1596   35   13    8    2]
 [  19  114 1920    9   69    1]
 [  37   52   33  817   39    0]
 [  27    2   31   46  317    2]
 [ 208   87  132  114  198 6045]]

--------- BALANCED TRAINING SET SIZE 120 ---------
                        precision    recall  f1-score   support

CRIME, LAW ENFORCEMENT   0.932690  0.772201  0.844892      6137
  ECONOMIC PERFORMANCE   0.768501  0.972389  0.858506      1666
             ELECTIONS   0.749323  0.908537  0.821285      2132
                HEALTH   0.626638  0.880368  0.732143       978
              RELIGION   0.431515  0.837647  0.569600       425
                SPORTS   0.999024  0.905513  0.949973      6784

              accuracy                       0.863922     18122
             macro avg   0.751282  0.879443  0.796066     18122
          weighted avg   0.892585  0.863922  0.870162     18122

[[4739  280  408  417  288    5]
 [   5 1620   29    4    8    0]
 [  44  110 1937    7   33    1]
 [  24   35   33  861   25    0]
 [  25   10   24   10  356    0]
 [ 244   53  154   75  115 6143]]

--------- BALANCED TRAINING SET SIZE 600 ---------
                        precision    recall  f1-score   support

CRIME, LAW ENFORCEMENT   0.952211  0.824670  0.883863      6137
  ECONOMIC PERFORMANCE   0.871405  0.963986  0.915361      1666
             ELECTIONS   0.792095  0.939962  0.859717      2132
                HEALTH   0.734350  0.935583  0.822842       978
              RELIGION   0.505837  0.917647  0.652174       425
                SPORTS   0.998753  0.944723  0.970987      6784

              accuracy                       0.904150     18122
             macro avg   0.809108  0.921095  0.850824     18122
          weighted avg   0.921142  0.904150  0.907806     18122

[[5061  148  367  264  290    7]
 [   3 1606   43    7    7    0]
 [  34   66 2004    9   18    1]
 [  13   13   14  915   23    0]
 [  18    2   11    4  390    0]
 [ 186    8   91   47   43 6409]]

--------- BALANCED TRAINING SET SIZE 1200 ---------
                        precision    recall  f1-score   support

CRIME, LAW ENFORCEMENT   0.952792  0.845201  0.895778      6137
  ECONOMIC PERFORMANCE   0.908678  0.961585  0.934383      1666
             ELECTIONS   0.813566  0.939493  0.872007      2132
                HEALTH   0.806167  0.935583  0.866067       978
              RELIGION   0.450624  0.934118  0.607963       425
                SPORTS   0.998913  0.947818  0.972695      6784

              accuracy                       0.912372     18122
             macro avg   0.821790  0.927300  0.858149     18122
          weighted avg   0.929932  0.912372  0.916971     18122

[[5187   82  324  170  367    7]
 [   4 1602   46    4   10    0]
 [  19   60 2003    7   43    0]
 [  17   11   13  915   22    0]
 [  14    1    9    4  397    0]
 [ 203    7   67   35   42 6430]]

--------- BALANCED TRAINING SET SIZE 6000 ---------
                        precision    recall  f1-score   support

CRIME, LAW ENFORCEMENT   0.960881  0.888545  0.923298      6137
  ECONOMIC PERFORMANCE   0.920161  0.961585  0.940417      1666
             ELECTIONS   0.857689  0.946998  0.900134      2132
                HEALTH   0.867619  0.931493  0.898422       978
              RELIGION   0.551913  0.950588  0.698358       425
                SPORTS   0.997869  0.966392  0.981878      6784

              accuracy                       0.935051     18122
             macro avg   0.859355  0.940933  0.890418     18122
          weighted avg   0.944220  0.935051  0.937458     18122

[[5453   66  242  107  255   14]
 [   7 1602   49    3    5    0]
 [  24   60 2019    6   23    0]
 [  20    8   16  911   23    0]
 [  11    1    7    2  404    0]
 [ 160    4   21   21   22 6556]]

