Using TensorFlow backend.
Number of training examples: 54366
Minimum length of article in words: 3
Maximum length of article in words: 2449
Mean length of article in words: 109.2608
St dev of length of article in words: 76.6736
Percentage of articles exceeding max sequence length limit: 0.5776%
WARNING:tensorflow:From /home/dsc38/topic-classification-with-kbs/env/lib/python3.6/site-packages/tensorflow/python/framework/op_def_library.py:263: colocate_with (from tensorflow.python.framework.ops) is deprecated and will be removed in a future version.
Instructions for updating:
Colocations handled automatically by placer.
2019-07-29 08:52:48.029548: I tensorflow/core/platform/cpu_feature_guard.cc:141] Your CPU supports instructions that this TensorFlow binary was not compiled to use: AVX2 AVX512F FMA
2019-07-29 08:52:49.541415: I tensorflow/compiler/xla/service/service.cc:150] XLA service 0x351dfc0 executing computations on platform CUDA. Devices:
2019-07-29 08:52:49.541500: I tensorflow/compiler/xla/service/service.cc:158]   StreamExecutor device (0): GeForce RTX 2080, Compute Capability 7.5
2019-07-29 08:52:49.541525: I tensorflow/compiler/xla/service/service.cc:158]   StreamExecutor device (1): GeForce RTX 2080, Compute Capability 7.5
2019-07-29 08:52:49.541547: I tensorflow/compiler/xla/service/service.cc:158]   StreamExecutor device (2): GeForce RTX 2080, Compute Capability 7.5
2019-07-29 08:52:49.541567: I tensorflow/compiler/xla/service/service.cc:158]   StreamExecutor device (3): GeForce RTX 2080, Compute Capability 7.5
2019-07-29 08:52:49.541587: I tensorflow/compiler/xla/service/service.cc:158]   StreamExecutor device (4): GeForce RTX 2080, Compute Capability 7.5
2019-07-29 08:52:49.541606: I tensorflow/compiler/xla/service/service.cc:158]   StreamExecutor device (5): GeForce RTX 2080, Compute Capability 7.5
2019-07-29 08:52:49.573264: I tensorflow/core/platform/profile_utils/cpu_utils.cc:94] CPU Frequency: 2100000000 Hz
2019-07-29 08:52:49.577528: I tensorflow/compiler/xla/service/service.cc:150] XLA service 0x351e480 executing computations on platform Host. Devices:
2019-07-29 08:52:49.577593: I tensorflow/compiler/xla/service/service.cc:158]   StreamExecutor device (0): <undefined>, <undefined>
2019-07-29 08:52:49.578128: I tensorflow/core/common_runtime/gpu/gpu_device.cc:1433] Found device 0 with properties: 
name: GeForce RTX 2080 major: 7 minor: 5 memoryClockRate(GHz): 1.71
pciBusID: 0000:1a:00.0
totalMemory: 7.77GiB freeMemory: 2.38GiB
2019-07-29 08:52:49.578472: I tensorflow/core/common_runtime/gpu/gpu_device.cc:1433] Found device 1 with properties: 
name: GeForce RTX 2080 major: 7 minor: 5 memoryClockRate(GHz): 1.71
pciBusID: 0000:1b:00.0
totalMemory: 7.77GiB freeMemory: 7.65GiB
2019-07-29 08:52:49.578805: I tensorflow/core/common_runtime/gpu/gpu_device.cc:1433] Found device 2 with properties: 
name: GeForce RTX 2080 major: 7 minor: 5 memoryClockRate(GHz): 1.71
pciBusID: 0000:b1:00.0
totalMemory: 7.77GiB freeMemory: 7.65GiB
2019-07-29 08:52:49.579137: I tensorflow/core/common_runtime/gpu/gpu_device.cc:1433] Found device 3 with properties: 
name: GeForce RTX 2080 major: 7 minor: 5 memoryClockRate(GHz): 1.71
pciBusID: 0000:b2:00.0
totalMemory: 7.77GiB freeMemory: 436.56MiB
2019-07-29 08:52:49.579469: I tensorflow/core/common_runtime/gpu/gpu_device.cc:1433] Found device 4 with properties: 
name: GeForce RTX 2080 major: 7 minor: 5 memoryClockRate(GHz): 1.71
pciBusID: 0000:da:00.0
totalMemory: 7.77GiB freeMemory: 5.07GiB
2019-07-29 08:52:49.579795: I tensorflow/core/common_runtime/gpu/gpu_device.cc:1433] Found device 5 with properties: 
name: GeForce RTX 2080 major: 7 minor: 5 memoryClockRate(GHz): 1.71
pciBusID: 0000:db:00.0
totalMemory: 7.77GiB freeMemory: 5.07GiB
2019-07-29 08:52:49.582212: I tensorflow/core/common_runtime/gpu/gpu_device.cc:1512] Adding visible gpu devices: 0, 1, 2, 3, 4, 5
2019-07-29 08:52:49.602618: I tensorflow/core/common_runtime/gpu/gpu_device.cc:984] Device interconnect StreamExecutor with strength 1 edge matrix:
2019-07-29 08:52:49.602641: I tensorflow/core/common_runtime/gpu/gpu_device.cc:990]      0 1 2 3 4 5 
2019-07-29 08:52:49.602651: I tensorflow/core/common_runtime/gpu/gpu_device.cc:1003] 0:   N N N N N N 
2019-07-29 08:52:49.602659: I tensorflow/core/common_runtime/gpu/gpu_device.cc:1003] 1:   N N N N N N 
2019-07-29 08:52:49.602666: I tensorflow/core/common_runtime/gpu/gpu_device.cc:1003] 2:   N N N N N N 
2019-07-29 08:52:49.602673: I tensorflow/core/common_runtime/gpu/gpu_device.cc:1003] 3:   N N N N N N 
2019-07-29 08:52:49.602681: I tensorflow/core/common_runtime/gpu/gpu_device.cc:1003] 4:   N N N N N N 
2019-07-29 08:52:49.602689: I tensorflow/core/common_runtime/gpu/gpu_device.cc:1003] 5:   N N N N N N 
2019-07-29 08:52:49.603686: I tensorflow/core/common_runtime/gpu/gpu_device.cc:1115] Created TensorFlow device (/job:localhost/replica:0/task:0/device:GPU:0 with 2134 MB memory) -> physical GPU (device: 0, name: GeForce RTX 2080, pci bus id: 0000:1a:00.0, compute capability: 7.5)
2019-07-29 08:52:49.604100: I tensorflow/core/common_runtime/gpu/gpu_device.cc:1115] Created TensorFlow device (/job:localhost/replica:0/task:0/device:GPU:1 with 7438 MB memory) -> physical GPU (device: 1, name: GeForce RTX 2080, pci bus id: 0000:1b:00.0, compute capability: 7.5)
2019-07-29 08:52:49.604456: I tensorflow/core/common_runtime/gpu/gpu_device.cc:1115] Created TensorFlow device (/job:localhost/replica:0/task:0/device:GPU:2 with 7438 MB memory) -> physical GPU (device: 2, name: GeForce RTX 2080, pci bus id: 0000:b1:00.0, compute capability: 7.5)
2019-07-29 08:52:49.604819: I tensorflow/core/common_runtime/gpu/gpu_device.cc:1115] Created TensorFlow device (/job:localhost/replica:0/task:0/device:GPU:3 with 211 MB memory) -> physical GPU (device: 3, name: GeForce RTX 2080, pci bus id: 0000:b2:00.0, compute capability: 7.5)
2019-07-29 08:52:49.605166: I tensorflow/core/common_runtime/gpu/gpu_device.cc:1115] Created TensorFlow device (/job:localhost/replica:0/task:0/device:GPU:4 with 4896 MB memory) -> physical GPU (device: 4, name: GeForce RTX 2080, pci bus id: 0000:da:00.0, compute capability: 7.5)
2019-07-29 08:52:49.605579: I tensorflow/core/common_runtime/gpu/gpu_device.cc:1115] Created TensorFlow device (/job:localhost/replica:0/task:0/device:GPU:5 with 4896 MB memory) -> physical GPU (device: 5, name: GeForce RTX 2080, pci bus id: 0000:db:00.0, compute capability: 7.5)
WARNING:tensorflow:From /home/dsc38/topic-classification-with-kbs/env/lib/python3.6/site-packages/tensorflow/python/ops/math_ops.py:3066: to_int32 (from tensorflow.python.ops.math_ops) is deprecated and will be removed in a future version.
Instructions for updating:
Use tf.cast instead.
Train on 54366 samples, validate on 18122 samples
Epoch 1/500
2019-07-29 08:52:54.004749: I tensorflow/stream_executor/dso_loader.cc:152] successfully opened CUDA library libcublas.so.10.0 locally
54366/54366 [==============================] - 83s 2ms/step - loss: 0.9969 - acc: 0.6631 - val_loss: 0.4007 - val_acc: 0.8935
Epoch 2/500
54366/54366 [==============================] - 77s 1ms/step - loss: 0.4415 - acc: 0.8915 - val_loss: 0.3285 - val_acc: 0.9177
Epoch 3/500
54366/54366 [==============================] - 77s 1ms/step - loss: 0.2882 - acc: 0.9311 - val_loss: 0.2216 - val_acc: 0.9441
Epoch 4/500
54366/54366 [==============================] - 77s 1ms/step - loss: 0.2503 - acc: 0.9417 - val_loss: 0.2201 - val_acc: 0.9383
Epoch 5/500
54366/54366 [==============================] - 77s 1ms/step - loss: 0.2189 - acc: 0.9485 - val_loss: 0.2060 - val_acc: 0.9470
Epoch 6/500
54366/54366 [==============================] - 75s 1ms/step - loss: 0.2043 - acc: 0.9500 - val_loss: 0.1520 - val_acc: 0.9609
Epoch 7/500
54366/54366 [==============================] - 78s 1ms/step - loss: 0.1792 - acc: 0.9543 - val_loss: 0.1879 - val_acc: 0.9431
Epoch 8/500
54366/54366 [==============================] - 79s 1ms/step - loss: 0.1659 - acc: 0.9546 - val_loss: 0.1619 - val_acc: 0.9560
Epoch 9/500
54366/54366 [==============================] - 76s 1ms/step - loss: 0.1583 - acc: 0.9577 - val_loss: 0.1282 - val_acc: 0.9648
Epoch 10/500
54366/54366 [==============================] - 76s 1ms/step - loss: 0.1462 - acc: 0.9604 - val_loss: 0.2418 - val_acc: 0.9238
Epoch 11/500
54366/54366 [==============================] - 75s 1ms/step - loss: 0.1401 - acc: 0.9605 - val_loss: 0.1389 - val_acc: 0.9599
Epoch 12/500
54366/54366 [==============================] - 76s 1ms/step - loss: 0.1406 - acc: 0.9612 - val_loss: 0.1459 - val_acc: 0.9587
Epoch 13/500
54366/54366 [==============================] - 75s 1ms/step - loss: 0.1396 - acc: 0.9628 - val_loss: 0.1434 - val_acc: 0.9587
Epoch 14/500
54366/54366 [==============================] - 77s 1ms/step - loss: 0.1370 - acc: 0.9648 - val_loss: 0.1382 - val_acc: 0.9613
Epoch 15/500
54366/54366 [==============================] - 78s 1ms/step - loss: 0.1299 - acc: 0.9637 - val_loss: 0.1302 - val_acc: 0.9642
Epoch 16/500
54366/54366 [==============================] - 76s 1ms/step - loss: 0.1223 - acc: 0.9664 - val_loss: 0.1456 - val_acc: 0.9603
Epoch 17/500
54366/54366 [==============================] - 76s 1ms/step - loss: 0.1245 - acc: 0.9651 - val_loss: 0.1204 - val_acc: 0.9644
Epoch 18/500
54366/54366 [==============================] - 74s 1ms/step - loss: 0.1142 - acc: 0.9673 - val_loss: 0.1308 - val_acc: 0.9632
Epoch 19/500
54366/54366 [==============================] - 76s 1ms/step - loss: 0.1135 - acc: 0.9668 - val_loss: 0.1152 - val_acc: 0.9677
Epoch 20/500
54366/54366 [==============================] - 76s 1ms/step - loss: 0.1240 - acc: 0.9650 - val_loss: 0.1178 - val_acc: 0.9630
Epoch 21/500
54366/54366 [==============================] - 76s 1ms/step - loss: 0.1065 - acc: 0.9684 - val_loss: 0.1255 - val_acc: 0.9650
Epoch 22/500
54366/54366 [==============================] - 75s 1ms/step - loss: 0.1189 - acc: 0.9668 - val_loss: 0.1147 - val_acc: 0.9695
Epoch 23/500
54366/54366 [==============================] - 76s 1ms/step - loss: 0.1082 - acc: 0.9706 - val_loss: 0.1125 - val_acc: 0.9689
Epoch 24/500
54366/54366 [==============================] - 78s 1ms/step - loss: 0.0932 - acc: 0.9723 - val_loss: 0.1236 - val_acc: 0.9665
Epoch 25/500
54366/54366 [==============================] - 76s 1ms/step - loss: 0.0924 - acc: 0.9726 - val_loss: 0.1414 - val_acc: 0.9580
Epoch 26/500
54366/54366 [==============================] - 78s 1ms/step - loss: 0.0989 - acc: 0.9717 - val_loss: 0.1210 - val_acc: 0.9661
Epoch 27/500
54366/54366 [==============================] - 77s 1ms/step - loss: 0.0979 - acc: 0.9684 - val_loss: 0.1255 - val_acc: 0.9638
Epoch 28/500
54366/54366 [==============================] - 78s 1ms/step - loss: 0.0937 - acc: 0.9718 - val_loss: 0.1212 - val_acc: 0.9661
Epoch 29/500
54366/54366 [==============================] - 78s 1ms/step - loss: 0.0848 - acc: 0.9720 - val_loss: 0.1076 - val_acc: 0.9675
Epoch 30/500
54366/54366 [==============================] - 77s 1ms/step - loss: 0.0958 - acc: 0.9717 - val_loss: 0.0990 - val_acc: 0.9711
Epoch 31/500
54366/54366 [==============================] - 77s 1ms/step - loss: 0.0845 - acc: 0.9729 - val_loss: 0.1098 - val_acc: 0.9680
Epoch 32/500
54366/54366 [==============================] - 78s 1ms/step - loss: 0.0855 - acc: 0.9722 - val_loss: 0.1085 - val_acc: 0.9682
Epoch 33/500
54366/54366 [==============================] - 77s 1ms/step - loss: 0.0789 - acc: 0.9750 - val_loss: 0.1038 - val_acc: 0.9695
Epoch 34/500
54366/54366 [==============================] - 75s 1ms/step - loss: 0.0809 - acc: 0.9739 - val_loss: 0.1042 - val_acc: 0.9701
Epoch 35/500
54366/54366 [==============================] - 76s 1ms/step - loss: 0.0786 - acc: 0.9752 - val_loss: 0.1089 - val_acc: 0.9682
Epoch 36/500
54366/54366 [==============================] - 77s 1ms/step - loss: 0.0797 - acc: 0.9754 - val_loss: 0.1055 - val_acc: 0.9709
Epoch 37/500
54366/54366 [==============================] - 77s 1ms/step - loss: 0.0777 - acc: 0.9755 - val_loss: 0.1017 - val_acc: 0.9696
Epoch 38/500
54366/54366 [==============================] - 76s 1ms/step - loss: 0.0730 - acc: 0.9768 - val_loss: 0.0948 - val_acc: 0.9719
Epoch 39/500
54366/54366 [==============================] - 78s 1ms/step - loss: 0.0754 - acc: 0.9752 - val_loss: 0.1197 - val_acc: 0.9657
Epoch 40/500
54366/54366 [==============================] - 76s 1ms/step - loss: 0.0698 - acc: 0.9770 - val_loss: 0.1015 - val_acc: 0.9712
Epoch 41/500
54366/54366 [==============================] - 77s 1ms/step - loss: 0.0730 - acc: 0.9765 - val_loss: 0.1048 - val_acc: 0.9705
Epoch 42/500
54366/54366 [==============================] - 77s 1ms/step - loss: 0.0656 - acc: 0.9780 - val_loss: 0.0998 - val_acc: 0.9721
Epoch 43/500
54366/54366 [==============================] - 77s 1ms/step - loss: 0.0667 - acc: 0.9779 - val_loss: 0.0942 - val_acc: 0.9721
Epoch 44/500
54366/54366 [==============================] - 79s 1ms/step - loss: 0.0671 - acc: 0.9783 - val_loss: 0.1120 - val_acc: 0.9674
Epoch 45/500
54366/54366 [==============================] - 76s 1ms/step - loss: 0.0615 - acc: 0.9793 - val_loss: 0.0969 - val_acc: 0.9718
Epoch 46/500
54366/54366 [==============================] - 77s 1ms/step - loss: 0.0648 - acc: 0.9780 - val_loss: 0.1038 - val_acc: 0.9688
Epoch 47/500
54366/54366 [==============================] - 76s 1ms/step - loss: 0.0579 - acc: 0.9799 - val_loss: 0.1012 - val_acc: 0.9715
Epoch 48/500
54366/54366 [==============================] - 75s 1ms/step - loss: 0.0597 - acc: 0.9795 - val_loss: 0.0997 - val_acc: 0.9701
Epoch 49/500
54366/54366 [==============================] - 74s 1ms/step - loss: 0.0585 - acc: 0.9799 - val_loss: 0.1144 - val_acc: 0.9667
Epoch 50/500
54366/54366 [==============================] - 76s 1ms/step - loss: 0.0595 - acc: 0.9799 - val_loss: 0.0881 - val_acc: 0.9751
Epoch 51/500
54366/54366 [==============================] - 77s 1ms/step - loss: 0.0548 - acc: 0.9802 - val_loss: 0.0946 - val_acc: 0.9721
Epoch 52/500
54366/54366 [==============================] - 77s 1ms/step - loss: 0.0532 - acc: 0.9813 - val_loss: 0.0882 - val_acc: 0.9751
Epoch 53/500
54366/54366 [==============================] - 76s 1ms/step - loss: 0.0523 - acc: 0.9817 - val_loss: 0.0968 - val_acc: 0.9740
Epoch 54/500
54366/54366 [==============================] - 76s 1ms/step - loss: 0.0536 - acc: 0.9812 - val_loss: 0.0895 - val_acc: 0.9739
Epoch 55/500
54366/54366 [==============================] - 75s 1ms/step - loss: 0.0479 - acc: 0.9831 - val_loss: 0.0919 - val_acc: 0.9739
Epoch 56/500
54366/54366 [==============================] - 78s 1ms/step - loss: 0.0563 - acc: 0.9795 - val_loss: 0.0943 - val_acc: 0.9734
Epoch 57/500
54366/54366 [==============================] - 77s 1ms/step - loss: 0.0489 - acc: 0.9827 - val_loss: 0.1001 - val_acc: 0.9724
Epoch 58/500
54366/54366 [==============================] - 75s 1ms/step - loss: 0.0469 - acc: 0.9841 - val_loss: 0.0854 - val_acc: 0.9761
Epoch 59/500
54366/54366 [==============================] - 76s 1ms/step - loss: 0.0460 - acc: 0.9842 - val_loss: 0.0991 - val_acc: 0.9720
Epoch 60/500
54366/54366 [==============================] - 76s 1ms/step - loss: 0.0438 - acc: 0.9837 - val_loss: 0.0944 - val_acc: 0.9735
Epoch 61/500
54366/54366 [==============================] - 76s 1ms/step - loss: 0.0452 - acc: 0.9845 - val_loss: 0.0908 - val_acc: 0.9759
Epoch 62/500
54366/54366 [==============================] - 77s 1ms/step - loss: 0.0425 - acc: 0.9849 - val_loss: 0.0924 - val_acc: 0.9753
Epoch 63/500
54366/54366 [==============================] - 77s 1ms/step - loss: 0.0405 - acc: 0.9845 - val_loss: 0.0889 - val_acc: 0.9758
Epoch 64/500
54366/54366 [==============================] - 76s 1ms/step - loss: 0.0433 - acc: 0.9850 - val_loss: 0.0821 - val_acc: 0.9769
Epoch 65/500
54366/54366 [==============================] - 75s 1ms/step - loss: 0.0406 - acc: 0.9859 - val_loss: 0.0892 - val_acc: 0.9765
Epoch 66/500
54366/54366 [==============================] - 78s 1ms/step - loss: 0.0384 - acc: 0.9859 - val_loss: 0.0889 - val_acc: 0.9737
Epoch 67/500
54366/54366 [==============================] - 76s 1ms/step - loss: 0.0388 - acc: 0.9859 - val_loss: 0.0995 - val_acc: 0.9693
Epoch 68/500
54366/54366 [==============================] - 76s 1ms/step - loss: 0.0392 - acc: 0.9855 - val_loss: 0.1014 - val_acc: 0.9726
Epoch 69/500
54366/54366 [==============================] - 78s 1ms/step - loss: 0.0350 - acc: 0.9864 - val_loss: 0.1009 - val_acc: 0.9745
Epoch 70/500
54366/54366 [==============================] - 77s 1ms/step - loss: 0.0341 - acc: 0.9864 - val_loss: 0.0963 - val_acc: 0.9746
Epoch 71/500
54366/54366 [==============================] - 77s 1ms/step - loss: 0.0326 - acc: 0.9873 - val_loss: 0.0916 - val_acc: 0.9770
Epoch 72/500
54366/54366 [==============================] - 76s 1ms/step - loss: 0.0317 - acc: 0.9873 - val_loss: 0.0885 - val_acc: 0.9758
Epoch 73/500
54366/54366 [==============================] - 76s 1ms/step - loss: 0.0305 - acc: 0.9878 - val_loss: 0.0919 - val_acc: 0.9767
Epoch 74/500
54366/54366 [==============================] - 77s 1ms/step - loss: 0.0326 - acc: 0.9883 - val_loss: 0.0925 - val_acc: 0.9736
Epoch 75/500
54366/54366 [==============================] - 77s 1ms/step - loss: 0.0295 - acc: 0.9881 - val_loss: 0.0909 - val_acc: 0.9778
Epoch 76/500
54366/54366 [==============================] - 77s 1ms/step - loss: 0.0318 - acc: 0.9874 - val_loss: 0.0907 - val_acc: 0.9747
Epoch 77/500
54366/54366 [==============================] - 77s 1ms/step - loss: 0.0283 - acc: 0.9887 - val_loss: 0.0968 - val_acc: 0.9753
Epoch 78/500
54366/54366 [==============================] - 76s 1ms/step - loss: 0.0319 - acc: 0.9888 - val_loss: 0.0910 - val_acc: 0.9762
Epoch 79/500
54366/54366 [==============================] - 78s 1ms/step - loss: 0.0261 - acc: 0.9894 - val_loss: 0.0890 - val_acc: 0.9772
Epoch 80/500
54366/54366 [==============================] - 76s 1ms/step - loss: 0.0262 - acc: 0.9895 - val_loss: 0.1162 - val_acc: 0.9709
Epoch 81/500
54366/54366 [==============================] - 76s 1ms/step - loss: 0.0253 - acc: 0.9897 - val_loss: 0.0986 - val_acc: 0.9751
Epoch 82/500
54366/54366 [==============================] - 78s 1ms/step - loss: 0.0247 - acc: 0.9901 - val_loss: 0.0928 - val_acc: 0.9767
Epoch 83/500
54366/54366 [==============================] - 75s 1ms/step - loss: 0.0240 - acc: 0.9898 - val_loss: 0.0924 - val_acc: 0.9783
Epoch 84/500
54366/54366 [==============================] - 75s 1ms/step - loss: 0.0235 - acc: 0.9901 - val_loss: 0.1033 - val_acc: 0.9754
Epoch 85/500
54366/54366 [==============================] - 76s 1ms/step - loss: 0.0218 - acc: 0.9906 - val_loss: 0.0916 - val_acc: 0.9770
Epoch 86/500
54366/54366 [==============================] - 75s 1ms/step - loss: 0.0232 - acc: 0.9897 - val_loss: 0.0922 - val_acc: 0.9765
Epoch 87/500
54366/54366 [==============================] - 76s 1ms/step - loss: 0.0199 - acc: 0.9912 - val_loss: 0.0925 - val_acc: 0.9772
Epoch 88/500
54366/54366 [==============================] - 76s 1ms/step - loss: 0.0237 - acc: 0.9909 - val_loss: 0.1142 - val_acc: 0.9719
Epoch 89/500
54366/54366 [==============================] - 76s 1ms/step - loss: 0.0246 - acc: 0.9905 - val_loss: 0.0940 - val_acc: 0.9780
Epoch 90/500
54366/54366 [==============================] - 76s 1ms/step - loss: 0.0198 - acc: 0.9918 - val_loss: 0.0975 - val_acc: 0.9744
Epoch 91/500
54366/54366 [==============================] - 77s 1ms/step - loss: 0.0212 - acc: 0.9913 - val_loss: 0.0940 - val_acc: 0.9775
Epoch 92/500
54366/54366 [==============================] - 75s 1ms/step - loss: 0.0324 - acc: 0.9902 - val_loss: 0.0961 - val_acc: 0.9757
Epoch 93/500
54366/54366 [==============================] - 78s 1ms/step - loss: 0.0186 - acc: 0.9922 - val_loss: 0.0961 - val_acc: 0.9783
Epoch 94/500
54366/54366 [==============================] - 76s 1ms/step - loss: 0.0173 - acc: 0.9923 - val_loss: 0.0996 - val_acc: 0.9774
Epoch 95/500
54366/54366 [==============================] - 76s 1ms/step - loss: 0.0201 - acc: 0.9917 - val_loss: 0.0930 - val_acc: 0.9789
Epoch 96/500
54366/54366 [==============================] - 77s 1ms/step - loss: 0.0210 - acc: 0.9917 - val_loss: 0.0920 - val_acc: 0.9781
Epoch 97/500
54366/54366 [==============================] - 78s 1ms/step - loss: 0.0175 - acc: 0.9930 - val_loss: 0.0968 - val_acc: 0.9774
Epoch 98/500
54366/54366 [==============================] - 76s 1ms/step - loss: 0.0162 - acc: 0.9931 - val_loss: 0.1137 - val_acc: 0.9743
Epoch 99/500
54366/54366 [==============================] - 77s 1ms/step - loss: 0.0169 - acc: 0.9928 - val_loss: 0.1011 - val_acc: 0.9771
Epoch 100/500
54366/54366 [==============================] - 76s 1ms/step - loss: 0.0163 - acc: 0.9931 - val_loss: 0.1013 - val_acc: 0.9780
Epoch 101/500
54366/54366 [==============================] - 79s 1ms/step - loss: 0.0186 - acc: 0.9924 - val_loss: 0.1009 - val_acc: 0.9758
Epoch 102/500
54366/54366 [==============================] - 75s 1ms/step - loss: 0.0147 - acc: 0.9934 - val_loss: 0.1044 - val_acc: 0.9775
Epoch 103/500
54366/54366 [==============================] - 78s 1ms/step - loss: 0.0139 - acc: 0.9935 - val_loss: 0.1012 - val_acc: 0.9779
Epoch 104/500
54366/54366 [==============================] - 77s 1ms/step - loss: 0.0130 - acc: 0.9942 - val_loss: 0.1061 - val_acc: 0.9776
Epoch 105/500
54366/54366 [==============================] - 75s 1ms/step - loss: 0.0176 - acc: 0.9930 - val_loss: 0.1017 - val_acc: 0.9770
Epoch 106/500
54366/54366 [==============================] - 75s 1ms/step - loss: 0.0127 - acc: 0.9947 - val_loss: 0.1117 - val_acc: 0.9764
Epoch 107/500
54366/54366 [==============================] - 76s 1ms/step - loss: 0.0217 - acc: 0.9929 - val_loss: 0.1071 - val_acc: 0.9772
Epoch 108/500
54366/54366 [==============================] - 76s 1ms/step - loss: 0.0117 - acc: 0.9947 - val_loss: 0.1054 - val_acc: 0.9764
Epoch 109/500
54366/54366 [==============================] - 76s 1ms/step - loss: 0.0115 - acc: 0.9944 - val_loss: 0.1147 - val_acc: 0.9753
Epoch 110/500
54366/54366 [==============================] - 75s 1ms/step - loss: 0.0141 - acc: 0.9937 - val_loss: 0.1095 - val_acc: 0.9770
Epoch 111/500
54366/54366 [==============================] - 77s 1ms/step - loss: 0.0121 - acc: 0.9946 - val_loss: 0.1113 - val_acc: 0.9770
Epoch 112/500
54366/54366 [==============================] - 76s 1ms/step - loss: 0.0123 - acc: 0.9946 - val_loss: 0.1159 - val_acc: 0.9756
Epoch 113/500
54366/54366 [==============================] - 76s 1ms/step - loss: 0.0109 - acc: 0.9949 - val_loss: 0.1237 - val_acc: 0.9752
Epoch 114/500
54366/54366 [==============================] - 75s 1ms/step - loss: 0.0132 - acc: 0.9944 - val_loss: 0.1140 - val_acc: 0.9772
Epoch 115/500
54366/54366 [==============================] - 78s 1ms/step - loss: 0.0098 - acc: 0.9954 - val_loss: 0.1142 - val_acc: 0.9775
Epoch 116/500
54366/54366 [==============================] - 76s 1ms/step - loss: 0.0105 - acc: 0.9949 - val_loss: 0.1223 - val_acc: 0.9745
Epoch 117/500
54366/54366 [==============================] - 77s 1ms/step - loss: 0.0141 - acc: 0.9944 - val_loss: 0.1157 - val_acc: 0.9774
Epoch 118/500
54366/54366 [==============================] - 77s 1ms/step - loss: 0.0119 - acc: 0.9949 - val_loss: 0.1164 - val_acc: 0.9776
Epoch 119/500
54366/54366 [==============================] - 78s 1ms/step - loss: 0.0112 - acc: 0.9949 - val_loss: 0.1129 - val_acc: 0.9777
Epoch 120/500
54366/54366 [==============================] - 75s 1ms/step - loss: 0.0093 - acc: 0.9956 - val_loss: 0.1201 - val_acc: 0.9761
Epoch 121/500
54366/54366 [==============================] - 78s 1ms/step - loss: 0.0088 - acc: 0.9956 - val_loss: 0.1191 - val_acc: 0.9779
Epoch 122/500
54366/54366 [==============================] - 76s 1ms/step - loss: 0.0082 - acc: 0.9956 - val_loss: 0.1225 - val_acc: 0.9770
Epoch 123/500
54366/54366 [==============================] - 78s 1ms/step - loss: 0.0109 - acc: 0.9950 - val_loss: 0.1208 - val_acc: 0.9761
Epoch 124/500
54366/54366 [==============================] - 76s 1ms/step - loss: 0.0094 - acc: 0.9952 - val_loss: 0.1214 - val_acc: 0.9769
Epoch 125/500
54366/54366 [==============================] - 78s 1ms/step - loss: 0.0114 - acc: 0.9950 - val_loss: 0.1200 - val_acc: 0.9773
Epoch 126/500
54366/54366 [==============================] - 79s 1ms/step - loss: 0.0084 - acc: 0.9958 - val_loss: 0.1156 - val_acc: 0.9772
Epoch 127/500
54366/54366 [==============================] - 76s 1ms/step - loss: 0.0097 - acc: 0.9954 - val_loss: 0.1126 - val_acc: 0.9776
Epoch 128/500
54366/54366 [==============================] - 80s 1ms/step - loss: 0.0076 - acc: 0.9960 - val_loss: 0.1208 - val_acc: 0.9765
Epoch 129/500
54366/54366 [==============================] - 82s 2ms/step - loss: 0.0080 - acc: 0.9959 - val_loss: 0.1271 - val_acc: 0.9770
Epoch 130/500
54366/54366 [==============================] - 82s 2ms/step - loss: 0.0096 - acc: 0.9957 - val_loss: 0.1224 - val_acc: 0.9767
Epoch 131/500
54366/54366 [==============================] - 82s 2ms/step - loss: 0.0066 - acc: 0.9962 - val_loss: 0.1328 - val_acc: 0.9762
Epoch 132/500
54366/54366 [==============================] - 82s 2ms/step - loss: 0.0075 - acc: 0.9959 - val_loss: 0.1326 - val_acc: 0.9750
Epoch 133/500
54366/54366 [==============================] - 81s 1ms/step - loss: 0.0066 - acc: 0.9964 - val_loss: 0.1263 - val_acc: 0.9770
Epoch 134/500
54366/54366 [==============================] - 82s 2ms/step - loss: 0.0074 - acc: 0.9963 - val_loss: 0.1354 - val_acc: 0.9761
Epoch 135/500
54366/54366 [==============================] - 82s 2ms/step - loss: 0.0063 - acc: 0.9965 - val_loss: 0.1308 - val_acc: 0.9773
Epoch 136/500
54366/54366 [==============================] - 82s 2ms/step - loss: 0.0091 - acc: 0.9963 - val_loss: 0.1523 - val_acc: 0.9748
Epoch 137/500
54366/54366 [==============================] - 81s 1ms/step - loss: 0.0082 - acc: 0.9963 - val_loss: 0.1342 - val_acc: 0.9763
Epoch 138/500
54366/54366 [==============================] - 82s 2ms/step - loss: 0.0068 - acc: 0.9965 - val_loss: 0.1414 - val_acc: 0.9765
Epoch 139/500
54366/54366 [==============================] - 82s 2ms/step - loss: 0.0057 - acc: 0.9970 - val_loss: 0.1393 - val_acc: 0.9768
Epoch 140/500
54366/54366 [==============================] - 82s 2ms/step - loss: 0.0068 - acc: 0.9964 - val_loss: 0.1299 - val_acc: 0.9767
Epoch 141/500
54366/54366 [==============================] - 82s 2ms/step - loss: 0.0061 - acc: 0.9966 - val_loss: 0.1352 - val_acc: 0.9764
Epoch 142/500
54366/54366 [==============================] - 83s 2ms/step - loss: 0.0081 - acc: 0.9962 - val_loss: 0.1355 - val_acc: 0.9774
Epoch 143/500
54366/54366 [==============================] - 81s 1ms/step - loss: 0.0056 - acc: 0.9970 - val_loss: 0.1363 - val_acc: 0.9777
Epoch 144/500
54366/54366 [==============================] - 82s 2ms/step - loss: 0.0060 - acc: 0.9968 - val_loss: 0.1340 - val_acc: 0.9764
Epoch 145/500
54366/54366 [==============================] - 82s 2ms/step - loss: 0.0064 - acc: 0.9966 - val_loss: 0.1330 - val_acc: 0.9769
Epoch 146/500
54366/54366 [==============================] - 82s 2ms/step - loss: 0.0044 - acc: 0.9971 - val_loss: 0.1403 - val_acc: 0.9775
Epoch 147/500
54366/54366 [==============================] - 82s 2ms/step - loss: 0.0123 - acc: 0.9956 - val_loss: 0.1383 - val_acc: 0.9736
Epoch 148/500
54366/54366 [==============================] - 82s 2ms/step - loss: 0.0066 - acc: 0.9965 - val_loss: 0.1350 - val_acc: 0.9757
Epoch 149/500
54366/54366 [==============================] - 81s 1ms/step - loss: 0.0060 - acc: 0.9967 - val_loss: 0.1480 - val_acc: 0.9753
Epoch 150/500
54366/54366 [==============================] - 82s 2ms/step - loss: 0.0058 - acc: 0.9969 - val_loss: 0.1387 - val_acc: 0.9770
Epoch 151/500
54366/54366 [==============================] - 82s 2ms/step - loss: 0.0054 - acc: 0.9972 - val_loss: 0.1471 - val_acc: 0.9772
Epoch 152/500
54366/54366 [==============================] - 82s 2ms/step - loss: 0.0044 - acc: 0.9973 - val_loss: 0.1344 - val_acc: 0.9777
Epoch 153/500
54366/54366 [==============================] - 82s 2ms/step - loss: 0.0043 - acc: 0.9972 - val_loss: 0.1415 - val_acc: 0.9763
Epoch 154/500
54366/54366 [==============================] - 81s 1ms/step - loss: 0.0101 - acc: 0.9963 - val_loss: 0.1373 - val_acc: 0.9767
Epoch 155/500
54366/54366 [==============================] - 82s 2ms/step - loss: 0.0053 - acc: 0.9971 - val_loss: 0.1369 - val_acc: 0.9764
Epoch 156/500
54366/54366 [==============================] - 81s 1ms/step - loss: 0.0056 - acc: 0.9970 - val_loss: 0.1362 - val_acc: 0.9774
Epoch 157/500
54366/54366 [==============================] - 82s 2ms/step - loss: 0.0038 - acc: 0.9974 - val_loss: 0.1445 - val_acc: 0.9776
Epoch 158/500
54366/54366 [==============================] - 82s 2ms/step - loss: 0.0047 - acc: 0.9973 - val_loss: 0.1472 - val_acc: 0.9761
Epoch 159/500
54366/54366 [==============================] - 82s 2ms/step - loss: 0.0058 - acc: 0.9971 - val_loss: 0.1415 - val_acc: 0.9767
Epoch 160/500
54366/54366 [==============================] - 82s 2ms/step - loss: 0.0043 - acc: 0.9974 - val_loss: 0.1398 - val_acc: 0.9775
Epoch 161/500
54366/54366 [==============================] - 82s 2ms/step - loss: 0.0051 - acc: 0.9969 - val_loss: 0.1497 - val_acc: 0.9751
Epoch 162/500
54366/54366 [==============================] - 82s 2ms/step - loss: 0.0040 - acc: 0.9974 - val_loss: 0.1381 - val_acc: 0.9767
Epoch 163/500
54366/54366 [==============================] - 82s 2ms/step - loss: 0.0047 - acc: 0.9975 - val_loss: 0.1421 - val_acc: 0.9769
Epoch 164/500
54366/54366 [==============================] - 82s 2ms/step - loss: 0.0037 - acc: 0.9976 - val_loss: 0.1459 - val_acc: 0.9773
              precision    recall  f1-score   support

       GCRIM   0.979555  0.968063  0.973775      6137
         E11   0.978495  0.983193  0.980838      1666
       GVOTE   0.964920  0.967636  0.966276      2132
        GHEA   0.929633  0.959100  0.944137       978
        GREL   0.900677  0.938824  0.919355       425
        GSPO   0.992198  0.993514  0.992856      6784

    accuracy                       0.977762     18122
   macro avg   0.957580  0.968388  0.962873     18122
weighted avg   0.977925  0.977762  0.977809     18122
