        model = Sequential()
        model.add(Embedding(num_words_in_vocab, word_embedding_dim, input_length=max_words_in_document))
        model.add(LSTM(64))
        model.add(Dense(16, activation='relu'))
        model.add(Dense(num_topics, activation='softmax'))


Train on 54366 samples, validate on 18122 samples
Epoch 1/200
2019-06-15 20:55:51.911402: I tensorflow/stream_executor/dso_loader.cc:152] successfully opened CUDA library libcublas.so.10.0 locally
54366/54366 [==============================] - 94s 2ms/step - loss: 1.5494 - acc: 0.4120 - val_loss: 1.0620 - val_acc: 0.5109
Epoch 2/200
54366/54366 [==============================] - 89s 2ms/step - loss: 1.1339 - acc: 0.5465 - val_loss: 0.9363 - val_acc: 0.5673
Epoch 3/200
54366/54366 [==============================] - 90s 2ms/step - loss: 0.9539 - acc: 0.6369 - val_loss: 0.8824 - val_acc: 0.6450
Epoch 4/200
54366/54366 [==============================] - 89s 2ms/step - loss: 0.7881 - acc: 0.7231 - val_loss: 0.6212 - val_acc: 0.7717
Epoch 5/200
54366/54366 [==============================] - 89s 2ms/step - loss: 0.6046 - acc: 0.8048 - val_loss: 0.5428 - val_acc: 0.8404
Epoch 6/200
54366/54366 [==============================] - 89s 2ms/step - loss: 0.5626 - acc: 0.8369 - val_loss: 0.5126 - val_acc: 0.8607
Epoch 7/200
54366/54366 [==============================] - 89s 2ms/step - loss: 0.4505 - acc: 0.8807 - val_loss: 0.5971 - val_acc: 0.8330
Epoch 8/200
54366/54366 [==============================] - 89s 2ms/step - loss: 0.4067 - acc: 0.8947 - val_loss: 0.3534 - val_acc: 0.9080
Epoch 9/200
54366/54366 [==============================] - 89s 2ms/step - loss: 0.4117 - acc: 0.8932 - val_loss: 0.3397 - val_acc: 0.9110
Epoch 10/200
54366/54366 [==============================] - 89s 2ms/step - loss: 0.3728 - acc: 0.9089 - val_loss: 0.4141 - val_acc: 0.8906
Epoch 11/200
54366/54366 [==============================] - 89s 2ms/step - loss: 0.3892 - acc: 0.9057 - val_loss: 0.3033 - val_acc: 0.9227
Epoch 12/200
54366/54366 [==============================] - 88s 2ms/step - loss: 0.3764 - acc: 0.9083 - val_loss: 0.3354 - val_acc: 0.9136
Epoch 13/200
54366/54366 [==============================] - 89s 2ms/step - loss: 0.3231 - acc: 0.9217 - val_loss: 0.2939 - val_acc: 0.9222
Epoch 14/200
54366/54366 [==============================] - 89s 2ms/step - loss: 0.3355 - acc: 0.9195 - val_loss: 0.2626 - val_acc: 0.9321
Epoch 15/200
54366/54366 [==============================] - 89s 2ms/step - loss: 0.3265 - acc: 0.9240 - val_loss: 0.3107 - val_acc: 0.9187
Epoch 16/200
54366/54366 [==============================] - 89s 2ms/step - loss: 0.3229 - acc: 0.9237 - val_loss: 0.3846 - val_acc: 0.8880
Epoch 17/200
54366/54366 [==============================] - 89s 2ms/step - loss: 0.3066 - acc: 0.9251 - val_loss: 0.2850 - val_acc: 0.9252
Epoch 18/200
54366/54366 [==============================] - 89s 2ms/step - loss: 0.3020 - acc: 0.9289 - val_loss: 0.2746 - val_acc: 0.9298
Epoch 19/200
54366/54366 [==============================] - 89s 2ms/step - loss: 0.2963 - acc: 0.9301 - val_loss: 0.3238 - val_acc: 0.9124
Epoch 20/200
54366/54366 [==============================] - 89s 2ms/step - loss: 0.3177 - acc: 0.9274 - val_loss: 0.2624 - val_acc: 0.9326
Epoch 21/200
54366/54366 [==============================] - 89s 2ms/step - loss: 0.2817 - acc: 0.9313 - val_loss: 0.2507 - val_acc: 0.9364
Epoch 22/200
54366/54366 [==============================] - 89s 2ms/step - loss: 0.2751 - acc: 0.9338 - val_loss: 0.2640 - val_acc: 0.9314
Epoch 23/200
54366/54366 [==============================] - 88s 2ms/step - loss: 0.2889 - acc: 0.9294 - val_loss: 0.4463 - val_acc: 0.8819
Epoch 24/200
54366/54366 [==============================] - 89s 2ms/step - loss: 0.2779 - acc: 0.9340 - val_loss: 0.2620 - val_acc: 0.9335
Epoch 25/200
54366/54366 [==============================] - 89s 2ms/step - loss: 0.2807 - acc: 0.9313 - val_loss: 0.2123 - val_acc: 0.9459
Epoch 26/200
54366/54366 [==============================] - 89s 2ms/step - loss: 0.2837 - acc: 0.9312 - val_loss: 0.2635 - val_acc: 0.9333
Epoch 27/200
54366/54366 [==============================] - 89s 2ms/step - loss: 0.2606 - acc: 0.9359 - val_loss: 0.2449 - val_acc: 0.9369
Epoch 28/200
54366/54366 [==============================] - 89s 2ms/step - loss: 0.2839 - acc: 0.9317 - val_loss: 0.2353 - val_acc: 0.9389
Epoch 29/200
54366/54366 [==============================] - 89s 2ms/step - loss: 0.2466 - acc: 0.9382 - val_loss: 0.2422 - val_acc: 0.9383
Epoch 30/200
54366/54366 [==============================] - 89s 2ms/step - loss: 0.2583 - acc: 0.9364 - val_loss: 0.2786 - val_acc: 0.9241
Epoch 31/200
54366/54366 [==============================] - 89s 2ms/step - loss: 0.2696 - acc: 0.9332 - val_loss: 0.2215 - val_acc: 0.9439
Epoch 32/200
54366/54366 [==============================] - 89s 2ms/step - loss: 0.2471 - acc: 0.9389 - val_loss: 0.3426 - val_acc: 0.9022
Epoch 33/200
54366/54366 [==============================] - 89s 2ms/step - loss: 0.2645 - acc: 0.9327 - val_loss: 0.3621 - val_acc: 0.8901
Epoch 34/200
54366/54366 [==============================] - 89s 2ms/step - loss: 0.2472 - acc: 0.9348 - val_loss: 0.2340 - val_acc: 0.9363
Epoch 35/200
54366/54366 [==============================] - 89s 2ms/step - loss: 0.2292 - acc: 0.9376 - val_loss: 0.2358 - val_acc: 0.9348
Epoch 36/200
54366/54366 [==============================] - 89s 2ms/step - loss: 0.2539 - acc: 0.9363 - val_loss: 0.2893 - val_acc: 0.9177
Epoch 37/200
54366/54366 [==============================] - 89s 2ms/step - loss: 0.2315 - acc: 0.9416 - val_loss: 0.2292 - val_acc: 0.9394
Epoch 38/200
54366/54366 [==============================] - 89s 2ms/step - loss: 0.2287 - acc: 0.9388 - val_loss: 0.2074 - val_acc: 0.9419
Epoch 39/200
54366/54366 [==============================] - 89s 2ms/step - loss: 0.2378 - acc: 0.9344 - val_loss: 0.2543 - val_acc: 0.9313
Epoch 40/200
54366/54366 [==============================] - 89s 2ms/step - loss: 0.2268 - acc: 0.9393 - val_loss: 0.2677 - val_acc: 0.9243
Epoch 41/200
54366/54366 [==============================] - 89s 2ms/step - loss: 0.2200 - acc: 0.9415 - val_loss: 0.2591 - val_acc: 0.9300
Epoch 42/200
54366/54366 [==============================] - 89s 2ms/step - loss: 0.2362 - acc: 0.9363 - val_loss: 0.2629 - val_acc: 0.9269
Epoch 43/200
54366/54366 [==============================] - 89s 2ms/step - loss: 0.2179 - acc: 0.9425 - val_loss: 0.2176 - val_acc: 0.9415
Epoch 44/200
54366/54366 [==============================] - 89s 2ms/step - loss: 0.2258 - acc: 0.9406 - val_loss: 0.2021 - val_acc: 0.9428
Epoch 45/200
54366/54366 [==============================] - 89s 2ms/step - loss: 0.2333 - acc: 0.9393 - val_loss: 0.1922 - val_acc: 0.9480
Epoch 46/200
54366/54366 [==============================] - 88s 2ms/step - loss: 0.2322 - acc: 0.9342 - val_loss: 0.2104 - val_acc: 0.9447
Epoch 47/200
54366/54366 [==============================] - 88s 2ms/step - loss: 0.2063 - acc: 0.9454 - val_loss: 0.2408 - val_acc: 0.9358
Epoch 48/200
54366/54366 [==============================] - 89s 2ms/step - loss: 0.2321 - acc: 0.9391 - val_loss: 0.2279 - val_acc: 0.9351
Epoch 49/200
54366/54366 [==============================] - 88s 2ms/step - loss: 0.2375 - acc: 0.9398 - val_loss: 0.1934 - val_acc: 0.9469
Epoch 50/200
54366/54366 [==============================] - 89s 2ms/step - loss: 0.1973 - acc: 0.9436 - val_loss: 0.1830 - val_acc: 0.9496
Epoch 51/200
54366/54366 [==============================] - 88s 2ms/step - loss: 0.2148 - acc: 0.9418 - val_loss: 0.1745 - val_acc: 0.9521
Epoch 52/200
54366/54366 [==============================] - 89s 2ms/step - loss: 0.2094 - acc: 0.9423 - val_loss: 0.1725 - val_acc: 0.9543
Epoch 53/200
54366/54366 [==============================] - 88s 2ms/step - loss: 0.2079 - acc: 0.9434 - val_loss: 0.2006 - val_acc: 0.9437
Epoch 54/200
54366/54366 [==============================] - 89s 2ms/step - loss: 0.2173 - acc: 0.9445 - val_loss: 0.2852 - val_acc: 0.9261
Epoch 55/200
54366/54366 [==============================] - 88s 2ms/step - loss: 0.2170 - acc: 0.9437 - val_loss: 0.2180 - val_acc: 0.9371
Epoch 56/200
54366/54366 [==============================] - 89s 2ms/step - loss: 0.2017 - acc: 0.9454 - val_loss: 0.2404 - val_acc: 0.9321
Epoch 57/200
54366/54366 [==============================] - 89s 2ms/step - loss: 0.2090 - acc: 0.9434 - val_loss: 0.2569 - val_acc: 0.9229
Epoch 58/200
54366/54366 [==============================] - 89s 2ms/step - loss: 0.1987 - acc: 0.9459 - val_loss: 0.2022 - val_acc: 0.9449
Epoch 59/200
54366/54366 [==============================] - 88s 2ms/step - loss: 0.2016 - acc: 0.9431 - val_loss: 0.2191 - val_acc: 0.9354
Epoch 60/200
54366/54366 [==============================] - 89s 2ms/step - loss: 0.1855 - acc: 0.9477 - val_loss: 0.2201 - val_acc: 0.9377
Epoch 61/200
54366/54366 [==============================] - 89s 2ms/step - loss: 0.1989 - acc: 0.9442 - val_loss: 0.1748 - val_acc: 0.9531
Epoch 62/200
54366/54366 [==============================] - 88s 2ms/step - loss: 0.2206 - acc: 0.9407 - val_loss: 0.2137 - val_acc: 0.9406
Epoch 63/200
54366/54366 [==============================] - 89s 2ms/step - loss: 0.1802 - acc: 0.9496 - val_loss: 0.2068 - val_acc: 0.9422
Epoch 64/200
54366/54366 [==============================] - 88s 2ms/step - loss: 0.2064 - acc: 0.9424 - val_loss: 0.1837 - val_acc: 0.9454
Epoch 65/200
54366/54366 [==============================] - 89s 2ms/step - loss: 0.1845 - acc: 0.9497 - val_loss: 0.2043 - val_acc: 0.9444
Epoch 66/200
54366/54366 [==============================] - 88s 2ms/step - loss: 0.1923 - acc: 0.9465 - val_loss: 0.2181 - val_acc: 0.9382
Epoch 67/200
54366/54366 [==============================] - 89s 2ms/step - loss: 0.2027 - acc: 0.9452 - val_loss: 0.1760 - val_acc: 0.9492
Epoch 68/200
54366/54366 [==============================] - 89s 2ms/step - loss: 0.1971 - acc: 0.9433 - val_loss: 0.1737 - val_acc: 0.9507
Epoch 69/200
54366/54366 [==============================] - 88s 2ms/step - loss: 0.1868 - acc: 0.9486 - val_loss: 0.2166 - val_acc: 0.9432
Epoch 70/200
54366/54366 [==============================] - 89s 2ms/step - loss: 0.1894 - acc: 0.9488 - val_loss: 0.2225 - val_acc: 0.9342
Epoch 71/200
54366/54366 [==============================] - 89s 2ms/step - loss: 0.2031 - acc: 0.9462 - val_loss: 0.1765 - val_acc: 0.9511
Epoch 72/200
54366/54366 [==============================] - 89s 2ms/step - loss: 0.1956 - acc: 0.9463 - val_loss: 0.1643 - val_acc: 0.9554
Epoch 73/200
54366/54366 [==============================] - 89s 2ms/step - loss: 0.1820 - acc: 0.9487 - val_loss: 0.1670 - val_acc: 0.9513
Epoch 74/200
54366/54366 [==============================] - 88s 2ms/step - loss: 0.1847 - acc: 0.9482 - val_loss: 0.1854 - val_acc: 0.9475
Epoch 75/200
54366/54366 [==============================] - 89s 2ms/step - loss: 0.1806 - acc: 0.9470 - val_loss: 0.2360 - val_acc: 0.9299
Epoch 76/200
54366/54366 [==============================] - 88s 2ms/step - loss: 0.1945 - acc: 0.9443 - val_loss: 0.3072 - val_acc: 0.9090
Epoch 77/200
54366/54366 [==============================] - 88s 2ms/step - loss: 0.1900 - acc: 0.9460 - val_loss: 0.1865 - val_acc: 0.9466
Epoch 78/200
54366/54366 [==============================] - 88s 2ms/step - loss: 0.1818 - acc: 0.9480 - val_loss: 0.2069 - val_acc: 0.9413
Epoch 79/200
54366/54366 [==============================] - 88s 2ms/step - loss: 0.1834 - acc: 0.9473 - val_loss: 0.1881 - val_acc: 0.9459
Epoch 80/200
54366/54366 [==============================] - 88s 2ms/step - loss: 0.1796 - acc: 0.9499 - val_loss: 0.1922 - val_acc: 0.9421
Epoch 81/200
54366/54366 [==============================] - 89s 2ms/step - loss: 0.1742 - acc: 0.9508 - val_loss: 0.2403 - val_acc: 0.9351
Epoch 82/200
54366/54366 [==============================] - 89s 2ms/step - loss: 0.1921 - acc: 0.9499 - val_loss: 0.2226 - val_acc: 0.9367
Epoch 83/200
54366/54366 [==============================] - 89s 2ms/step - loss: 0.1788 - acc: 0.9512 - val_loss: 0.2067 - val_acc: 0.9413
Epoch 84/200
54366/54366 [==============================] - 89s 2ms/step - loss: 0.1759 - acc: 0.9493 - val_loss: 0.1835 - val_acc: 0.9485
Epoch 85/200
54366/54366 [==============================] - 89s 2ms/step - loss: 0.1909 - acc: 0.9451 - val_loss: 0.1695 - val_acc: 0.9507
Epoch 86/200
54366/54366 [==============================] - 88s 2ms/step - loss: 0.1823 - acc: 0.9493 - val_loss: 0.2972 - val_acc: 0.9224
Epoch 87/200
54366/54366 [==============================] - 88s 2ms/step - loss: 0.1723 - acc: 0.9524 - val_loss: 0.2328 - val_acc: 0.9293
Epoch 88/200
54366/54366 [==============================] - 89s 2ms/step - loss: 0.1763 - acc: 0.9502 - val_loss: 0.1665 - val_acc: 0.9506
Epoch 89/200
54366/54366 [==============================] - 89s 2ms/step - loss: 0.1687 - acc: 0.9504 - val_loss: 0.1792 - val_acc: 0.9498
Epoch 90/200
54366/54366 [==============================] - 89s 2ms/step - loss: 0.1709 - acc: 0.9522 - val_loss: 0.2426 - val_acc: 0.9366
Epoch 91/200
54366/54366 [==============================] - 89s 2ms/step - loss: 0.1874 - acc: 0.9450 - val_loss: 0.2325 - val_acc: 0.9378
Epoch 92/200
54366/54366 [==============================] - 89s 2ms/step - loss: 0.1853 - acc: 0.9477 - val_loss: 0.2086 - val_acc: 0.9375
Epoch 93/200
54366/54366 [==============================] - 89s 2ms/step - loss: 0.1703 - acc: 0.9500 - val_loss: 0.1706 - val_acc: 0.9512
Epoch 94/200
54366/54366 [==============================] - 89s 2ms/step - loss: 0.1694 - acc: 0.9523 - val_loss: 0.1784 - val_acc: 0.9488
Epoch 95/200
54366/54366 [==============================] - 88s 2ms/step - loss: 0.1721 - acc: 0.9507 - val_loss: 0.2207 - val_acc: 0.9380
Epoch 96/200
54366/54366 [==============================] - 89s 2ms/step - loss: 0.1747 - acc: 0.9517 - val_loss: 0.1926 - val_acc: 0.9447
Epoch 97/200
54366/54366 [==============================] - 89s 2ms/step - loss: 0.1624 - acc: 0.9520 - val_loss: 0.5206 - val_acc: 0.8739
Epoch 98/200
54366/54366 [==============================] - 89s 2ms/step - loss: 0.1713 - acc: 0.9500 - val_loss: 0.1958 - val_acc: 0.9466
Epoch 99/200
54366/54366 [==============================] - 89s 2ms/step - loss: 0.1641 - acc: 0.9521 - val_loss: 0.1889 - val_acc: 0.9397
Epoch 100/200
54366/54366 [==============================] - 89s 2ms/step - loss: 0.1852 - acc: 0.9477 - val_loss: 0.1719 - val_acc: 0.9512
Epoch 101/200
54366/54366 [==============================] - 89s 2ms/step - loss: 0.1639 - acc: 0.9527 - val_loss: 0.1605 - val_acc: 0.9551
Epoch 102/200
54366/54366 [==============================] - 88s 2ms/step - loss: 0.1581 - acc: 0.9537 - val_loss: 0.2015 - val_acc: 0.9445
Epoch 103/200
54366/54366 [==============================] - 89s 2ms/step - loss: 0.1803 - acc: 0.9472 - val_loss: 0.1603 - val_acc: 0.9548
Epoch 104/200
54366/54366 [==============================] - 89s 2ms/step - loss: 0.1622 - acc: 0.9524 - val_loss: 0.2344 - val_acc: 0.9278
Epoch 105/200
54366/54366 [==============================] - 89s 2ms/step - loss: 0.1787 - acc: 0.9482 - val_loss: 0.1567 - val_acc: 0.9571
Epoch 106/200
54366/54366 [==============================] - 88s 2ms/step - loss: 0.1595 - acc: 0.9541 - val_loss: 0.1670 - val_acc: 0.9547
Epoch 107/200
54366/54366 [==============================] - 88s 2ms/step - loss: 0.1631 - acc: 0.9508 - val_loss: 0.2163 - val_acc: 0.9319
Epoch 108/200
54366/54366 [==============================] - 89s 2ms/step - loss: 0.1590 - acc: 0.9536 - val_loss: 0.1586 - val_acc: 0.9567
Epoch 109/200
54366/54366 [==============================] - 89s 2ms/step - loss: 0.1711 - acc: 0.9506 - val_loss: 0.1927 - val_acc: 0.9411
Epoch 110/200
54366/54366 [==============================] - 89s 2ms/step - loss: 0.1593 - acc: 0.9527 - val_loss: 0.2328 - val_acc: 0.9296
Epoch 111/200
54366/54366 [==============================] - 89s 2ms/step - loss: 0.1613 - acc: 0.9526 - val_loss: 0.1866 - val_acc: 0.9424
Epoch 112/200
54366/54366 [==============================] - 89s 2ms/step - loss: 0.1630 - acc: 0.9520 - val_loss: 0.1929 - val_acc: 0.9435
Epoch 113/200
54366/54366 [==============================] - 89s 2ms/step - loss: 0.1632 - acc: 0.9517 - val_loss: 0.2733 - val_acc: 0.9289
Epoch 114/200
54366/54366 [==============================] - 89s 2ms/step - loss: 0.1720 - acc: 0.9514 - val_loss: 0.1884 - val_acc: 0.9487
Epoch 115/200
54366/54366 [==============================] - 88s 2ms/step - loss: 0.1566 - acc: 0.9541 - val_loss: 0.2081 - val_acc: 0.9385
Epoch 116/200
54366/54366 [==============================] - 89s 2ms/step - loss: 0.1630 - acc: 0.9511 - val_loss: 0.1817 - val_acc: 0.9475
Epoch 117/200
54366/54366 [==============================] - 89s 2ms/step - loss: 0.1669 - acc: 0.9504 - val_loss: 0.1543 - val_acc: 0.9559
Epoch 118/200
54366/54366 [==============================] - 89s 2ms/step - loss: 0.1669 - acc: 0.9514 - val_loss: 0.1775 - val_acc: 0.9490
Epoch 119/200
54366/54366 [==============================] - 88s 2ms/step - loss: 0.1609 - acc: 0.9516 - val_loss: 0.2189 - val_acc: 0.9387
Epoch 120/200
54366/54366 [==============================] - 89s 2ms/step - loss: 0.1563 - acc: 0.9542 - val_loss: 0.1818 - val_acc: 0.9466
Epoch 121/200
54366/54366 [==============================] - 89s 2ms/step - loss: 0.1624 - acc: 0.9509 - val_loss: 0.1587 - val_acc: 0.9537
Epoch 122/200
54366/54366 [==============================] - 89s 2ms/step - loss: 0.1547 - acc: 0.9532 - val_loss: 0.1800 - val_acc: 0.9504
Epoch 123/200
54366/54366 [==============================] - 89s 2ms/step - loss: 0.1685 - acc: 0.9506 - val_loss: 0.1635 - val_acc: 0.9526
Epoch 124/200
54366/54366 [==============================] - 89s 2ms/step - loss: 0.1739 - acc: 0.9520 - val_loss: 0.1883 - val_acc: 0.9449
Epoch 125/200
54366/54366 [==============================] - 89s 2ms/step - loss: 0.1529 - acc: 0.9546 - val_loss: 0.1579 - val_acc: 0.9537
Epoch 126/200
54366/54366 [==============================] - 89s 2ms/step - loss: 0.1515 - acc: 0.9536 - val_loss: 0.2253 - val_acc: 0.9364
Epoch 127/200
54366/54366 [==============================] - 89s 2ms/step - loss: 0.1577 - acc: 0.9536 - val_loss: 0.1683 - val_acc: 0.9488
Epoch 128/200
54366/54366 [==============================] - 89s 2ms/step - loss: 0.1529 - acc: 0.9543 - val_loss: 0.3202 - val_acc: 0.8795
Epoch 129/200
54366/54366 [==============================] - 89s 2ms/step - loss: 0.1627 - acc: 0.9520 - val_loss: 0.2948 - val_acc: 0.9106
Epoch 130/200
54366/54366 [==============================] - 89s 2ms/step - loss: 0.1531 - acc: 0.9519 - val_loss: 0.1635 - val_acc: 0.9519
Epoch 131/200
54366/54366 [==============================] - 89s 2ms/step - loss: 0.1493 - acc: 0.9535 - val_loss: 0.2064 - val_acc: 0.9352
Epoch 132/200
54366/54366 [==============================] - 89s 2ms/step - loss: 0.1515 - acc: 0.9543 - val_loss: 0.2327 - val_acc: 0.9292
Epoch 133/200
54366/54366 [==============================] - 89s 2ms/step - loss: 0.1499 - acc: 0.9544 - val_loss: 0.2470 - val_acc: 0.9251
Epoch 134/200
54366/54366 [==============================] - 88s 2ms/step - loss: 0.1494 - acc: 0.9545 - val_loss: 0.1593 - val_acc: 0.9538
Epoch 135/200
54366/54366 [==============================] - 89s 2ms/step - loss: 0.1530 - acc: 0.9541 - val_loss: 0.2269 - val_acc: 0.9349
Epoch 136/200
54366/54366 [==============================] - 89s 2ms/step - loss: 0.1550 - acc: 0.9543 - val_loss: 0.3092 - val_acc: 0.9023
Epoch 137/200
54366/54366 [==============================] - 89s 2ms/step - loss: 0.1557 - acc: 0.9522 - val_loss: 0.2089 - val_acc: 0.9379
Epoch 138/200
54366/54366 [==============================] - 88s 2ms/step - loss: 0.1473 - acc: 0.9545 - val_loss: 0.1635 - val_acc: 0.9497
Epoch 139/200
54366/54366 [==============================] - 89s 2ms/step - loss: 0.1479 - acc: 0.9550 - val_loss: 0.1919 - val_acc: 0.9457
Epoch 140/200
54366/54366 [==============================] - 88s 2ms/step - loss: 0.1557 - acc: 0.9542 - val_loss: 0.3664 - val_acc: 0.8828
Epoch 141/200
54366/54366 [==============================] - 89s 2ms/step - loss: 0.1474 - acc: 0.9558 - val_loss: 0.1600 - val_acc: 0.9565
Epoch 142/200
54366/54366 [==============================] - 89s 2ms/step - loss: 0.1493 - acc: 0.9534 - val_loss: 0.1701 - val_acc: 0.9491
Epoch 143/200
54366/54366 [==============================] - 88s 2ms/step - loss: 0.1461 - acc: 0.9559 - val_loss: 0.1532 - val_acc: 0.9528
Epoch 144/200
54366/54366 [==============================] - 88s 2ms/step - loss: 0.1453 - acc: 0.9554 - val_loss: 0.1537 - val_acc: 0.9543
Epoch 145/200
54366/54366 [==============================] - 88s 2ms/step - loss: 0.1450 - acc: 0.9556 - val_loss: 0.2070 - val_acc: 0.9391
Epoch 146/200
54366/54366 [==============================] - 88s 2ms/step - loss: 0.1489 - acc: 0.9539 - val_loss: 0.1511 - val_acc: 0.9555
Epoch 147/200
54366/54366 [==============================] - 88s 2ms/step - loss: 0.1417 - acc: 0.9555 - val_loss: 0.1904 - val_acc: 0.9445
Epoch 148/200
54366/54366 [==============================] - 88s 2ms/step - loss: 0.1524 - acc: 0.9551 - val_loss: 0.1725 - val_acc: 0.9490
Epoch 149/200
54366/54366 [==============================] - 88s 2ms/step - loss: 0.1495 - acc: 0.9557 - val_loss: 0.1484 - val_acc: 0.9554
Epoch 150/200
54366/54366 [==============================] - 88s 2ms/step - loss: 0.1444 - acc: 0.9545 - val_loss: 0.1772 - val_acc: 0.9467
Epoch 151/200
54366/54366 [==============================] - 89s 2ms/step - loss: 0.1411 - acc: 0.9558 - val_loss: 0.1881 - val_acc: 0.9428
Epoch 152/200
54366/54366 [==============================] - 89s 2ms/step - loss: 0.1527 - acc: 0.9545 - val_loss: 0.2395 - val_acc: 0.9371
Epoch 153/200
54366/54366 [==============================] - 89s 2ms/step - loss: 0.1508 - acc: 0.9545 - val_loss: 0.1780 - val_acc: 0.9451
Epoch 154/200
54366/54366 [==============================] - 89s 2ms/step - loss: 0.1586 - acc: 0.9503 - val_loss: 0.2000 - val_acc: 0.9364
Epoch 155/200
54366/54366 [==============================] - 89s 2ms/step - loss: 0.1417 - acc: 0.9563 - val_loss: 0.1617 - val_acc: 0.9509
Epoch 156/200
54366/54366 [==============================] - 89s 2ms/step - loss: 0.1398 - acc: 0.9570 - val_loss: 0.1466 - val_acc: 0.9567
Epoch 157/200
54366/54366 [==============================] - 89s 2ms/step - loss: 0.1426 - acc: 0.9554 - val_loss: 0.1507 - val_acc: 0.9576
Epoch 158/200
54366/54366 [==============================] - 89s 2ms/step - loss: 0.1495 - acc: 0.9548 - val_loss: 0.1500 - val_acc: 0.9559
Epoch 159/200
54366/54366 [==============================] - 89s 2ms/step - loss: 0.1749 - acc: 0.9502 - val_loss: 0.4314 - val_acc: 0.8487
Epoch 160/200
54366/54366 [==============================] - 89s 2ms/step - loss: 0.2177 - acc: 0.9357 - val_loss: 0.2353 - val_acc: 0.9309
Epoch 161/200
54366/54366 [==============================] - 89s 2ms/step - loss: 0.1484 - acc: 0.9550 - val_loss: 0.1665 - val_acc: 0.9513
Epoch 162/200
54366/54366 [==============================] - 89s 2ms/step - loss: 0.1475 - acc: 0.9505 - val_loss: 0.4609 - val_acc: 0.8519
Epoch 163/200
54366/54366 [==============================] - 89s 2ms/step - loss: 0.1422 - acc: 0.9528 - val_loss: 0.1693 - val_acc: 0.9460
Epoch 164/200
54366/54366 [==============================] - 89s 2ms/step - loss: 0.1371 - acc: 0.9570 - val_loss: 0.1985 - val_acc: 0.9369
Epoch 165/200
54366/54366 [==============================] - 88s 2ms/step - loss: 0.1428 - acc: 0.9501 - val_loss: 0.1558 - val_acc: 0.9538
Epoch 166/200
54366/54366 [==============================] - 89s 2ms/step - loss: 0.1330 - acc: 0.9575 - val_loss: 0.1739 - val_acc: 0.9471
Epoch 167/200
54366/54366 [==============================] - 89s 2ms/step - loss: 0.1362 - acc: 0.9567 - val_loss: 0.2027 - val_acc: 0.9406
Epoch 168/200
54366/54366 [==============================] - 89s 2ms/step - loss: 0.1378 - acc: 0.9557 - val_loss: 0.1917 - val_acc: 0.9396
Epoch 169/200
54366/54366 [==============================] - 88s 2ms/step - loss: 0.1368 - acc: 0.9561 - val_loss: 0.2267 - val_acc: 0.9290
Epoch 170/200
54366/54366 [==============================] - 89s 2ms/step - loss: 0.1360 - acc: 0.9544 - val_loss: 0.1848 - val_acc: 0.9444
Epoch 171/200
54366/54366 [==============================] - 88s 2ms/step - loss: 0.1411 - acc: 0.9548 - val_loss: 0.3721 - val_acc: 0.8854
Epoch 172/200
54366/54366 [==============================] - 89s 2ms/step - loss: 0.1362 - acc: 0.9553 - val_loss: 0.3167 - val_acc: 0.9123
Epoch 173/200
54366/54366 [==============================] - 89s 2ms/step - loss: 0.1398 - acc: 0.9552 - val_loss: 0.1784 - val_acc: 0.9398
Epoch 174/200
54366/54366 [==============================] - 89s 2ms/step - loss: 0.1414 - acc: 0.9557 - val_loss: 0.1391 - val_acc: 0.9588
Epoch 175/200
54366/54366 [==============================] - 89s 2ms/step - loss: 0.1400 - acc: 0.9557 - val_loss: 0.2101 - val_acc: 0.9384
Epoch 176/200
54366/54366 [==============================] - 89s 2ms/step - loss: 0.1342 - acc: 0.9548 - val_loss: 0.2652 - val_acc: 0.9234
Epoch 177/200
54366/54366 [==============================] - 89s 2ms/step - loss: 0.1430 - acc: 0.9547 - val_loss: 0.1777 - val_acc: 0.9439
Epoch 178/200
54366/54366 [==============================] - 90s 2ms/step - loss: 0.1358 - acc: 0.9562 - val_loss: 0.1506 - val_acc: 0.9560
Epoch 179/200
54366/54366 [==============================] - 89s 2ms/step - loss: 0.1384 - acc: 0.9525 - val_loss: 0.1561 - val_acc: 0.9517
Epoch 180/200
54366/54366 [==============================] - 89s 2ms/step - loss: 0.1292 - acc: 0.9584 - val_loss: 0.1474 - val_acc: 0.9581
Epoch 181/200
54366/54366 [==============================] - 89s 2ms/step - loss: 0.1369 - acc: 0.9582 - val_loss: 0.1533 - val_acc: 0.9545
Epoch 182/200
54366/54366 [==============================] - 89s 2ms/step - loss: 0.1331 - acc: 0.9562 - val_loss: 0.2019 - val_acc: 0.9349
Epoch 183/200
54366/54366 [==============================] - 88s 2ms/step - loss: 0.1417 - acc: 0.9550 - val_loss: 0.1665 - val_acc: 0.9501
Epoch 184/200
54366/54366 [==============================] - 89s 2ms/step - loss: 0.1323 - acc: 0.9578 - val_loss: 0.1609 - val_acc: 0.9522
Epoch 185/200
54366/54366 [==============================] - 89s 2ms/step - loss: 0.1317 - acc: 0.9575 - val_loss: 0.1451 - val_acc: 0.9565
Epoch 186/200
54366/54366 [==============================] - 89s 2ms/step - loss: 0.1277 - acc: 0.9589 - val_loss: 0.2345 - val_acc: 0.9332
Epoch 187/200
54366/54366 [==============================] - 89s 2ms/step - loss: 0.1292 - acc: 0.9581 - val_loss: 0.1713 - val_acc: 0.9501
Epoch 188/200
54366/54366 [==============================] - 88s 2ms/step - loss: 0.1379 - acc: 0.9555 - val_loss: 0.2948 - val_acc: 0.9214
Epoch 189/200
54366/54366 [==============================] - 89s 2ms/step - loss: 0.1312 - acc: 0.9573 - val_loss: 0.2191 - val_acc: 0.9284
Epoch 190/200
54366/54366 [==============================] - 88s 2ms/step - loss: 0.1455 - acc: 0.9556 - val_loss: 0.1646 - val_acc: 0.9520
Epoch 191/200
54366/54366 [==============================] - 89s 2ms/step - loss: 0.1333 - acc: 0.9577 - val_loss: 0.1688 - val_acc: 0.9481
Epoch 192/200
54366/54366 [==============================] - 89s 2ms/step - loss: 0.1230 - acc: 0.9592 - val_loss: 0.1629 - val_acc: 0.9520
Epoch 193/200
54366/54366 [==============================] - 89s 2ms/step - loss: 0.1319 - acc: 0.9564 - val_loss: 0.2865 - val_acc: 0.9348
Epoch 194/200
54366/54366 [==============================] - 89s 2ms/step - loss: 0.1334 - acc: 0.9581 - val_loss: 0.1647 - val_acc: 0.9502
Epoch 195/200
54366/54366 [==============================] - 89s 2ms/step - loss: 0.1304 - acc: 0.9587 - val_loss: 0.1496 - val_acc: 0.9543
Epoch 196/200
54366/54366 [==============================] - 89s 2ms/step - loss: 0.1309 - acc: 0.9574 - val_loss: 0.4895 - val_acc: 0.8735
Epoch 197/200
54366/54366 [==============================] - 89s 2ms/step - loss: 0.1321 - acc: 0.9571 - val_loss: 0.1506 - val_acc: 0.9556
Epoch 198/200
54366/54366 [==============================] - 89s 2ms/step - loss: 0.1372 - acc: 0.9544 - val_loss: 0.1558 - val_acc: 0.9533
Epoch 199/200
54366/54366 [==============================] - 89s 2ms/step - loss: 0.1284 - acc: 0.9573 - val_loss: 0.1512 - val_acc: 0.9535
Epoch 200/200
54366/54366 [==============================] - 88s 2ms/step - loss: 0.1277 - acc: 0.9568 - val_loss: 0.1763 - val_acc: 0.9413
                        precision    recall  f1-score   support

CRIME, LAW ENFORCEMENT   0.962711  0.946554  0.954564      6137
  ECONOMIC PERFORMANCE   0.935597  0.959184  0.947244      1666
             ELECTIONS   0.950192  0.930582  0.940284      2132
                HEALTH   0.902538  0.908998  0.905756       978
              RELIGION   0.744015  0.950588  0.834711       425
                SPORTS   0.990834  0.987913  0.989371      6784

              accuracy                       0.959386     18122
             macro avg   0.914314  0.947303  0.928655     18122
          weighted avg   0.960897  0.959386  0.959796     18122

