32742/32742 [==============================] - 14s 413us/step - loss: 0.8417 - acc: 0.6531 - val_loss: 1.9432 - val_acc: 0.5200
Epoch 181/500
32742/32742 [==============================] - 14s 418us/step - loss: 0.9601 - acc: 0.6426 - val_loss: 1.9643 - val_acc: 0.4884
Epoch 182/500
32742/32742 [==============================] - 14s 426us/step - loss: 0.8926 - acc: 0.6383 - val_loss: 1.9130 - val_acc: 0.5268
Epoch 183/500
32742/32742 [==============================] - 14s 434us/step - loss: 0.8276 - acc: 0.6571 - val_loss: 1.9314 - val_acc: 0.5229
Epoch 184/500
32742/32742 [==============================] - 14s 417us/step - loss: 0.8389 - acc: 0.6528 - val_loss: 1.9502 - val_acc: 0.5215
                                                               precision    recall  f1-score   support

                             Bacterial Infections and Mycoses   0.776135  0.696023  0.733899      1056
                                               Virus Diseases   0.186567  0.537634  0.277008        93
                                           Parasitic Diseases   0.768657  0.815303  0.791293       379
                                                    Neoplasms   0.370478  0.494208  0.423490       518
                                     Musculoskeletal Diseases   0.138728  0.352941  0.199170        68
                                    Digestive System Diseases   0.662851  0.583333  0.620555      1092
                                      Stomatognathic Diseases   0.626039  0.567839  0.595520       398
                                   Respiratory Tract Diseases   0.557789  0.649123  0.600000       342
                                Otorhinolaryngologic Diseases   0.516364  0.636771  0.570281       223
                                      Nervous System Diseases   0.157025  0.537736  0.243070       106
                                                 Eye Diseases   0.645777  0.711712  0.677143       333
                                     Male Urogenital Diseases   0.802488  0.626214  0.703476       824
       Female Urogenital Diseases and Pregnancy Complications   0.209622  0.598039  0.310433       102
                                      Cardiovascular Diseases   0.165261  0.597561  0.258917       164
                                 Hemic and Lymphatic Diseases   0.711900  0.559016  0.626263       610
Congenital Hereditary and Neonatal Diseases and Abnormalities   0.457865  0.210594  0.288496       774
                          Skin and Connective Tissue Diseases   0.039062  0.138889  0.060976        36
                           Nutritional and Metabolic Diseases   0.250704  0.549383  0.344294       162
                                    Endocrine System Diseases   0.603604  0.260700  0.364130       771
                                       Immune System Diseases   0.106667  0.470588  0.173913        34
                            Disorders of Environmental Origin   0.000000  0.000000  0.000000         4
                                              Animal Diseases   0.489540  0.384447  0.430675       913
               Pathological Conditions and Signs and Symptoms   0.111888  0.059925  0.078049       267
                                        Occupational Diseases   0.198157  0.500000  0.283828        86
                                 Chemically-Induced Disorders   0.567929  0.474860  0.517241       537
                                          Wounds and Injuries   0.766585  0.609971  0.679369      1023

                                                     accuracy                       0.519835     10915
                                                    macro avg   0.418757  0.485493  0.417365     10915
                                                 weighted avg   0.589343  0.519835  0.535667     10915
