n on 32742 samples, validate on 10914 samples
Epoch 1/500
2019-07-28 18:34:02.449682: I tensorflow/stream_executor/dso_loader.cc:152] successfully opened CUDA library libcublas.so.10.0 locally
32742/32742 [==============================] - 25s 776us/step - loss: 3.2490 - acc: 0.0473 - val_loss: 3.2369 - val_acc: 0.0553
Epoch 2/500
32742/32742 [==============================] - 22s 663us/step - loss: 3.1900 - acc: 0.0688 - val_loss: 3.1264 - val_acc: 0.0711
Epoch 3/500
32742/32742 [==============================] - 22s 661us/step - loss: 3.0833 - acc: 0.0993 - val_loss: 2.9772 - val_acc: 0.1865
Epoch 4/500
32742/32742 [==============================] - 22s 673us/step - loss: 2.9174 - acc: 0.1645 - val_loss: 2.7970 - val_acc: 0.2272
Epoch 5/500
32742/32742 [==============================] - 21s 651us/step - loss: 2.7731 - acc: 0.2267 - val_loss: 2.5885 - val_acc: 0.3149
Epoch 6/500
32742/32742 [==============================] - 21s 655us/step - loss: 2.6272 - acc: 0.2664 - val_loss: 2.4438 - val_acc: 0.3650
Epoch 7/500
32742/32742 [==============================] - 22s 662us/step - loss: 2.5366 - acc: 0.2929 - val_loss: 2.4137 - val_acc: 0.3729
Epoch 8/500
32742/32742 [==============================] - 21s 644us/step - loss: 2.4506 - acc: 0.3132 - val_loss: 2.2829 - val_acc: 0.3909
Epoch 9/500
32742/32742 [==============================] - 22s 664us/step - loss: 2.3755 - acc: 0.3369 - val_loss: 2.1875 - val_acc: 0.4345
Epoch 10/500
32742/32742 [==============================] - 21s 650us/step - loss: 2.3157 - acc: 0.3565 - val_loss: 2.2015 - val_acc: 0.4152
Epoch 11/500
32742/32742 [==============================] - 21s 649us/step - loss: 2.2630 - acc: 0.3710 - val_loss: 2.0846 - val_acc: 0.4563
Epoch 12/500
32742/32742 [==============================] - 21s 643us/step - loss: 2.1971 - acc: 0.3807 - val_loss: 2.0222 - val_acc: 0.4738
Epoch 13/500
32742/32742 [==============================] - 21s 649us/step - loss: 2.1619 - acc: 0.3937 - val_loss: 2.0637 - val_acc: 0.4535
Epoch 14/500
32742/32742 [==============================] - 22s 661us/step - loss: 2.1305 - acc: 0.4001 - val_loss: 2.0364 - val_acc: 0.4621
Epoch 15/500
32742/32742 [==============================] - 21s 642us/step - loss: 2.1079 - acc: 0.4054 - val_loss: 1.9789 - val_acc: 0.4713
Epoch 16/500
32742/32742 [==============================] - 22s 663us/step - loss: 2.0564 - acc: 0.4182 - val_loss: 1.9088 - val_acc: 0.5007
Epoch 17/500
32742/32742 [==============================] - 21s 652us/step - loss: 2.0345 - acc: 0.4203 - val_loss: 1.9222 - val_acc: 0.4896
Epoch 18/500
32742/32742 [==============================] - 21s 656us/step - loss: 2.0163 - acc: 0.4268 - val_loss: 1.8744 - val_acc: 0.5026
Epoch 19/500
32742/32742 [==============================] - 22s 661us/step - loss: 1.9830 - acc: 0.4316 - val_loss: 1.8652 - val_acc: 0.5048
Epoch 20/500
32742/32742 [==============================] - 22s 670us/step - loss: 1.9799 - acc: 0.4344 - val_loss: 1.8680 - val_acc: 0.5016
Epoch 21/500
32742/32742 [==============================] - 22s 665us/step - loss: 1.9626 - acc: 0.4361 - val_loss: 1.8495 - val_acc: 0.5104
Epoch 22/500
32742/32742 [==============================] - 22s 662us/step - loss: 1.9500 - acc: 0.4397 - val_loss: 1.8531 - val_acc: 0.5007
Epoch 23/500
32742/32742 [==============================] - 22s 659us/step - loss: 1.9275 - acc: 0.4400 - val_loss: 1.8062 - val_acc: 0.5208
Epoch 24/500
32742/32742 [==============================] - 21s 650us/step - loss: 1.8955 - acc: 0.4484 - val_loss: 1.8096 - val_acc: 0.5182
Epoch 25/500
32742/32742 [==============================] - 22s 658us/step - loss: 1.8791 - acc: 0.4498 - val_loss: 1.8015 - val_acc: 0.5181
Epoch 26/500
32742/32742 [==============================] - 22s 670us/step - loss: 1.8698 - acc: 0.4546 - val_loss: 1.7943 - val_acc: 0.5129
Epoch 27/500
32742/32742 [==============================] - 21s 653us/step - loss: 1.8590 - acc: 0.4559 - val_loss: 1.7885 - val_acc: 0.5160
Epoch 28/500
32742/32742 [==============================] - 22s 661us/step - loss: 1.8727 - acc: 0.4525 - val_loss: 1.7556 - val_acc: 0.5223
Epoch 29/500
32742/32742 [==============================] - 22s 659us/step - loss: 1.8343 - acc: 0.4603 - val_loss: 1.7601 - val_acc: 0.5194
Epoch 30/500
32742/32742 [==============================] - 22s 658us/step - loss: 1.8337 - acc: 0.4583 - val_loss: 1.7527 - val_acc: 0.5246
Epoch 31/500
32742/32742 [==============================] - 21s 654us/step - loss: 1.8288 - acc: 0.4645 - val_loss: 1.7656 - val_acc: 0.5164
Epoch 32/500
32742/32742 [==============================] - 21s 651us/step - loss: 1.7937 - acc: 0.4656 - val_loss: 1.7367 - val_acc: 0.5253
Epoch 33/500
32742/32742 [==============================] - 21s 646us/step - loss: 1.8151 - acc: 0.4653 - val_loss: 1.7460 - val_acc: 0.5185
Epoch 34/500
32742/32742 [==============================] - 22s 660us/step - loss: 1.7820 - acc: 0.4661 - val_loss: 1.7105 - val_acc: 0.5283
Epoch 35/500
32742/32742 [==============================] - 21s 654us/step - loss: 1.7757 - acc: 0.4708 - val_loss: 1.7294 - val_acc: 0.5257
Epoch 36/500
32742/32742 [==============================] - 21s 653us/step - loss: 1.7832 - acc: 0.4701 - val_loss: 1.7519 - val_acc: 0.5128
Epoch 37/500
32742/32742 [==============================] - 21s 648us/step - loss: 1.7600 - acc: 0.4701 - val_loss: 1.7109 - val_acc: 0.5302
Epoch 38/500
32742/32742 [==============================] - 21s 651us/step - loss: 1.7422 - acc: 0.4725 - val_loss: 1.6987 - val_acc: 0.5310
Epoch 39/500
32742/32742 [==============================] - 22s 657us/step - loss: 1.7754 - acc: 0.4772 - val_loss: 1.6868 - val_acc: 0.5378
Epoch 40/500
32742/32742 [==============================] - 21s 656us/step - loss: 1.7372 - acc: 0.4790 - val_loss: 1.7107 - val_acc: 0.5251
Epoch 41/500
32742/32742 [==============================] - 21s 652us/step - loss: 1.7342 - acc: 0.4735 - val_loss: 1.7047 - val_acc: 0.5267
Epoch 42/500
32742/32742 [==============================] - 22s 659us/step - loss: 1.7181 - acc: 0.4786 - val_loss: 1.6841 - val_acc: 0.5348
Epoch 43/500
32742/32742 [==============================] - 22s 673us/step - loss: 1.7035 - acc: 0.4820 - val_loss: 1.6818 - val_acc: 0.5352
Epoch 44/500
32742/32742 [==============================] - 22s 672us/step - loss: 1.7037 - acc: 0.4827 - val_loss: 1.6715 - val_acc: 0.5365
Epoch 45/500
32742/32742 [==============================] - 21s 649us/step - loss: 1.7154 - acc: 0.4798 - val_loss: 1.6930 - val_acc: 0.5289
Epoch 46/500
32742/32742 [==============================] - 21s 656us/step - loss: 1.6895 - acc: 0.4814 - val_loss: 1.6531 - val_acc: 0.5454
Epoch 47/500
32742/32742 [==============================] - 21s 646us/step - loss: 1.6650 - acc: 0.4885 - val_loss: 1.6444 - val_acc: 0.5458
Epoch 48/500
32742/32742 [==============================] - 21s 648us/step - loss: 1.7003 - acc: 0.4867 - val_loss: 1.6564 - val_acc: 0.5413
Epoch 49/500
32742/32742 [==============================] - 21s 652us/step - loss: 1.6899 - acc: 0.4866 - val_loss: 1.6318 - val_acc: 0.5476
Epoch 50/500
32742/32742 [==============================] - 22s 662us/step - loss: 1.6856 - acc: 0.4846 - val_loss: 1.6698 - val_acc: 0.5370
Epoch 51/500
32742/32742 [==============================] - 22s 668us/step - loss: 1.6678 - acc: 0.4915 - val_loss: 1.6469 - val_acc: 0.5419
Epoch 52/500
32742/32742 [==============================] - 22s 659us/step - loss: 1.6667 - acc: 0.4886 - val_loss: 1.6388 - val_acc: 0.5462
Epoch 53/500
32742/32742 [==============================] - 21s 643us/step - loss: 1.6767 - acc: 0.4913 - val_loss: 1.6534 - val_acc: 0.5363
Epoch 54/500
32742/32742 [==============================] - 21s 634us/step - loss: 1.6582 - acc: 0.4893 - val_loss: 1.6298 - val_acc: 0.5456
Epoch 55/500
32742/32742 [==============================] - 21s 650us/step - loss: 1.6422 - acc: 0.4939 - val_loss: 1.6327 - val_acc: 0.5458
Epoch 56/500
32742/32742 [==============================] - 22s 672us/step - loss: 1.6387 - acc: 0.4938 - val_loss: 1.6316 - val_acc: 0.5441
Epoch 57/500
32742/32742 [==============================] - 21s 651us/step - loss: 1.6346 - acc: 0.4949 - val_loss: 1.6110 - val_acc: 0.5544
Epoch 58/500
32742/32742 [==============================] - 22s 660us/step - loss: 1.6279 - acc: 0.4977 - val_loss: 1.6219 - val_acc: 0.5473
Epoch 59/500
32742/32742 [==============================] - 21s 645us/step - loss: 1.6136 - acc: 0.4977 - val_loss: 1.6031 - val_acc: 0.5585
Epoch 60/500
32742/32742 [==============================] - 22s 664us/step - loss: 1.6008 - acc: 0.5023 - val_loss: 1.6117 - val_acc: 0.5515
Epoch 61/500
32742/32742 [==============================] - 21s 650us/step - loss: 1.5986 - acc: 0.5015 - val_loss: 1.6094 - val_acc: 0.5484
Epoch 62/500
32742/32742 [==============================] - 22s 661us/step - loss: 1.6248 - acc: 0.4982 - val_loss: 1.6116 - val_acc: 0.5477
Epoch 63/500
32742/32742 [==============================] - 21s 651us/step - loss: 1.6013 - acc: 0.5014 - val_loss: 1.5998 - val_acc: 0.5509
Epoch 64/500
32742/32742 [==============================] - 22s 681us/step - loss: 1.5959 - acc: 0.5024 - val_loss: 1.6132 - val_acc: 0.5442
Epoch 65/500
32742/32742 [==============================] - 21s 651us/step - loss: 1.5972 - acc: 0.5024 - val_loss: 1.6148 - val_acc: 0.5470
Epoch 66/500
32742/32742 [==============================] - 21s 651us/step - loss: 1.5918 - acc: 0.5011 - val_loss: 1.6074 - val_acc: 0.5461
Epoch 67/500
32742/32742 [==============================] - 21s 644us/step - loss: 1.5640 - acc: 0.5044 - val_loss: 1.5782 - val_acc: 0.5531
Epoch 68/500
32742/32742 [==============================] - 21s 646us/step - loss: 1.5796 - acc: 0.5048 - val_loss: 1.5799 - val_acc: 0.5529
Epoch 69/500
32742/32742 [==============================] - 22s 670us/step - loss: 1.5569 - acc: 0.5073 - val_loss: 1.6095 - val_acc: 0.5427
Epoch 70/500
32742/32742 [==============================] - 22s 666us/step - loss: 1.5559 - acc: 0.5052 - val_loss: 1.5831 - val_acc: 0.5551
Epoch 71/500
32742/32742 [==============================] - 21s 650us/step - loss: 1.5684 - acc: 0.5064 - val_loss: 1.6081 - val_acc: 0.5471
Epoch 72/500
32742/32742 [==============================] - 22s 659us/step - loss: 1.5628 - acc: 0.5097 - val_loss: 1.5676 - val_acc: 0.5599
Epoch 73/500
32742/32742 [==============================] - 21s 652us/step - loss: 1.5507 - acc: 0.5069 - val_loss: 1.5866 - val_acc: 0.5513
Epoch 74/500
32742/32742 [==============================] - 21s 643us/step - loss: 1.5569 - acc: 0.5111 - val_loss: 1.5564 - val_acc: 0.5598
Epoch 75/500
32742/32742 [==============================] - 21s 654us/step - loss: 1.5568 - acc: 0.5107 - val_loss: 1.5467 - val_acc: 0.5631
Epoch 76/500
32742/32742 [==============================] - 21s 644us/step - loss: 1.5428 - acc: 0.5129 - val_loss: 1.5735 - val_acc: 0.5567
Epoch 77/500
32742/32742 [==============================] - 21s 654us/step - loss: 1.5442 - acc: 0.5096 - val_loss: 1.5482 - val_acc: 0.5611
Epoch 78/500
32742/32742 [==============================] - 22s 662us/step - loss: 1.5474 - acc: 0.5130 - val_loss: 1.5574 - val_acc: 0.5599
Epoch 79/500
32742/32742 [==============================] - 21s 648us/step - loss: 1.5283 - acc: 0.5115 - val_loss: 1.5503 - val_acc: 0.5628
Epoch 80/500
32742/32742 [==============================] - 21s 651us/step - loss: 1.5112 - acc: 0.5139 - val_loss: 1.5426 - val_acc: 0.5672
Epoch 81/500
32742/32742 [==============================] - 21s 649us/step - loss: 1.5303 - acc: 0.5180 - val_loss: 1.5599 - val_acc: 0.5598
Epoch 82/500
32742/32742 [==============================] - 22s 669us/step - loss: 1.5115 - acc: 0.5154 - val_loss: 1.5412 - val_acc: 0.5658
Epoch 83/500
32742/32742 [==============================] - 21s 656us/step - loss: 1.5209 - acc: 0.5130 - val_loss: 1.5260 - val_acc: 0.5703
Epoch 84/500
32742/32742 [==============================] - 21s 651us/step - loss: 1.4964 - acc: 0.5206 - val_loss: 1.5638 - val_acc: 0.5557
Epoch 85/500
32742/32742 [==============================] - 21s 650us/step - loss: 1.5224 - acc: 0.5177 - val_loss: 1.5404 - val_acc: 0.5640
Epoch 86/500
32742/32742 [==============================] - 21s 652us/step - loss: 1.5012 - acc: 0.5136 - val_loss: 1.5448 - val_acc: 0.5614
Epoch 87/500
32742/32742 [==============================] - 22s 666us/step - loss: 1.5060 - acc: 0.5217 - val_loss: 1.5515 - val_acc: 0.5602
Epoch 88/500
32742/32742 [==============================] - 21s 648us/step - loss: 1.4845 - acc: 0.5185 - val_loss: 1.5386 - val_acc: 0.5642
Epoch 89/500
32742/32742 [==============================] - 21s 654us/step - loss: 1.4819 - acc: 0.5213 - val_loss: 1.5364 - val_acc: 0.5638
Epoch 90/500
32742/32742 [==============================] - 21s 637us/step - loss: 1.4848 - acc: 0.5205 - val_loss: 1.5499 - val_acc: 0.5625
Epoch 91/500
32742/32742 [==============================] - 21s 649us/step - loss: 1.4645 - acc: 0.5206 - val_loss: 1.5159 - val_acc: 0.5728
Epoch 92/500
32742/32742 [==============================] - 21s 656us/step - loss: 1.4756 - acc: 0.5246 - val_loss: 1.5129 - val_acc: 0.5709
Epoch 93/500
32742/32742 [==============================] - 22s 663us/step - loss: 1.4933 - acc: 0.5195 - val_loss: 1.5267 - val_acc: 0.5675
Epoch 94/500
32742/32742 [==============================] - 22s 662us/step - loss: 1.4567 - acc: 0.5243 - val_loss: 1.5247 - val_acc: 0.5699
Epoch 95/500
32742/32742 [==============================] - 22s 667us/step - loss: 1.4502 - acc: 0.5243 - val_loss: 1.5058 - val_acc: 0.5734
Epoch 96/500
32742/32742 [==============================] - 21s 653us/step - loss: 1.4519 - acc: 0.5244 - val_loss: 1.5258 - val_acc: 0.5692
Epoch 97/500
32742/32742 [==============================] - 21s 650us/step - loss: 1.4464 - acc: 0.5265 - val_loss: 1.5471 - val_acc: 0.5567
Epoch 98/500
32742/32742 [==============================] - 21s 653us/step - loss: 1.4469 - acc: 0.5239 - val_loss: 1.5173 - val_acc: 0.5712
Epoch 99/500
32742/32742 [==============================] - 21s 642us/step - loss: 1.4457 - acc: 0.5310 - val_loss: 1.5190 - val_acc: 0.5684
Epoch 100/500
32742/32742 [==============================] - 21s 643us/step - loss: 1.4544 - acc: 0.5287 - val_loss: 1.5060 - val_acc: 0.5724
Epoch 101/500
32742/32742 [==============================] - 22s 660us/step - loss: 1.4241 - acc: 0.5280 - val_loss: 1.5091 - val_acc: 0.5705
Epoch 102/500
32742/32742 [==============================] - 21s 647us/step - loss: 1.4228 - acc: 0.5300 - val_loss: 1.5189 - val_acc: 0.5674
Epoch 103/500
32742/32742 [==============================] - 22s 667us/step - loss: 1.4253 - acc: 0.5275 - val_loss: 1.5168 - val_acc: 0.5700
Epoch 104/500
32742/32742 [==============================] - 21s 646us/step - loss: 1.4232 - acc: 0.5305 - val_loss: 1.5197 - val_acc: 0.5688
Epoch 105/500
32742/32742 [==============================] - 21s 645us/step - loss: 1.4128 - acc: 0.5315 - val_loss: 1.4969 - val_acc: 0.5770
Epoch 106/500
32742/32742 [==============================] - 21s 654us/step - loss: 1.4039 - acc: 0.5334 - val_loss: 1.4994 - val_acc: 0.5739
Epoch 107/500
32742/32742 [==============================] - 21s 652us/step - loss: 1.3923 - acc: 0.5364 - val_loss: 1.5061 - val_acc: 0.5707
Epoch 108/500
32742/32742 [==============================] - 21s 650us/step - loss: 1.4075 - acc: 0.5335 - val_loss: 1.5360 - val_acc: 0.5604
Epoch 109/500
32742/32742 [==============================] - 22s 658us/step - loss: 1.3805 - acc: 0.5347 - val_loss: 1.4926 - val_acc: 0.5735
Epoch 110/500
32742/32742 [==============================] - 21s 644us/step - loss: 1.3873 - acc: 0.5381 - val_loss: 1.5090 - val_acc: 0.5659
Epoch 111/500
32742/32742 [==============================] - 22s 670us/step - loss: 1.3946 - acc: 0.5349 - val_loss: 1.4951 - val_acc: 0.5744
Epoch 112/500
32742/32742 [==============================] - 21s 653us/step - loss: 1.3831 - acc: 0.5366 - val_loss: 1.4984 - val_acc: 0.5721
Epoch 113/500
32742/32742 [==============================] - 22s 666us/step - loss: 1.3852 - acc: 0.5395 - val_loss: 1.5245 - val_acc: 0.5647
Epoch 114/500
32742/32742 [==============================] - 21s 644us/step - loss: 1.3809 - acc: 0.5404 - val_loss: 1.4764 - val_acc: 0.5808
Epoch 115/500
32742/32742 [==============================] - 22s 660us/step - loss: 1.3783 - acc: 0.5362 - val_loss: 1.4830 - val_acc: 0.5749
Epoch 116/500
32742/32742 [==============================] - 22s 664us/step - loss: 1.3940 - acc: 0.5373 - val_loss: 1.4970 - val_acc: 0.5712
Epoch 117/500
32742/32742 [==============================] - 21s 653us/step - loss: 1.3694 - acc: 0.5360 - val_loss: 1.4774 - val_acc: 0.5755
Epoch 118/500
32742/32742 [==============================] - 22s 658us/step - loss: 1.3705 - acc: 0.5411 - val_loss: 1.4943 - val_acc: 0.5720
Epoch 119/500
32742/32742 [==============================] - 22s 663us/step - loss: 1.3646 - acc: 0.5387 - val_loss: 1.4860 - val_acc: 0.5753
Epoch 120/500
32742/32742 [==============================] - 22s 667us/step - loss: 1.3443 - acc: 0.5413 - val_loss: 1.4764 - val_acc: 0.5797
Epoch 121/500
32742/32742 [==============================] - 21s 650us/step - loss: 1.3648 - acc: 0.5352 - val_loss: 1.4681 - val_acc: 0.5822
Epoch 122/500
32742/32742 [==============================] - 22s 661us/step - loss: 1.3415 - acc: 0.5478 - val_loss: 1.4917 - val_acc: 0.5739
Epoch 123/500
32742/32742 [==============================] - 21s 649us/step - loss: 1.3505 - acc: 0.5408 - val_loss: 1.4630 - val_acc: 0.5850
Epoch 124/500
32742/32742 [==============================] - 22s 664us/step - loss: 1.3524 - acc: 0.5399 - val_loss: 1.4837 - val_acc: 0.5780
Epoch 125/500
32742/32742 [==============================] - 21s 643us/step - loss: 1.3571 - acc: 0.5451 - val_loss: 1.4873 - val_acc: 0.5743
Epoch 126/500
32742/32742 [==============================] - 22s 661us/step - loss: 1.3518 - acc: 0.5417 - val_loss: 1.4949 - val_acc: 0.5704
Epoch 127/500
32742/32742 [==============================] - 22s 663us/step - loss: 1.3419 - acc: 0.5420 - val_loss: 1.4812 - val_acc: 0.5779
Epoch 128/500
32742/32742 [==============================] - 21s 651us/step - loss: 1.3370 - acc: 0.5442 - val_loss: 1.4722 - val_acc: 0.5795
Epoch 129/500
32742/32742 [==============================] - 21s 641us/step - loss: 1.3430 - acc: 0.5435 - val_loss: 1.4721 - val_acc: 0.5796
Epoch 130/500
32742/32742 [==============================] - 21s 655us/step - loss: 1.3324 - acc: 0.5441 - val_loss: 1.4579 - val_acc: 0.5831
Epoch 131/500
32742/32742 [==============================] - 21s 654us/step - loss: 1.3531 - acc: 0.5431 - val_loss: 1.4768 - val_acc: 0.5760
Epoch 132/500
32742/32742 [==============================] - 21s 654us/step - loss: 1.3250 - acc: 0.5450 - val_loss: 1.4877 - val_acc: 0.5730
Epoch 133/500
32742/32742 [==============================] - 22s 663us/step - loss: 1.3225 - acc: 0.5469 - val_loss: 1.4558 - val_acc: 0.5873
Epoch 134/500
32742/32742 [==============================] - 21s 654us/step - loss: 1.3123 - acc: 0.5467 - val_loss: 1.4926 - val_acc: 0.5737
Epoch 135/500
32742/32742 [==============================] - 21s 640us/step - loss: 1.3152 - acc: 0.5431 - val_loss: 1.4597 - val_acc: 0.5811
Epoch 136/500
32742/32742 [==============================] - 21s 634us/step - loss: 1.3164 - acc: 0.5462 - val_loss: 1.4573 - val_acc: 0.5844
Epoch 137/500
32742/32742 [==============================] - 22s 670us/step - loss: 1.3161 - acc: 0.5462 - val_loss: 1.4586 - val_acc: 0.5815
Epoch 138/500
32742/32742 [==============================] - 21s 649us/step - loss: 1.3063 - acc: 0.5455 - val_loss: 1.4811 - val_acc: 0.5745
Epoch 139/500
32742/32742 [==============================] - 22s 662us/step - loss: 1.3009 - acc: 0.5494 - val_loss: 1.4643 - val_acc: 0.5829
Epoch 140/500
32742/32742 [==============================] - 22s 667us/step - loss: 1.3108 - acc: 0.5506 - val_loss: 1.4624 - val_acc: 0.5866
Epoch 141/500
32742/32742 [==============================] - 22s 662us/step - loss: 1.2971 - acc: 0.5500 - val_loss: 1.4568 - val_acc: 0.5824
Epoch 142/500
32742/32742 [==============================] - 21s 656us/step - loss: 1.2858 - acc: 0.5517 - val_loss: 1.4526 - val_acc: 0.5856
Epoch 143/500
32742/32742 [==============================] - 22s 680us/step - loss: 1.2868 - acc: 0.5542 - val_loss: 1.4519 - val_acc: 0.5889
Epoch 144/500
32742/32742 [==============================] - 22s 661us/step - loss: 1.2830 - acc: 0.5548 - val_loss: 1.4736 - val_acc: 0.5788
Epoch 145/500
32742/32742 [==============================] - 22s 659us/step - loss: 1.2739 - acc: 0.5538 - val_loss: 1.4642 - val_acc: 0.5820
Epoch 146/500
32742/32742 [==============================] - 21s 653us/step - loss: 1.2999 - acc: 0.5525 - val_loss: 1.4539 - val_acc: 0.5837
Epoch 147/500
32742/32742 [==============================] - 21s 652us/step - loss: 1.2733 - acc: 0.5535 - val_loss: 1.4621 - val_acc: 0.5813
Epoch 148/500
32742/32742 [==============================] - 12s 357us/step - loss: 1.2732 - acc: 0.5548 - val_loss: 1.4552 - val_acc: 0.5857
Epoch 149/500
32742/32742 [==============================] - 12s 355us/step - loss: 1.2820 - acc: 0.5555 - val_loss: 1.4471 - val_acc: 0.5882
Epoch 150/500
32742/32742 [==============================] - 11s 347us/step - loss: 1.2799 - acc: 0.5538 - val_loss: 1.4842 - val_acc: 0.5782
Epoch 151/500
32742/32742 [==============================] - 11s 349us/step - loss: 1.2607 - acc: 0.5575 - val_loss: 1.4639 - val_acc: 0.5808
Epoch 152/500
32742/32742 [==============================] - 11s 348us/step - loss: 1.2679 - acc: 0.5579 - val_loss: 1.4493 - val_acc: 0.5864
Epoch 153/500
32742/32742 [==============================] - 11s 350us/step - loss: 1.2634 - acc: 0.5539 - val_loss: 1.4497 - val_acc: 0.5828
Epoch 154/500
32742/32742 [==============================] - 12s 369us/step - loss: 1.2642 - acc: 0.5601 - val_loss: 1.4691 - val_acc: 0.5809
Epoch 155/500
32742/32742 [==============================] - 11s 347us/step - loss: 1.2624 - acc: 0.5546 - val_loss: 1.4639 - val_acc: 0.5831
Epoch 156/500
32742/32742 [==============================] - 11s 344us/step - loss: 1.2612 - acc: 0.5574 - val_loss: 1.4505 - val_acc: 0.5834
Epoch 157/500
32742/32742 [==============================] - 11s 346us/step - loss: 1.2425 - acc: 0.5590 - val_loss: 1.4431 - val_acc: 0.5859
Epoch 158/500
32742/32742 [==============================] - 11s 348us/step - loss: 1.2390 - acc: 0.5620 - val_loss: 1.4532 - val_acc: 0.5835
Epoch 159/500
32742/32742 [==============================] - 11s 346us/step - loss: 1.2392 - acc: 0.5615 - val_loss: 1.4518 - val_acc: 0.5847
Epoch 160/500
32742/32742 [==============================] - 11s 345us/step - loss: 1.2520 - acc: 0.5615 - val_loss: 1.4521 - val_acc: 0.5828
Epoch 161/500
32742/32742 [==============================] - 12s 365us/step - loss: 1.2261 - acc: 0.5634 - val_loss: 1.4529 - val_acc: 0.5806
Epoch 162/500
32742/32742 [==============================] - 12s 367us/step - loss: 1.2467 - acc: 0.5584 - val_loss: 1.4519 - val_acc: 0.5835
Epoch 163/500
32742/32742 [==============================] - 12s 352us/step - loss: 1.2349 - acc: 0.5601 - val_loss: 1.4536 - val_acc: 0.5827
Epoch 164/500
32742/32742 [==============================] - 11s 346us/step - loss: 1.2495 - acc: 0.5621 - val_loss: 1.4712 - val_acc: 0.5793
Epoch 165/500
32742/32742 [==============================] - 12s 352us/step - loss: 1.2282 - acc: 0.5651 - val_loss: 1.4495 - val_acc: 0.5837
Epoch 166/500
32742/32742 [==============================] - 11s 348us/step - loss: 1.2327 - acc: 0.5610 - val_loss: 1.4372 - val_acc: 0.5866
Epoch 167/500
32742/32742 [==============================] - 12s 364us/step - loss: 1.2321 - acc: 0.5637 - val_loss: 1.4459 - val_acc: 0.5853
Epoch 168/500
32742/32742 [==============================] - 12s 364us/step - loss: 1.2094 - acc: 0.5633 - val_loss: 1.4412 - val_acc: 0.5886
Epoch 169/500
32742/32742 [==============================] - 12s 359us/step - loss: 1.2204 - acc: 0.5625 - val_loss: 1.4440 - val_acc: 0.5890
Epoch 170/500
32742/32742 [==============================] - 12s 362us/step - loss: 1.2169 - acc: 0.5695 - val_loss: 1.4469 - val_acc: 0.5928
Epoch 171/500
32742/32742 [==============================] - 11s 348us/step - loss: 1.2126 - acc: 0.5686 - val_loss: 1.4381 - val_acc: 0.5910
Epoch 172/500
32742/32742 [==============================] - 12s 359us/step - loss: 1.2108 - acc: 0.5652 - val_loss: 1.4565 - val_acc: 0.5861
Epoch 173/500
32742/32742 [==============================] - 12s 352us/step - loss: 1.2244 - acc: 0.5644 - val_loss: 1.4575 - val_acc: 0.5873
Epoch 174/500
32742/32742 [==============================] - 12s 353us/step - loss: 1.2095 - acc: 0.5679 - val_loss: 1.4861 - val_acc: 0.5756
Epoch 175/500
32742/32742 [==============================] - 11s 350us/step - loss: 1.1992 - acc: 0.5703 - val_loss: 1.4473 - val_acc: 0.5866
Epoch 176/500
32742/32742 [==============================] - 12s 352us/step - loss: 1.2157 - acc: 0.5641 - val_loss: 1.4390 - val_acc: 0.5895
Epoch 177/500
32742/32742 [==============================] - 12s 358us/step - loss: 1.1982 - acc: 0.5655 - val_loss: 1.4436 - val_acc: 0.5853
Epoch 178/500
32742/32742 [==============================] - 12s 359us/step - loss: 1.2102 - acc: 0.5698 - val_loss: 1.4327 - val_acc: 0.5913
Epoch 179/500
32742/32742 [==============================] - 11s 340us/step - loss: 1.1976 - acc: 0.5696 - val_loss: 1.4387 - val_acc: 0.5916
Epoch 180/500
32742/32742 [==============================] - 11s 348us/step - loss: 1.1847 - acc: 0.5690 - val_loss: 1.4367 - val_acc: 0.5867
Epoch 181/500
32742/32742 [==============================] - 12s 357us/step - loss: 1.1989 - acc: 0.5728 - val_loss: 1.4377 - val_acc: 0.5881
Epoch 182/500
32742/32742 [==============================] - 11s 349us/step - loss: 1.1903 - acc: 0.5702 - val_loss: 1.4531 - val_acc: 0.5824
Epoch 183/500
32742/32742 [==============================] - 11s 348us/step - loss: 1.1897 - acc: 0.5713 - val_loss: 1.4664 - val_acc: 0.5809
Epoch 184/500
32742/32742 [==============================] - 11s 342us/step - loss: 1.1846 - acc: 0.5726 - val_loss: 1.4508 - val_acc: 0.5896
Epoch 185/500
32742/32742 [==============================] - 11s 344us/step - loss: 1.1865 - acc: 0.5724 - val_loss: 1.4419 - val_acc: 0.5903
Epoch 186/500
32742/32742 [==============================] - 12s 353us/step - loss: 1.1804 - acc: 0.5708 - val_loss: 1.4366 - val_acc: 0.5903
Epoch 187/500
32742/32742 [==============================] - 11s 344us/step - loss: 1.1736 - acc: 0.5743 - val_loss: 1.4492 - val_acc: 0.5868
Epoch 188/500
32742/32742 [==============================] - 12s 353us/step - loss: 1.1947 - acc: 0.5682 - val_loss: 1.4162 - val_acc: 0.5958
Epoch 189/500
32742/32742 [==============================] - 11s 346us/step - loss: 1.1915 - acc: 0.5737 - val_loss: 1.4333 - val_acc: 0.5878
Epoch 190/500
32742/32742 [==============================] - 11s 345us/step - loss: 1.1717 - acc: 0.5744 - val_loss: 1.4305 - val_acc: 0.5922
Epoch 191/500
32742/32742 [==============================] - 11s 345us/step - loss: 1.1739 - acc: 0.5742 - val_loss: 1.4470 - val_acc: 0.5881
Epoch 192/500
32742/32742 [==============================] - 12s 352us/step - loss: 1.1652 - acc: 0.5745 - val_loss: 1.4362 - val_acc: 0.5926
Epoch 193/500
32742/32742 [==============================] - 12s 366us/step - loss: 1.1737 - acc: 0.5755 - val_loss: 1.4444 - val_acc: 0.5885
Epoch 194/500
32742/32742 [==============================] - 12s 381us/step - loss: 1.1694 - acc: 0.5760 - val_loss: 1.4117 - val_acc: 0.5957
Epoch 195/500
32742/32742 [==============================] - 12s 365us/step - loss: 1.1878 - acc: 0.5737 - val_loss: 1.4355 - val_acc: 0.5907
Epoch 196/500
32742/32742 [==============================] - 12s 352us/step - loss: 1.1652 - acc: 0.5763 - val_loss: 1.4386 - val_acc: 0.5910
Epoch 197/500
32742/32742 [==============================] - 11s 350us/step - loss: 1.1657 - acc: 0.5726 - val_loss: 1.4529 - val_acc: 0.5884
Epoch 198/500
32742/32742 [==============================] - 12s 364us/step - loss: 1.1614 - acc: 0.5803 - val_loss: 1.4396 - val_acc: 0.5901
Epoch 199/500
32742/32742 [==============================] - 11s 347us/step - loss: 1.1718 - acc: 0.5776 - val_loss: 1.4269 - val_acc: 0.5934
Epoch 200/500
32742/32742 [==============================] - 12s 366us/step - loss: 1.1522 - acc: 0.5777 - val_loss: 1.4311 - val_acc: 0.5894
Epoch 201/500
32742/32742 [==============================] - 12s 366us/step - loss: 1.1529 - acc: 0.5783 - val_loss: 1.4560 - val_acc: 0.5845
Epoch 202/500
32742/32742 [==============================] - 12s 367us/step - loss: 1.1491 - acc: 0.5757 - val_loss: 1.4297 - val_acc: 0.5939
Epoch 203/500
32742/32742 [==============================] - 11s 348us/step - loss: 1.1717 - acc: 0.5762 - val_loss: 1.4364 - val_acc: 0.5917
Epoch 204/500
32742/32742 [==============================] - 12s 354us/step - loss: 1.1446 - acc: 0.5805 - val_loss: 1.4434 - val_acc: 0.5887
Epoch 205/500
32742/32742 [==============================] - 12s 367us/step - loss: 1.1497 - acc: 0.5813 - val_loss: 1.4232 - val_acc: 0.5932
Epoch 206/500
32742/32742 [==============================] - 12s 361us/step - loss: 1.1404 - acc: 0.5808 - val_loss: 1.4177 - val_acc: 0.5963
Epoch 207/500
32742/32742 [==============================] - 12s 353us/step - loss: 1.1331 - acc: 0.5810 - val_loss: 1.4246 - val_acc: 0.5978
Epoch 208/500
32742/32742 [==============================] - 12s 354us/step - loss: 1.1551 - acc: 0.5784 - val_loss: 1.4383 - val_acc: 0.5883
Epoch 209/500
32742/32742 [==============================] - 11s 349us/step - loss: 1.1399 - acc: 0.5803 - val_loss: 1.4390 - val_acc: 0.5870
Epoch 210/500
32742/32742 [==============================] - 11s 345us/step - loss: 1.1356 - acc: 0.5802 - val_loss: 1.4390 - val_acc: 0.5899
Epoch 211/500
32742/32742 [==============================] - 12s 363us/step - loss: 1.1222 - acc: 0.5854 - val_loss: 1.4197 - val_acc: 0.5957
Epoch 212/500
32742/32742 [==============================] - 12s 358us/step - loss: 1.1375 - acc: 0.5815 - val_loss: 1.4479 - val_acc: 0.5859
Epoch 213/500
32742/32742 [==============================] - 12s 352us/step - loss: 1.1290 - acc: 0.5831 - val_loss: 1.4324 - val_acc: 0.5929
Epoch 214/500
32742/32742 [==============================] - 11s 348us/step - loss: 1.1285 - acc: 0.5808 - val_loss: 1.4468 - val_acc: 0.5889
Epoch 215/500
32742/32742 [==============================] - 11s 349us/step - loss: 1.1345 - acc: 0.5833 - val_loss: 1.4327 - val_acc: 0.5930
Epoch 216/500
32742/32742 [==============================] - 12s 354us/step - loss: 1.1290 - acc: 0.5877 - val_loss: 1.4189 - val_acc: 0.5979
Epoch 217/500
32742/32742 [==============================] - 11s 344us/step - loss: 1.1303 - acc: 0.5822 - val_loss: 1.4268 - val_acc: 0.5939
Epoch 218/500
32742/32742 [==============================] - 12s 354us/step - loss: 1.1193 - acc: 0.5844 - val_loss: 1.4195 - val_acc: 0.5964
Epoch 219/500
32742/32742 [==============================] - 12s 357us/step - loss: 1.1268 - acc: 0.5822 - val_loss: 1.4296 - val_acc: 0.5921
Epoch 220/500
32742/32742 [==============================] - 12s 368us/step - loss: 1.1249 - acc: 0.5823 - val_loss: 1.4265 - val_acc: 0.5892
Epoch 221/500
32742/32742 [==============================] - 11s 346us/step - loss: 1.1101 - acc: 0.5903 - val_loss: 1.4125 - val_acc: 0.6021
Epoch 222/500
32742/32742 [==============================] - 11s 351us/step - loss: 1.1215 - acc: 0.5842 - val_loss: 1.4447 - val_acc: 0.5932
Epoch 223/500
32742/32742 [==============================] - 12s 359us/step - loss: 1.1102 - acc: 0.5831 - val_loss: 1.4266 - val_acc: 0.5971
Epoch 224/500
32742/32742 [==============================] - 12s 361us/step - loss: 1.1123 - acc: 0.5860 - val_loss: 1.4269 - val_acc: 0.5944
Epoch 225/500
32742/32742 [==============================] - 11s 349us/step - loss: 1.1136 - acc: 0.5883 - val_loss: 1.4353 - val_acc: 0.5888
Epoch 226/500
32742/32742 [==============================] - 12s 373us/step - loss: 1.0875 - acc: 0.5902 - val_loss: 1.4468 - val_acc: 0.5881
Epoch 227/500
32742/32742 [==============================] - 11s 345us/step - loss: 1.1133 - acc: 0.5861 - val_loss: 1.4313 - val_acc: 0.5957
Epoch 228/500
32742/32742 [==============================] - 11s 350us/step - loss: 1.0952 - acc: 0.5884 - val_loss: 1.4102 - val_acc: 0.6021
Epoch 229/500
32742/32742 [==============================] - 12s 352us/step - loss: 1.1070 - acc: 0.5875 - val_loss: 1.4257 - val_acc: 0.5953
Epoch 230/500
32742/32742 [==============================] - 11s 345us/step - loss: 1.1299 - acc: 0.5874 - val_loss: 1.4279 - val_acc: 0.5956
Epoch 231/500
32742/32742 [==============================] - 12s 355us/step - loss: 1.1037 - acc: 0.5901 - val_loss: 1.4359 - val_acc: 0.5942
Epoch 232/500
32742/32742 [==============================] - 12s 357us/step - loss: 1.0960 - acc: 0.5877 - val_loss: 1.4182 - val_acc: 0.6005
Epoch 233/500
32742/32742 [==============================] - 12s 365us/step - loss: 1.1042 - acc: 0.5895 - val_loss: 1.4289 - val_acc: 0.5930
Epoch 234/500
32742/32742 [==============================] - 12s 357us/step - loss: 1.0957 - acc: 0.5881 - val_loss: 1.4298 - val_acc: 0.5929
Epoch 235/500
32742/32742 [==============================] - 12s 374us/step - loss: 1.0993 - acc: 0.5909 - val_loss: 1.4237 - val_acc: 0.5960
Epoch 236/500
32742/32742 [==============================] - 11s 350us/step - loss: 1.0936 - acc: 0.5885 - val_loss: 1.4265 - val_acc: 0.5990
Epoch 237/500
32742/32742 [==============================] - 12s 369us/step - loss: 1.0991 - acc: 0.5883 - val_loss: 1.4239 - val_acc: 0.5955
Epoch 238/500
32742/32742 [==============================] - 11s 351us/step - loss: 1.0875 - acc: 0.5923 - val_loss: 1.4278 - val_acc: 0.5981
Epoch 239/500
32742/32742 [==============================] - 11s 345us/step - loss: 1.0831 - acc: 0.5916 - val_loss: 1.4271 - val_acc: 0.5977
Epoch 240/500
32742/32742 [==============================] - 12s 354us/step - loss: 1.0964 - acc: 0.5899 - val_loss: 1.4116 - val_acc: 0.6025
Epoch 241/500
32742/32742 [==============================] - 11s 351us/step - loss: 1.0845 - acc: 0.5919 - val_loss: 1.4295 - val_acc: 0.5925
Epoch 242/500
32742/32742 [==============================] - 11s 349us/step - loss: 1.0967 - acc: 0.5900 - val_loss: 1.4219 - val_acc: 0.5966
Epoch 243/500
32742/32742 [==============================] - 11s 344us/step - loss: 1.0851 - acc: 0.5911 - val_loss: 1.4272 - val_acc: 0.5995
Epoch 244/500
32742/32742 [==============================] - 11s 344us/step - loss: 1.0775 - acc: 0.5925 - val_loss: 1.4148 - val_acc: 0.6016
Epoch 245/500
32742/32742 [==============================] - 11s 343us/step - loss: 1.0987 - acc: 0.5932 - val_loss: 1.4397 - val_acc: 0.5944
Epoch 246/500
32742/32742 [==============================] - 11s 351us/step - loss: 1.0799 - acc: 0.5940 - val_loss: 1.4326 - val_acc: 0.5977
Epoch 247/500
32742/32742 [==============================] - 12s 361us/step - loss: 1.0927 - acc: 0.5946 - val_loss: 1.4219 - val_acc: 0.5985
Epoch 248/500
32742/32742 [==============================] - 12s 357us/step - loss: 1.0793 - acc: 0.5947 - val_loss: 1.4354 - val_acc: 0.5949
Epoch 249/500
32742/32742 [==============================] - 11s 344us/step - loss: 1.0866 - acc: 0.5920 - val_loss: 1.4374 - val_acc: 0.5985
Epoch 250/500
32742/32742 [==============================] - 11s 351us/step - loss: 1.0708 - acc: 0.5958 - val_loss: 1.4136 - val_acc: 0.6024
Epoch 251/500
32742/32742 [==============================] - 12s 351us/step - loss: 1.0718 - acc: 0.5963 - val_loss: 1.4450 - val_acc: 0.5906
Epoch 252/500
32742/32742 [==============================] - 12s 352us/step - loss: 1.0804 - acc: 0.5945 - val_loss: 1.4320 - val_acc: 0.5968
Epoch 253/500
32742/32742 [==============================] - 12s 354us/step - loss: 1.0704 - acc: 0.5976 - val_loss: 1.4163 - val_acc: 0.5991
Epoch 254/500
32742/32742 [==============================] - 11s 345us/step - loss: 1.0678 - acc: 0.5932 - val_loss: 1.4330 - val_acc: 0.5968
Epoch 255/500
32742/32742 [==============================] - 12s 352us/step - loss: 1.0530 - acc: 0.5966 - val_loss: 1.4292 - val_acc: 0.5957
Epoch 256/500
32742/32742 [==============================] - 12s 366us/step - loss: 1.0645 - acc: 0.5949 - val_loss: 1.4292 - val_acc: 0.6020
Epoch 257/500
32742/32742 [==============================] - 11s 351us/step - loss: 1.0701 - acc: 0.5940 - val_loss: 1.4183 - val_acc: 0.6030
Epoch 258/500
32742/32742 [==============================] - 12s 356us/step - loss: 1.0538 - acc: 0.6004 - val_loss: 1.4133 - val_acc: 0.6022
Epoch 259/500
32742/32742 [==============================] - 12s 369us/step - loss: 1.0581 - acc: 0.5974 - val_loss: 1.4260 - val_acc: 0.6022
Epoch 260/500
32742/32742 [==============================] - 11s 351us/step - loss: 1.0584 - acc: 0.5968 - val_loss: 1.4088 - val_acc: 0.6023
Epoch 261/500
32742/32742 [==============================] - 12s 354us/step - loss: 1.0525 - acc: 0.5999 - val_loss: 1.3995 - val_acc: 0.6054
Epoch 262/500
32742/32742 [==============================] - 12s 357us/step - loss: 1.0480 - acc: 0.6002 - val_loss: 1.4215 - val_acc: 0.6047
Epoch 263/500
32742/32742 [==============================] - 12s 356us/step - loss: 1.0591 - acc: 0.6008 - val_loss: 1.4261 - val_acc: 0.5992
Epoch 264/500
32742/32742 [==============================] - 12s 360us/step - loss: 1.0558 - acc: 0.5931 - val_loss: 1.4207 - val_acc: 0.6005
Epoch 265/500
32742/32742 [==============================] - 11s 351us/step - loss: 1.0559 - acc: 0.6015 - val_loss: 1.4302 - val_acc: 0.5974
Epoch 266/500
32742/32742 [==============================] - 11s 349us/step - loss: 1.0641 - acc: 0.5962 - val_loss: 1.4538 - val_acc: 0.5928
Epoch 267/500
32742/32742 [==============================] - 12s 377us/step - loss: 1.0514 - acc: 0.5996 - val_loss: 1.4176 - val_acc: 0.6003
Epoch 268/500
32742/32742 [==============================] - 12s 361us/step - loss: 1.0368 - acc: 0.6025 - val_loss: 1.4182 - val_acc: 0.6022
Epoch 269/500
32742/32742 [==============================] - 12s 354us/step - loss: 1.0421 - acc: 0.5995 - val_loss: 1.4251 - val_acc: 0.6001
Epoch 270/500
32742/32742 [==============================] - 11s 346us/step - loss: 1.0562 - acc: 0.5973 - val_loss: 1.4289 - val_acc: 0.5974
Epoch 271/500
32742/32742 [==============================] - 11s 346us/step - loss: 1.0460 - acc: 0.6023 - val_loss: 1.4193 - val_acc: 0.6003
Epoch 272/500
32742/32742 [==============================] - 11s 347us/step - loss: 1.0323 - acc: 0.6052 - val_loss: 1.4229 - val_acc: 0.6007
Epoch 273/500
32742/32742 [==============================] - 11s 348us/step - loss: 1.0349 - acc: 0.6026 - val_loss: 1.4255 - val_acc: 0.6026
Epoch 274/500
32742/32742 [==============================] - 12s 351us/step - loss: 1.0442 - acc: 0.5984 - val_loss: 1.4196 - val_acc: 0.6045
Epoch 275/500
32742/32742 [==============================] - 11s 349us/step - loss: 1.0474 - acc: 0.5969 - val_loss: 1.4322 - val_acc: 0.5985
Epoch 276/500
32742/32742 [==============================] - 12s 353us/step - loss: 1.0447 - acc: 0.6019 - val_loss: 1.4209 - val_acc: 0.6048
Epoch 277/500
32742/32742 [==============================] - 11s 349us/step - loss: 1.0389 - acc: 0.5981 - val_loss: 1.4207 - val_acc: 0.6038
Epoch 278/500
32742/32742 [==============================] - 11s 348us/step - loss: 1.0400 - acc: 0.6004 - val_loss: 1.4183 - val_acc: 0.6033
Epoch 279/500
32742/32742 [==============================] - 12s 359us/step - loss: 1.0406 - acc: 0.6033 - val_loss: 1.4210 - val_acc: 0.6052
Epoch 280/500
32742/32742 [==============================] - 11s 350us/step - loss: 1.0451 - acc: 0.6019 - val_loss: 1.4172 - val_acc: 0.6028
Epoch 281/500
32742/32742 [==============================] - 12s 356us/step - loss: 1.0296 - acc: 0.6022 - val_loss: 1.4067 - val_acc: 0.6084
Epoch 282/500
32742/32742 [==============================] - 11s 348us/step - loss: 1.0433 - acc: 0.6027 - val_loss: 1.4383 - val_acc: 0.5975
Epoch 283/500
32742/32742 [==============================] - 11s 346us/step - loss: 1.0284 - acc: 0.6047 - val_loss: 1.4696 - val_acc: 0.5951
Epoch 284/500
32742/32742 [==============================] - 12s 351us/step - loss: 1.0267 - acc: 0.6046 - val_loss: 1.4356 - val_acc: 0.5961
Epoch 285/500
32742/32742 [==============================] - 11s 348us/step - loss: 1.0277 - acc: 0.6025 - val_loss: 1.4228 - val_acc: 0.6017
Epoch 286/500
32742/32742 [==============================] - 11s 351us/step - loss: 1.0245 - acc: 0.6084 - val_loss: 1.4394 - val_acc: 0.5979
Epoch 287/500
32742/32742 [==============================] - 11s 346us/step - loss: 1.0241 - acc: 0.6057 - val_loss: 1.4414 - val_acc: 0.5991
Epoch 288/500
32742/32742 [==============================] - 11s 348us/step - loss: 1.0257 - acc: 0.6045 - val_loss: 1.4207 - val_acc: 0.6045
Epoch 289/500
32742/32742 [==============================] - 11s 350us/step - loss: 1.0223 - acc: 0.6070 - val_loss: 1.4289 - val_acc: 0.5972
Epoch 290/500
32742/32742 [==============================] - 12s 376us/step - loss: 1.0155 - acc: 0.6030 - val_loss: 1.4272 - val_acc: 0.6006
Epoch 291/500
32742/32742 [==============================] - 12s 365us/step - loss: 1.0229 - acc: 0.6050 - val_loss: 1.4400 - val_acc: 0.5960
Epoch 292/500
32742/32742 [==============================] - 12s 359us/step - loss: 1.0201 - acc: 0.6058 - val_loss: 1.4320 - val_acc: 0.6026
Epoch 293/500
32742/32742 [==============================] - 12s 352us/step - loss: 1.0207 - acc: 0.6061 - val_loss: 1.4330 - val_acc: 0.5984
Epoch 294/500
32742/32742 [==============================] - 12s 361us/step - loss: 1.0079 - acc: 0.6078 - val_loss: 1.4295 - val_acc: 0.5990
Epoch 295/500
32742/32742 [==============================] - 11s 347us/step - loss: 1.0348 - acc: 0.6054 - val_loss: 1.4421 - val_acc: 0.5966
Epoch 296/500
32742/32742 [==============================] - 11s 350us/step - loss: 1.0157 - acc: 0.6083 - val_loss: 1.4280 - val_acc: 0.6006
Epoch 297/500
32742/32742 [==============================] - 12s 367us/step - loss: 1.0074 - acc: 0.6077 - val_loss: 1.4264 - val_acc: 0.6018
Epoch 298/500
32742/32742 [==============================] - 12s 359us/step - loss: 1.0153 - acc: 0.6107 - val_loss: 1.4243 - val_acc: 0.6031
Epoch 299/500
32742/32742 [==============================] - 12s 360us/step - loss: 1.0055 - acc: 0.6116 - val_loss: 1.4374 - val_acc: 0.5978
Epoch 300/500
32742/32742 [==============================] - 12s 356us/step - loss: 1.0214 - acc: 0.6056 - val_loss: 1.4333 - val_acc: 0.6007
Epoch 301/500
32742/32742 [==============================] - 11s 348us/step - loss: 1.0400 - acc: 0.6034 - val_loss: 1.4258 - val_acc: 0.6015
Epoch 302/500
32742/32742 [==============================] - 12s 363us/step - loss: 1.0123 - acc: 0.6074 - val_loss: 1.4279 - val_acc: 0.6010
Epoch 303/500
32742/32742 [==============================] - 11s 345us/step - loss: 1.0049 - acc: 0.6075 - val_loss: 1.4474 - val_acc: 0.5954
Epoch 304/500
32742/32742 [==============================] - 11s 349us/step - loss: 1.0002 - acc: 0.6101 - val_loss: 1.4220 - val_acc: 0.6091
Epoch 305/500
32742/32742 [==============================] - 12s 360us/step - loss: 1.0108 - acc: 0.6104 - val_loss: 1.4327 - val_acc: 0.6012
Epoch 306/500
32742/32742 [==============================] - 11s 349us/step - loss: 1.0108 - acc: 0.6080 - val_loss: 1.4197 - val_acc: 0.6029
Epoch 307/500
32742/32742 [==============================] - 12s 352us/step - loss: 1.0171 - acc: 0.6070 - val_loss: 1.4240 - val_acc: 0.6061
Epoch 308/500
32742/32742 [==============================] - 12s 362us/step - loss: 0.9989 - acc: 0.6100 - val_loss: 1.4253 - val_acc: 0.6063
Epoch 309/500
32742/32742 [==============================] - 12s 362us/step - loss: 1.0096 - acc: 0.6107 - val_loss: 1.4369 - val_acc: 0.6002
Epoch 310/500
32742/32742 [==============================] - 11s 347us/step - loss: 1.0181 - acc: 0.6073 - val_loss: 1.4228 - val_acc: 0.6044
Epoch 311/500
32742/32742 [==============================] - 11s 351us/step - loss: 1.0000 - acc: 0.6108 - val_loss: 1.4414 - val_acc: 0.5963
Epoch 312/500
32742/32742 [==============================] - 12s 353us/step - loss: 1.0024 - acc: 0.6118 - val_loss: 1.4158 - val_acc: 0.6049
Epoch 313/500
32742/32742 [==============================] - 12s 353us/step - loss: 0.9883 - acc: 0.6131 - val_loss: 1.4330 - val_acc: 0.6015
Epoch 314/500
32742/32742 [==============================] - 12s 357us/step - loss: 1.0053 - acc: 0.6096 - val_loss: 1.4327 - val_acc: 0.5997
Epoch 315/500
32742/32742 [==============================] - 12s 358us/step - loss: 0.9864 - acc: 0.6156 - val_loss: 1.4159 - val_acc: 0.6052
Epoch 316/500
32742/32742 [==============================] - 11s 345us/step - loss: 1.0026 - acc: 0.6097 - val_loss: 1.4210 - val_acc: 0.6033
Epoch 317/500
32742/32742 [==============================] - 11s 345us/step - loss: 0.9931 - acc: 0.6121 - val_loss: 1.4214 - val_acc: 0.6068
Epoch 318/500
32742/32742 [==============================] - 11s 347us/step - loss: 1.0024 - acc: 0.6092 - val_loss: 1.4284 - val_acc: 0.6045
Epoch 319/500
32742/32742 [==============================] - 12s 352us/step - loss: 0.9970 - acc: 0.6140 - val_loss: 1.4164 - val_acc: 0.6099
Epoch 320/500
32742/32742 [==============================] - 11s 346us/step - loss: 0.9878 - acc: 0.6150 - val_loss: 1.4412 - val_acc: 0.6007
Epoch 321/500
32742/32742 [==============================] - 12s 352us/step - loss: 0.9770 - acc: 0.6143 - val_loss: 1.4352 - val_acc: 0.6009
Epoch 322/500
32742/32742 [==============================] - 12s 362us/step - loss: 1.0055 - acc: 0.6129 - val_loss: 1.4248 - val_acc: 0.6045
Epoch 323/500
32742/32742 [==============================] - 12s 365us/step - loss: 0.9837 - acc: 0.6168 - val_loss: 1.4277 - val_acc: 0.6028
Epoch 324/500
32742/32742 [==============================] - 11s 347us/step - loss: 1.0029 - acc: 0.6110 - val_loss: 1.4249 - val_acc: 0.6048
Epoch 325/500
32742/32742 [==============================] - 12s 359us/step - loss: 0.9863 - acc: 0.6168 - val_loss: 1.4285 - val_acc: 0.6048
Epoch 326/500
32742/32742 [==============================] - 12s 364us/step - loss: 0.9824 - acc: 0.6138 - val_loss: 1.4353 - val_acc: 0.6048
Epoch 327/500
32742/32742 [==============================] - 11s 344us/step - loss: 0.9959 - acc: 0.6157 - val_loss: 1.4237 - val_acc: 0.6044
Epoch 328/500
32742/32742 [==============================] - 12s 356us/step - loss: 0.9891 - acc: 0.6139 - val_loss: 1.4365 - val_acc: 0.6038
Epoch 329/500
32742/32742 [==============================] - 12s 367us/step - loss: 0.9987 - acc: 0.6125 - val_loss: 1.4472 - val_acc: 0.5968
Epoch 330/500
32742/32742 [==============================] - 12s 372us/step - loss: 0.9801 - acc: 0.6164 - val_loss: 1.4163 - val_acc: 0.6106
Epoch 331/500
32742/32742 [==============================] - 12s 362us/step - loss: 0.9725 - acc: 0.6167 - val_loss: 1.4350 - val_acc: 0.6031
Epoch 332/500
32742/32742 [==============================] - 11s 345us/step - loss: 0.9800 - acc: 0.6153 - val_loss: 1.4230 - val_acc: 0.6057
Epoch 333/500
32742/32742 [==============================] - 12s 361us/step - loss: 0.9778 - acc: 0.6186 - val_loss: 1.4441 - val_acc: 0.6013
Epoch 334/500
32742/32742 [==============================] - 11s 342us/step - loss: 0.9843 - acc: 0.6144 - val_loss: 1.4313 - val_acc: 0.6051
Epoch 335/500
32742/32742 [==============================] - 11s 346us/step - loss: 0.9740 - acc: 0.6155 - val_loss: 1.4387 - val_acc: 0.6054
Epoch 336/500
32742/32742 [==============================] - 12s 354us/step - loss: 0.9841 - acc: 0.6138 - val_loss: 1.4328 - val_acc: 0.6034
Epoch 337/500
32742/32742 [==============================] - 11s 348us/step - loss: 0.9797 - acc: 0.6165 - val_loss: 1.4415 - val_acc: 0.6025
Epoch 338/500
32742/32742 [==============================] - 11s 344us/step - loss: 0.9836 - acc: 0.6162 - val_loss: 1.4271 - val_acc: 0.6026
Epoch 339/500
32742/32742 [==============================] - 12s 355us/step - loss: 0.9720 - acc: 0.6171 - val_loss: 1.4272 - val_acc: 0.6047
Epoch 340/500
32742/32742 [==============================] - 11s 347us/step - loss: 0.9678 - acc: 0.6160 - val_loss: 1.4236 - val_acc: 0.6056
Epoch 341/500
32742/32742 [==============================] - 11s 349us/step - loss: 0.9866 - acc: 0.6196 - val_loss: 1.4216 - val_acc: 0.6067
Epoch 342/500
32742/32742 [==============================] - 12s 359us/step - loss: 0.9800 - acc: 0.6191 - val_loss: 1.4288 - val_acc: 0.6038
Epoch 343/500
32742/32742 [==============================] - 12s 357us/step - loss: 0.9668 - acc: 0.6194 - val_loss: 1.4374 - val_acc: 0.6035
Epoch 344/500
32742/32742 [==============================] - 12s 355us/step - loss: 0.9693 - acc: 0.6184 - val_loss: 1.4336 - val_acc: 0.6055
Epoch 345/500
32742/32742 [==============================] - 12s 354us/step - loss: 0.9651 - acc: 0.6219 - val_loss: 1.4528 - val_acc: 0.5986
Epoch 346/500
32742/32742 [==============================] - 11s 350us/step - loss: 0.9645 - acc: 0.6199 - val_loss: 1.4218 - val_acc: 0.6081
Epoch 347/500
32742/32742 [==============================] - 12s 352us/step - loss: 0.9630 - acc: 0.6215 - val_loss: 1.4573 - val_acc: 0.5965
Epoch 348/500
32742/32742 [==============================] - 11s 344us/step - loss: 0.9780 - acc: 0.6209 - val_loss: 1.4683 - val_acc: 0.5978
Epoch 349/500
32742/32742 [==============================] - 12s 361us/step - loss: 0.9660 - acc: 0.6204 - val_loss: 1.4434 - val_acc: 0.6024
Epoch 350/500
32742/32742 [==============================] - 12s 357us/step - loss: 0.9621 - acc: 0.6191 - val_loss: 1.4331 - val_acc: 0.6067
Epoch 351/500
32742/32742 [==============================] - 12s 353us/step - loss: 0.9692 - acc: 0.6205 - val_loss: 1.4240 - val_acc: 0.6094
Epoch 352/500
32742/32742 [==============================] - 12s 353us/step - loss: 0.9703 - acc: 0.6179 - val_loss: 1.4330 - val_acc: 0.6044
Epoch 353/500
32742/32742 [==============================] - 12s 358us/step - loss: 0.9621 - acc: 0.6221 - val_loss: 1.4360 - val_acc: 0.6015
Epoch 354/500
32742/32742 [==============================] - 11s 344us/step - loss: 0.9559 - acc: 0.6219 - val_loss: 1.4289 - val_acc: 0.6049
Epoch 355/500
32742/32742 [==============================] - 12s 363us/step - loss: 0.9624 - acc: 0.6183 - val_loss: 1.4350 - val_acc: 0.6068
Epoch 356/500
32742/32742 [==============================] - 11s 351us/step - loss: 0.9576 - acc: 0.6215 - val_loss: 1.4370 - val_acc: 0.6027
Epoch 357/500
32742/32742 [==============================] - 11s 341us/step - loss: 0.9675 - acc: 0.6217 - val_loss: 1.4404 - val_acc: 0.6016
Epoch 358/500
32742/32742 [==============================] - 12s 358us/step - loss: 0.9536 - acc: 0.6213 - val_loss: 1.4394 - val_acc: 0.6042
Epoch 359/500
32742/32742 [==============================] - 11s 346us/step - loss: 0.9661 - acc: 0.6207 - val_loss: 1.4328 - val_acc: 0.6054
Epoch 360/500
32742/32742 [==============================] - 11s 348us/step - loss: 0.9432 - acc: 0.6234 - val_loss: 1.4237 - val_acc: 0.6089
Epoch 361/500
32742/32742 [==============================] - 12s 373us/step - loss: 0.9575 - acc: 0.6216 - val_loss: 1.4367 - val_acc: 0.6055
