.bash_history                  .cache/                        .keras/                        phrase_topic_id_mapping.csv    .ssh/
.bash_logout                   gensim-data/                   .nv/                           .profile                       topic-classification-with-kbs/
.bashrc                        .gnupg/                        phrase_embeddings.avro         .python_history                .viminfo
(env) dsc38@ogg:~/topic-classification-with-kbs/uvigomed/embeddings$ mv ../../../phrase_* .
(env) dsc38@ogg:~/topic-classification-with-kbs/uvigomed/embeddings$ ls
all_topics  phrase_embeddings.avro  phrase_topic_id_mapping.csv
(env) dsc38@ogg:~/topic-classification-with-kbs/uvigomed/embeddings$ wc -l phrase_topic_id_mapping.csv 
4029 phrase_topic_id_mapping.csv
(env) dsc38@ogg:~/topic-classification-with-kbs/uvigomed/embeddings$ cd ..
(env) dsc38@ogg:~/topic-classification-with-kbs/uvigomed$ cd ..
(env) dsc38@ogg:~/topic-classification-with-kbs$ cd experiment-runners/
(env) dsc38@ogg:~/topic-classification-with-kbs/experiment-runners$ python run_lstm_kb_phrase_embeddings.py 
Using TensorFlow backend.
Word embedding dimension is 4029
Number of training examples: 32742
Minimum length of article in words: 0
Maximum length of article in words: 211
Mean length of article in words: 26.2367
St dev of length of article in words: 11.7272
Percentage of articles exceeding max sequence length limit: 0.5956%
WARNING:tensorflow:From /home/dsc38/topic-classification-with-kbs/env/lib/python3.6/site-packages/tensorflow/python/framework/op_def_library.py:263: colocate_with (from tensorflow.python.framework.ops) is deprecated and will be removed in a future version.
Instructions for updating:
Colocations handled automatically by placer.
WARNING:tensorflow:From /home/dsc38/topic-classification-with-kbs/env/lib/python3.6/site-packages/keras/backend/tensorflow_backend.py:3445: calling dropout (from tensorflow.python.ops.nn_ops) with keep_prob is deprecated and will be removed in a future version.
Instructions for updating:
Please use `rate` instead of `keep_prob`. Rate should be set to `rate = 1 - keep_prob`.
2019-07-29 19:28:22.284648: I tensorflow/core/platform/cpu_feature_guard.cc:141] Your CPU supports instructions that this TensorFlow binary was not compiled to use: AVX2 AVX512F FMA
2019-07-29 19:28:24.044638: I tensorflow/compiler/xla/service/service.cc:150] XLA service 0x1597ec0 executing computations on platform CUDA. Devices:
2019-07-29 19:28:24.044678: I tensorflow/compiler/xla/service/service.cc:158]   StreamExecutor device (0): GeForce RTX 2080, Compute Capability 7.5
2019-07-29 19:28:24.044689: I tensorflow/compiler/xla/service/service.cc:158]   StreamExecutor device (1): GeForce RTX 2080, Compute Capability 7.5
2019-07-29 19:28:24.044697: I tensorflow/compiler/xla/service/service.cc:158]   StreamExecutor device (2): GeForce RTX 2080, Compute Capability 7.5
2019-07-29 19:28:24.044705: I tensorflow/compiler/xla/service/service.cc:158]   StreamExecutor device (3): GeForce RTX 2080, Compute Capability 7.5
2019-07-29 19:28:24.044713: I tensorflow/compiler/xla/service/service.cc:158]   StreamExecutor device (4): GeForce RTX 2080, Compute Capability 7.5
2019-07-29 19:28:24.044721: I tensorflow/compiler/xla/service/service.cc:158]   StreamExecutor device (5): GeForce RTX 2080, Compute Capability 7.5
2019-07-29 19:28:24.069312: I tensorflow/core/platform/profile_utils/cpu_utils.cc:94] CPU Frequency: 2100000000 Hz
2019-07-29 19:28:24.073235: I tensorflow/compiler/xla/service/service.cc:150] XLA service 0x1c5be10 executing computations on platform Host. Devices:
2019-07-29 19:28:24.073311: I tensorflow/compiler/xla/service/service.cc:158]   StreamExecutor device (0): <undefined>, <undefined>
2019-07-29 19:28:24.073916: I tensorflow/core/common_runtime/gpu/gpu_device.cc:1433] Found device 0 with properties: 
name: GeForce RTX 2080 major: 7 minor: 5 memoryClockRate(GHz): 1.71
pciBusID: 0000:1a:00.0
totalMemory: 7.77GiB freeMemory: 7.65GiB
2019-07-29 19:28:24.074277: I tensorflow/core/common_runtime/gpu/gpu_device.cc:1433] Found device 1 with properties: 
name: GeForce RTX 2080 major: 7 minor: 5 memoryClockRate(GHz): 1.71
pciBusID: 0000:1b:00.0
totalMemory: 7.77GiB freeMemory: 7.65GiB
2019-07-29 19:28:24.074623: I tensorflow/core/common_runtime/gpu/gpu_device.cc:1433] Found device 2 with properties: 
name: GeForce RTX 2080 major: 7 minor: 5 memoryClockRate(GHz): 1.71
pciBusID: 0000:b1:00.0
totalMemory: 7.77GiB freeMemory: 7.65GiB
2019-07-29 19:28:24.075015: I tensorflow/core/common_runtime/gpu/gpu_device.cc:1433] Found device 3 with properties: 
name: GeForce RTX 2080 major: 7 minor: 5 memoryClockRate(GHz): 1.71
pciBusID: 0000:b2:00.0
totalMemory: 7.77GiB freeMemory: 436.56MiB
2019-07-29 19:28:24.075402: I tensorflow/core/common_runtime/gpu/gpu_device.cc:1433] Found device 4 with properties: 
name: GeForce RTX 2080 major: 7 minor: 5 memoryClockRate(GHz): 1.71
pciBusID: 0000:da:00.0
totalMemory: 7.77GiB freeMemory: 5.07GiB
2019-07-29 19:28:24.075746: I tensorflow/core/common_runtime/gpu/gpu_device.cc:1433] Found device 5 with properties: 
name: GeForce RTX 2080 major: 7 minor: 5 memoryClockRate(GHz): 1.71
pciBusID: 0000:db:00.0
totalMemory: 7.77GiB freeMemory: 1.79GiB
2019-07-29 19:28:24.078279: I tensorflow/core/common_runtime/gpu/gpu_device.cc:1512] Adding visible gpu devices: 0, 1, 2, 3, 4, 5
2019-07-29 19:28:24.099867: I tensorflow/core/common_runtime/gpu/gpu_device.cc:984] Device interconnect StreamExecutor with strength 1 edge matrix:
2019-07-29 19:28:24.099896: I tensorflow/core/common_runtime/gpu/gpu_device.cc:990]      0 1 2 3 4 5 
2019-07-29 19:28:24.099906: I tensorflow/core/common_runtime/gpu/gpu_device.cc:1003] 0:   N N N N N N 
2019-07-29 19:28:24.099913: I tensorflow/core/common_runtime/gpu/gpu_device.cc:1003] 1:   N N N N N N 
2019-07-29 19:28:24.099919: I tensorflow/core/common_runtime/gpu/gpu_device.cc:1003] 2:   N N N N N N 
2019-07-29 19:28:24.099926: I tensorflow/core/common_runtime/gpu/gpu_device.cc:1003] 3:   N N N N N N 
2019-07-29 19:28:24.099933: I tensorflow/core/common_runtime/gpu/gpu_device.cc:1003] 4:   N N N N N N 
2019-07-29 19:28:24.099939: I tensorflow/core/common_runtime/gpu/gpu_device.cc:1003] 5:   N N N N N N 
2019-07-29 19:28:24.100888: I tensorflow/core/common_runtime/gpu/gpu_device.cc:1115] Created TensorFlow device (/job:localhost/replica:0/task:0/device:GPU:0 with 7438 MB memory) -> physical GPU (device: 0, name: GeForce RTX 2080, pci bus id: 0000:1a:00.0, compute capability: 7.5)
2019-07-29 19:28:24.101307: I tensorflow/core/common_runtime/gpu/gpu_device.cc:1115] Created TensorFlow device (/job:localhost/replica:0/task:0/device:GPU:1 with 7438 MB memory) -> physical GPU (device: 1, name: GeForce RTX 2080, pci bus id: 0000:1b:00.0, compute capability: 7.5)
2019-07-29 19:28:24.101830: I tensorflow/core/common_runtime/gpu/gpu_device.cc:1115] Created TensorFlow device (/job:localhost/replica:0/task:0/device:GPU:2 with 7438 MB memory) -> physical GPU (device: 2, name: GeForce RTX 2080, pci bus id: 0000:b1:00.0, compute capability: 7.5)
2019-07-29 19:28:24.102331: I tensorflow/core/common_runtime/gpu/gpu_device.cc:1115] Created TensorFlow device (/job:localhost/replica:0/task:0/device:GPU:3 with 211 MB memory) -> physical GPU (device: 3, name: GeForce RTX 2080, pci bus id: 0000:b2:00.0, compute capability: 7.5)
2019-07-29 19:28:24.102856: I tensorflow/core/common_runtime/gpu/gpu_device.cc:1115] Created TensorFlow device (/job:localhost/replica:0/task:0/device:GPU:4 with 4896 MB memory) -> physical GPU (device: 4, name: GeForce RTX 2080, pci bus id: 0000:da:00.0, compute capability: 7.5)
2019-07-29 19:28:24.103352: I tensorflow/core/common_runtime/gpu/gpu_device.cc:1115] Created TensorFlow device (/job:localhost/replica:0/task:0/device:GPU:5 with 1606 MB memory) -> physical GPU (device: 5, name: GeForce RTX 2080, pci bus id: 0000:db:00.0, compute capability: 7.5)
WARNING:tensorflow:From /home/dsc38/topic-classification-with-kbs/env/lib/python3.6/site-packages/tensorflow/python/ops/math_ops.py:3066: to_int32 (from tensorflow.python.ops.math_ops) is deprecated and will be removed in a future version.
Instructions for updating:
Use tf.cast instead.
Train on 32742 samples, validate on 10914 samples
Epoch 1/500
2019-07-29 19:28:36.784143: I tensorflow/stream_executor/dso_loader.cc:152] successfully opened CUDA library libcublas.so.10.0 locally
32742/32742 [==============================] - 24s 732us/step - loss: 3.2570 - acc: 0.0318 - val_loss: 3.2578 - val_acc: 0.0213
Epoch 2/500
32742/32742 [==============================] - 20s 607us/step - loss: 3.2497 - acc: 0.0330 - val_loss: 3.2459 - val_acc: 0.0813
Epoch 3/500
32742/32742 [==============================] - 19s 592us/step - loss: 3.2289 - acc: 0.0655 - val_loss: 3.1739 - val_acc: 0.1069
Epoch 4/500
32742/32742 [==============================] - 19s 590us/step - loss: 3.1666 - acc: 0.0873 - val_loss: 3.1118 - val_acc: 0.1205
Epoch 5/500
32742/32742 [==============================] - 19s 590us/step - loss: 3.0888 - acc: 0.1238 - val_loss: 3.0217 - val_acc: 0.1374
Epoch 6/500
32742/32742 [==============================] - 19s 593us/step - loss: 3.0103 - acc: 0.1435 - val_loss: 2.8217 - val_acc: 0.2008
Epoch 7/500
32742/32742 [==============================] - 19s 594us/step - loss: 2.9577 - acc: 0.1530 - val_loss: 2.7855 - val_acc: 0.2056
Epoch 8/500
32742/32742 [==============================] - 19s 591us/step - loss: 2.8863 - acc: 0.1741 - val_loss: 2.7315 - val_acc: 0.2269
Epoch 9/500
32742/32742 [==============================] - 20s 596us/step - loss: 2.7956 - acc: 0.1882 - val_loss: 2.6728 - val_acc: 0.2384
Epoch 10/500
32742/32742 [==============================] - 19s 587us/step - loss: 2.7335 - acc: 0.1970 - val_loss: 2.6047 - val_acc: 0.2653
Epoch 11/500
32742/32742 [==============================] - 20s 596us/step - loss: 2.6649 - acc: 0.2140 - val_loss: 2.5383 - val_acc: 0.2667
Epoch 12/500
32742/32742 [==============================] - 20s 598us/step - loss: 2.5897 - acc: 0.2398 - val_loss: 2.4302 - val_acc: 0.3261
Epoch 13/500
32742/32742 [==============================] - 19s 594us/step - loss: 2.5551 - acc: 0.2507 - val_loss: 2.4497 - val_acc: 0.2921
Epoch 14/500
32742/32742 [==============================] - 19s 591us/step - loss: 2.4995 - acc: 0.2755 - val_loss: 2.3635 - val_acc: 0.3568
Epoch 15/500
32742/32742 [==============================] - 19s 596us/step - loss: 2.4605 - acc: 0.2828 - val_loss: 2.3159 - val_acc: 0.3824
Epoch 16/500
32742/32742 [==============================] - 19s 588us/step - loss: 2.4312 - acc: 0.2952 - val_loss: 2.2780 - val_acc: 0.4005
Epoch 17/500
32742/32742 [==============================] - 19s 595us/step - loss: 2.3928 - acc: 0.3086 - val_loss: 2.2559 - val_acc: 0.3951
Epoch 18/500
32742/32742 [==============================] - 20s 597us/step - loss: 2.3691 - acc: 0.3182 - val_loss: 2.1824 - val_acc: 0.3991
Epoch 19/500
32742/32742 [==============================] - 20s 598us/step - loss: 2.3385 - acc: 0.3289 - val_loss: 2.1991 - val_acc: 0.4130
Epoch 20/500
32742/32742 [==============================] - 19s 594us/step - loss: 2.2965 - acc: 0.3386 - val_loss: 2.1353 - val_acc: 0.4198
Epoch 21/500
32742/32742 [==============================] - 19s 591us/step - loss: 2.2640 - acc: 0.3449 - val_loss: 2.1186 - val_acc: 0.4294
Epoch 22/500
32742/32742 [==============================] - 19s 591us/step - loss: 2.2527 - acc: 0.3457 - val_loss: 2.1180 - val_acc: 0.4338
Epoch 23/500
32742/32742 [==============================] - 19s 588us/step - loss: 2.2292 - acc: 0.3539 - val_loss: 2.0767 - val_acc: 0.4366
Epoch 24/500
32742/32742 [==============================] - 19s 589us/step - loss: 2.2038 - acc: 0.3570 - val_loss: 2.0666 - val_acc: 0.4387
Epoch 25/500
32742/32742 [==============================] - 19s 594us/step - loss: 2.1764 - acc: 0.3653 - val_loss: 2.0103 - val_acc: 0.4610
Epoch 26/500
32742/32742 [==============================] - 19s 592us/step - loss: 2.1557 - acc: 0.3704 - val_loss: 2.0395 - val_acc: 0.4549
Epoch 27/500
32742/32742 [==============================] - 19s 588us/step - loss: 2.1631 - acc: 0.3718 - val_loss: 2.0285 - val_acc: 0.4552
Epoch 28/500
32742/32742 [==============================] - 19s 590us/step - loss: 2.1284 - acc: 0.3809 - val_loss: 2.0014 - val_acc: 0.4625
Epoch 29/500
32742/32742 [==============================] - 19s 595us/step - loss: 2.1014 - acc: 0.3784 - val_loss: 1.9752 - val_acc: 0.4746
Epoch 30/500
32742/32742 [==============================] - 19s 587us/step - loss: 2.0965 - acc: 0.3824 - val_loss: 1.9533 - val_acc: 0.4666
Epoch 31/500
32742/32742 [==============================] - 19s 592us/step - loss: 2.0666 - acc: 0.3860 - val_loss: 1.9355 - val_acc: 0.4843
Epoch 32/500
32742/32742 [==============================] - 19s 590us/step - loss: 2.0662 - acc: 0.3897 - val_loss: 1.9603 - val_acc: 0.4625
Epoch 33/500
32742/32742 [==============================] - 19s 592us/step - loss: 2.0679 - acc: 0.3915 - val_loss: 1.9520 - val_acc: 0.4741
Epoch 34/500
32742/32742 [==============================] - 19s 595us/step - loss: 2.0356 - acc: 0.3961 - val_loss: 1.9409 - val_acc: 0.4740
Epoch 35/500
32742/32742 [==============================] - 19s 589us/step - loss: 2.0237 - acc: 0.3966 - val_loss: 1.9229 - val_acc: 0.4844
Epoch 36/500
32742/32742 [==============================] - 20s 597us/step - loss: 2.0293 - acc: 0.3952 - val_loss: 1.9240 - val_acc: 0.4841
Epoch 37/500
32742/32742 [==============================] - 19s 593us/step - loss: 2.0176 - acc: 0.4001 - val_loss: 1.8882 - val_acc: 0.4873
Epoch 38/500
32742/32742 [==============================] - 20s 596us/step - loss: 2.0069 - acc: 0.4056 - val_loss: 1.8912 - val_acc: 0.4848
Epoch 39/500
32742/32742 [==============================] - 19s 595us/step - loss: 1.9899 - acc: 0.4094 - val_loss: 1.8784 - val_acc: 0.4904
Epoch 40/500
32742/32742 [==============================] - 20s 597us/step - loss: 1.9760 - acc: 0.4128 - val_loss: 1.8655 - val_acc: 0.4961
Epoch 41/500
32742/32742 [==============================] - 19s 593us/step - loss: 1.9541 - acc: 0.4136 - val_loss: 1.8603 - val_acc: 0.4987
Epoch 42/500
32742/32742 [==============================] - 19s 595us/step - loss: 1.9738 - acc: 0.4152 - val_loss: 1.8695 - val_acc: 0.4932
Epoch 43/500
32742/32742 [==============================] - 19s 594us/step - loss: 1.9594 - acc: 0.4190 - val_loss: 1.9004 - val_acc: 0.4758
Epoch 44/500
32742/32742 [==============================] - 19s 593us/step - loss: 1.9664 - acc: 0.4088 - val_loss: 1.8364 - val_acc: 0.5043
Epoch 45/500
32742/32742 [==============================] - 19s 592us/step - loss: 1.9615 - acc: 0.4160 - val_loss: 1.8743 - val_acc: 0.4871
Epoch 46/500
32742/32742 [==============================] - 20s 596us/step - loss: 1.9335 - acc: 0.4156 - val_loss: 1.8304 - val_acc: 0.5077
Epoch 47/500
32742/32742 [==============================] - 19s 593us/step - loss: 1.9350 - acc: 0.4194 - val_loss: 1.8388 - val_acc: 0.5016
Epoch 48/500
32742/32742 [==============================] - 19s 589us/step - loss: 1.9015 - acc: 0.4245 - val_loss: 1.8294 - val_acc: 0.5003
Epoch 49/500
32742/32742 [==============================] - 20s 598us/step - loss: 1.9027 - acc: 0.4240 - val_loss: 1.8192 - val_acc: 0.5075
Epoch 50/500
32742/32742 [==============================] - 19s 590us/step - loss: 1.9016 - acc: 0.4282 - val_loss: 1.8605 - val_acc: 0.4886
Epoch 51/500
32742/32742 [==============================] - 19s 591us/step - loss: 1.9212 - acc: 0.4235 - val_loss: 1.8269 - val_acc: 0.4995
Epoch 52/500
32742/32742 [==============================] - 19s 594us/step - loss: 1.8872 - acc: 0.4314 - val_loss: 1.8348 - val_acc: 0.4907
Epoch 53/500
32742/32742 [==============================] - 19s 592us/step - loss: 1.8591 - acc: 0.4313 - val_loss: 1.8044 - val_acc: 0.5061
Epoch 54/500
32742/32742 [==============================] - 19s 590us/step - loss: 1.8722 - acc: 0.4343 - val_loss: 1.8118 - val_acc: 0.4973
Epoch 55/500
32742/32742 [==============================] - 19s 594us/step - loss: 1.8596 - acc: 0.4362 - val_loss: 1.8052 - val_acc: 0.5079
Epoch 56/500
32742/32742 [==============================] - 19s 594us/step - loss: 1.8651 - acc: 0.4374 - val_loss: 1.7924 - val_acc: 0.5086
Epoch 57/500
32742/32742 [==============================] - 19s 592us/step - loss: 1.8414 - acc: 0.4374 - val_loss: 1.7761 - val_acc: 0.5113
Epoch 58/500
32742/32742 [==============================] - 19s 592us/step - loss: 1.8530 - acc: 0.4391 - val_loss: 1.7967 - val_acc: 0.5056
Epoch 59/500
32742/32742 [==============================] - 19s 591us/step - loss: 1.8381 - acc: 0.4368 - val_loss: 1.7785 - val_acc: 0.5071
Epoch 60/500
32742/32742 [==============================] - 20s 597us/step - loss: 1.8286 - acc: 0.4382 - val_loss: 1.7635 - val_acc: 0.5176
Epoch 61/500
32742/32742 [==============================] - 19s 593us/step - loss: 1.8255 - acc: 0.4386 - val_loss: 1.7570 - val_acc: 0.5217
Epoch 62/500
32742/32742 [==============================] - 19s 594us/step - loss: 1.8355 - acc: 0.4447 - val_loss: 1.7621 - val_acc: 0.5191
Epoch 63/500
32742/32742 [==============================] - 19s 591us/step - loss: 1.8048 - acc: 0.4484 - val_loss: 1.7712 - val_acc: 0.5108
Epoch 64/500
32742/32742 [==============================] - 19s 590us/step - loss: 1.8230 - acc: 0.4427 - val_loss: 1.7601 - val_acc: 0.5115
Epoch 65/500
32742/32742 [==============================] - 19s 590us/step - loss: 1.7999 - acc: 0.4417 - val_loss: 1.7543 - val_acc: 0.5182
Epoch 66/500
32742/32742 [==============================] - 19s 591us/step - loss: 1.7940 - acc: 0.4498 - val_loss: 1.7436 - val_acc: 0.5228
Epoch 67/500
32742/32742 [==============================] - 19s 593us/step - loss: 1.7753 - acc: 0.4489 - val_loss: 1.7332 - val_acc: 0.5250
Epoch 68/500
32742/32742 [==============================] - 19s 595us/step - loss: 1.8002 - acc: 0.4457 - val_loss: 1.7458 - val_acc: 0.5194
Epoch 69/500
32742/32742 [==============================] - 19s 591us/step - loss: 1.7650 - acc: 0.4535 - val_loss: 1.7303 - val_acc: 0.5227
Epoch 70/500
32742/32742 [==============================] - 20s 601us/step - loss: 1.7676 - acc: 0.4502 - val_loss: 1.7309 - val_acc: 0.5228
Epoch 71/500
32742/32742 [==============================] - 19s 595us/step - loss: 1.7650 - acc: 0.4507 - val_loss: 1.7132 - val_acc: 0.5286
Epoch 72/500
32742/32742 [==============================] - 19s 589us/step - loss: 1.7556 - acc: 0.4535 - val_loss: 1.7072 - val_acc: 0.5319
Epoch 73/500
32742/32742 [==============================] - 19s 595us/step - loss: 1.7613 - acc: 0.4509 - val_loss: 1.7088 - val_acc: 0.5247
Epoch 74/500
32742/32742 [==============================] - 19s 591us/step - loss: 1.7716 - acc: 0.4504 - val_loss: 1.7107 - val_acc: 0.5268
Epoch 75/500
32742/32742 [==============================] - 19s 592us/step - loss: 1.7371 - acc: 0.4558 - val_loss: 1.7379 - val_acc: 0.5168
Epoch 76/500
32742/32742 [==============================] - 19s 590us/step - loss: 1.7467 - acc: 0.4538 - val_loss: 1.7119 - val_acc: 0.5294
Epoch 77/500
32742/32742 [==============================] - 19s 593us/step - loss: 1.7445 - acc: 0.4559 - val_loss: 1.7280 - val_acc: 0.5197
Epoch 78/500
32742/32742 [==============================] - 19s 590us/step - loss: 1.7579 - acc: 0.4578 - val_loss: 1.6980 - val_acc: 0.5339
Epoch 79/500
32742/32742 [==============================] - 19s 592us/step - loss: 1.7238 - acc: 0.4614 - val_loss: 1.6916 - val_acc: 0.5292
Epoch 80/500
32742/32742 [==============================] - 19s 591us/step - loss: 1.7255 - acc: 0.4587 - val_loss: 1.6895 - val_acc: 0.5262
Epoch 81/500
32742/32742 [==============================] - 19s 592us/step - loss: 1.7279 - acc: 0.4582 - val_loss: 1.6970 - val_acc: 0.5285
Epoch 82/500
32742/32742 [==============================] - 19s 593us/step - loss: 1.6952 - acc: 0.4662 - val_loss: 1.6745 - val_acc: 0.5373
Epoch 83/500
32742/32742 [==============================] - 19s 589us/step - loss: 1.6917 - acc: 0.4685 - val_loss: 1.6946 - val_acc: 0.5309
Epoch 84/500
32742/32742 [==============================] - 20s 596us/step - loss: 1.7199 - acc: 0.4615 - val_loss: 1.6809 - val_acc: 0.5370
Epoch 85/500
32742/32742 [==============================] - 19s 592us/step - loss: 1.6900 - acc: 0.4654 - val_loss: 1.6756 - val_acc: 0.5323
Epoch 86/500
32742/32742 [==============================] - 19s 589us/step - loss: 1.7030 - acc: 0.4628 - val_loss: 1.7007 - val_acc: 0.5287
Epoch 87/500
32742/32742 [==============================] - 19s 587us/step - loss: 1.7111 - acc: 0.4602 - val_loss: 1.6901 - val_acc: 0.5306
Epoch 88/500
32742/32742 [==============================] - 19s 583us/step - loss: 1.6838 - acc: 0.4687 - val_loss: 1.6918 - val_acc: 0.5301
Epoch 89/500
32742/32742 [==============================] - 19s 595us/step - loss: 1.6806 - acc: 0.4682 - val_loss: 1.6834 - val_acc: 0.5267
Epoch 90/500
32742/32742 [==============================] - 19s 593us/step - loss: 1.6672 - acc: 0.4714 - val_loss: 1.6704 - val_acc: 0.5366
Epoch 91/500
32742/32742 [==============================] - 19s 594us/step - loss: 1.6905 - acc: 0.4736 - val_loss: 1.6918 - val_acc: 0.5298
Epoch 92/500
32742/32742 [==============================] - 19s 588us/step - loss: 1.6427 - acc: 0.4696 - val_loss: 1.6346 - val_acc: 0.5452
Epoch 93/500
32742/32742 [==============================] - 19s 587us/step - loss: 1.7028 - acc: 0.4714 - val_loss: 1.6657 - val_acc: 0.5347
Epoch 94/500
32742/32742 [==============================] - 20s 597us/step - loss: 1.6482 - acc: 0.4735 - val_loss: 1.6561 - val_acc: 0.5379
Epoch 95/500
32742/32742 [==============================] - 19s 594us/step - loss: 1.6891 - acc: 0.4671 - val_loss: 1.6558 - val_acc: 0.5361
Epoch 96/500
32742/32742 [==============================] - 19s 594us/step - loss: 1.6556 - acc: 0.4690 - val_loss: 1.6623 - val_acc: 0.5342
Epoch 97/500
32742/32742 [==============================] - 20s 596us/step - loss: 1.6586 - acc: 0.4751 - val_loss: 1.6575 - val_acc: 0.5384
Epoch 98/500
32742/32742 [==============================] - 20s 596us/step - loss: 1.6476 - acc: 0.4705 - val_loss: 1.6463 - val_acc: 0.5437
Epoch 99/500
32742/32742 [==============================] - 20s 596us/step - loss: 1.6404 - acc: 0.4694 - val_loss: 1.6269 - val_acc: 0.5516
Epoch 100/500
32742/32742 [==============================] - 19s 595us/step - loss: 1.6326 - acc: 0.4807 - val_loss: 1.6248 - val_acc: 0.5477
Epoch 101/500
32742/32742 [==============================] - 19s 594us/step - loss: 1.6346 - acc: 0.4808 - val_loss: 1.6180 - val_acc: 0.5520
Epoch 102/500
32742/32742 [==============================] - 19s 594us/step - loss: 1.6220 - acc: 0.4777 - val_loss: 1.6272 - val_acc: 0.5475
Epoch 103/500
32742/32742 [==============================] - 19s 589us/step - loss: 1.6495 - acc: 0.4763 - val_loss: 1.6380 - val_acc: 0.5448
Epoch 104/500
32742/32742 [==============================] - 19s 595us/step - loss: 1.6300 - acc: 0.4801 - val_loss: 1.6188 - val_acc: 0.5489
Epoch 105/500
32742/32742 [==============================] - 20s 599us/step - loss: 1.6126 - acc: 0.4829 - val_loss: 1.6227 - val_acc: 0.5479
Epoch 106/500
32742/32742 [==============================] - 19s 594us/step - loss: 1.6332 - acc: 0.4815 - val_loss: 1.6334 - val_acc: 0.5460
Epoch 107/500
32742/32742 [==============================] - 19s 595us/step - loss: 1.6180 - acc: 0.4750 - val_loss: 1.6347 - val_acc: 0.5442
Epoch 108/500
32742/32742 [==============================] - 19s 594us/step - loss: 1.5996 - acc: 0.4815 - val_loss: 1.6120 - val_acc: 0.5478
Epoch 109/500
32742/32742 [==============================] - 19s 590us/step - loss: 1.6177 - acc: 0.4792 - val_loss: 1.6128 - val_acc: 0.5535
Epoch 110/500
32742/32742 [==============================] - 19s 595us/step - loss: 1.6050 - acc: 0.4824 - val_loss: 1.6451 - val_acc: 0.5404
Epoch 111/500
32742/32742 [==============================] - 19s 592us/step - loss: 1.6048 - acc: 0.4784 - val_loss: 1.6009 - val_acc: 0.5509
Epoch 112/500
32742/32742 [==============================] - 20s 599us/step - loss: 1.6090 - acc: 0.4781 - val_loss: 1.6155 - val_acc: 0.5496
Epoch 113/500
32742/32742 [==============================] - 19s 591us/step - loss: 1.5960 - acc: 0.4797 - val_loss: 1.5911 - val_acc: 0.5566
Epoch 114/500
32742/32742 [==============================] - 19s 594us/step - loss: 1.5776 - acc: 0.4828 - val_loss: 1.6098 - val_acc: 0.5520
Epoch 115/500
32742/32742 [==============================] - 19s 593us/step - loss: 1.5971 - acc: 0.4880 - val_loss: 1.6029 - val_acc: 0.5535
Epoch 116/500
32742/32742 [==============================] - 19s 590us/step - loss: 1.5744 - acc: 0.4851 - val_loss: 1.6137 - val_acc: 0.5439
Epoch 117/500
32742/32742 [==============================] - 20s 599us/step - loss: 1.5722 - acc: 0.4852 - val_loss: 1.6083 - val_acc: 0.5501
Epoch 118/500
32742/32742 [==============================] - 19s 592us/step - loss: 1.5950 - acc: 0.4860 - val_loss: 1.5928 - val_acc: 0.5585
Epoch 119/500
32742/32742 [==============================] - 19s 588us/step - loss: 1.5909 - acc: 0.4889 - val_loss: 1.5989 - val_acc: 0.5541
Epoch 120/500
32742/32742 [==============================] - 19s 595us/step - loss: 1.5854 - acc: 0.4840 - val_loss: 1.5865 - val_acc: 0.5586
Epoch 121/500
32742/32742 [==============================] - 19s 591us/step - loss: 1.5724 - acc: 0.4884 - val_loss: 1.5864 - val_acc: 0.5592
Epoch 122/500
32742/32742 [==============================] - 19s 589us/step - loss: 1.5789 - acc: 0.4854 - val_loss: 1.5859 - val_acc: 0.5573
Epoch 123/500
32742/32742 [==============================] - 19s 584us/step - loss: 1.5655 - acc: 0.4904 - val_loss: 1.5966 - val_acc: 0.5514
Epoch 124/500
32742/32742 [==============================] - 19s 583us/step - loss: 1.5612 - acc: 0.4914 - val_loss: 1.6074 - val_acc: 0.5526
Epoch 125/500
32742/32742 [==============================] - 19s 583us/step - loss: 1.5492 - acc: 0.4876 - val_loss: 1.5870 - val_acc: 0.5544
Epoch 126/500
32742/32742 [==============================] - 20s 602us/step - loss: 1.5586 - acc: 0.4932 - val_loss: 1.5850 - val_acc: 0.5567
Epoch 127/500
32742/32742 [==============================] - 19s 594us/step - loss: 1.5523 - acc: 0.4912 - val_loss: 1.5925 - val_acc: 0.5541
Epoch 128/500
32742/32742 [==============================] - 19s 590us/step - loss: 1.5592 - acc: 0.4929 - val_loss: 1.6054 - val_acc: 0.5475
Epoch 129/500
32742/32742 [==============================] - 19s 592us/step - loss: 1.5354 - acc: 0.4940 - val_loss: 1.5754 - val_acc: 0.5595
Epoch 130/500
32742/32742 [==============================] - 19s 595us/step - loss: 1.5665 - acc: 0.4892 - val_loss: 1.5751 - val_acc: 0.5582
Epoch 131/500
32742/32742 [==============================] - 19s 591us/step - loss: 1.5289 - acc: 0.4990 - val_loss: 1.5784 - val_acc: 0.5571
Epoch 132/500
32742/32742 [==============================] - 19s 596us/step - loss: 1.5586 - acc: 0.4903 - val_loss: 1.5793 - val_acc: 0.5550
Epoch 133/500
32742/32742 [==============================] - 20s 597us/step - loss: 1.5309 - acc: 0.4914 - val_loss: 1.5740 - val_acc: 0.5600
Epoch 134/500
32742/32742 [==============================] - 20s 596us/step - loss: 1.5196 - acc: 0.4956 - val_loss: 1.5959 - val_acc: 0.5532
Epoch 135/500
32742/32742 [==============================] - 19s 595us/step - loss: 1.5210 - acc: 0.4969 - val_loss: 1.5645 - val_acc: 0.5596
Epoch 136/500
32742/32742 [==============================] - 19s 589us/step - loss: 1.5437 - acc: 0.4957 - val_loss: 1.5748 - val_acc: 0.5562
Epoch 137/500
32742/32742 [==============================] - 19s 593us/step - loss: 1.5118 - acc: 0.4965 - val_loss: 1.5615 - val_acc: 0.5600
Epoch 138/500
32742/32742 [==============================] - 19s 590us/step - loss: 1.5488 - acc: 0.4954 - val_loss: 1.5582 - val_acc: 0.5633
Epoch 139/500
32742/32742 [==============================] - 19s 583us/step - loss: 1.5350 - acc: 0.4969 - val_loss: 1.5577 - val_acc: 0.5650
Epoch 140/500
32742/32742 [==============================] - 20s 597us/step - loss: 1.5123 - acc: 0.4988 - val_loss: 1.5500 - val_acc: 0.5634
Epoch 141/500
32742/32742 [==============================] - 19s 593us/step - loss: 1.5014 - acc: 0.5011 - val_loss: 1.5480 - val_acc: 0.5686
Epoch 142/500
32742/32742 [==============================] - 19s 593us/step - loss: 1.5127 - acc: 0.5000 - val_loss: 1.5699 - val_acc: 0.5587
Epoch 143/500
32742/32742 [==============================] - 19s 592us/step - loss: 1.5212 - acc: 0.4987 - val_loss: 1.5494 - val_acc: 0.5650
Epoch 144/500
32742/32742 [==============================] - 19s 588us/step - loss: 1.5252 - acc: 0.4994 - val_loss: 1.5485 - val_acc: 0.5660
Epoch 145/500
32742/32742 [==============================] - 19s 594us/step - loss: 1.5406 - acc: 0.4967 - val_loss: 1.5582 - val_acc: 0.5652
Epoch 146/500
32742/32742 [==============================] - 19s 595us/step - loss: 1.4958 - acc: 0.4993 - val_loss: 1.5447 - val_acc: 0.5668
Epoch 147/500
32742/32742 [==============================] - 20s 597us/step - loss: 1.4850 - acc: 0.5019 - val_loss: 1.5642 - val_acc: 0.5609
Epoch 148/500
32742/32742 [==============================] - 19s 595us/step - loss: 1.4869 - acc: 0.5058 - val_loss: 1.5621 - val_acc: 0.5596
Epoch 149/500
32742/32742 [==============================] - 19s 589us/step - loss: 1.4893 - acc: 0.5013 - val_loss: 1.5365 - val_acc: 0.5705
Epoch 150/500
32742/32742 [==============================] - 19s 589us/step - loss: 1.5088 - acc: 0.4992 - val_loss: 1.5353 - val_acc: 0.5750
Epoch 151/500
32742/32742 [==============================] - 19s 589us/step - loss: 1.5357 - acc: 0.5001 - val_loss: 1.5504 - val_acc: 0.5644
Epoch 152/500
32742/32742 [==============================] - 19s 587us/step - loss: 1.5019 - acc: 0.5038 - val_loss: 1.5507 - val_acc: 0.5640
Epoch 153/500
32742/32742 [==============================] - 19s 585us/step - loss: 1.4926 - acc: 0.5029 - val_loss: 1.5349 - val_acc: 0.5694
Epoch 154/500
32742/32742 [==============================] - 19s 580us/step - loss: 1.4844 - acc: 0.5058 - val_loss: 1.5446 - val_acc: 0.5659
Epoch 155/500
32742/32742 [==============================] - 19s 582us/step - loss: 1.4923 - acc: 0.5078 - val_loss: 1.5707 - val_acc: 0.5549
Epoch 156/500
32742/32742 [==============================] - 19s 578us/step - loss: 1.4688 - acc: 0.5064 - val_loss: 1.5269 - val_acc: 0.5729
Epoch 157/500
32742/32742 [==============================] - 19s 582us/step - loss: 1.4784 - acc: 0.5034 - val_loss: 1.5368 - val_acc: 0.5669
Epoch 158/500
32742/32742 [==============================] - 19s 586us/step - loss: 1.4868 - acc: 0.5083 - val_loss: 1.5410 - val_acc: 0.5695
Epoch 159/500
32742/32742 [==============================] - 19s 577us/step - loss: 1.4901 - acc: 0.5038 - val_loss: 1.5372 - val_acc: 0.5691
Epoch 160/500
32742/32742 [==============================] - 19s 583us/step - loss: 1.4760 - acc: 0.5046 - val_loss: 1.5540 - val_acc: 0.5618
Epoch 161/500
32742/32742 [==============================] - 19s 586us/step - loss: 1.4732 - acc: 0.5054 - val_loss: 1.5445 - val_acc: 0.5665
Epoch 162/500
32742/32742 [==============================] - 19s 584us/step - loss: 1.4682 - acc: 0.5076 - val_loss: 1.5386 - val_acc: 0.5676
Epoch 163/500
32742/32742 [==============================] - 19s 583us/step - loss: 1.4658 - acc: 0.5084 - val_loss: 1.5321 - val_acc: 0.5714
Epoch 164/500
32742/32742 [==============================] - 19s 581us/step - loss: 1.4803 - acc: 0.5061 - val_loss: 1.5387 - val_acc: 0.5682
Epoch 165/500
32742/32742 [==============================] - 19s 584us/step - loss: 1.4451 - acc: 0.5118 - val_loss: 1.5358 - val_acc: 0.5712
Epoch 166/500
32742/32742 [==============================] - 19s 579us/step - loss: 1.4624 - acc: 0.5118 - val_loss: 1.5315 - val_acc: 0.5694
Epoch 167/500
32742/32742 [==============================] - 19s 587us/step - loss: 1.4574 - acc: 0.5104 - val_loss: 1.5191 - val_acc: 0.5758
Epoch 168/500
32742/32742 [==============================] - 19s 586us/step - loss: 1.4549 - acc: 0.5062 - val_loss: 1.5619 - val_acc: 0.5607
Epoch 169/500
32742/32742 [==============================] - 19s 586us/step - loss: 1.4606 - acc: 0.5114 - val_loss: 1.5483 - val_acc: 0.5638
Epoch 170/500
32742/32742 [==============================] - 19s 584us/step - loss: 1.4556 - acc: 0.5053 - val_loss: 1.5273 - val_acc: 0.5684
Epoch 171/500
32742/32742 [==============================] - 19s 584us/step - loss: 1.4738 - acc: 0.5101 - val_loss: 1.5315 - val_acc: 0.5701
Epoch 172/500
32742/32742 [==============================] - 19s 574us/step - loss: 1.4369 - acc: 0.5119 - val_loss: 1.5483 - val_acc: 0.5618
Epoch 173/500
32742/32742 [==============================] - 19s 571us/step - loss: 1.4468 - acc: 0.5090 - val_loss: 1.5158 - val_acc: 0.5761
Epoch 174/500
32742/32742 [==============================] - 19s 581us/step - loss: 1.4490 - acc: 0.5128 - val_loss: 1.5387 - val_acc: 0.5693
Epoch 175/500
32742/32742 [==============================] - 19s 566us/step - loss: 1.4217 - acc: 0.5226 - val_loss: 1.5384 - val_acc: 0.5695
Epoch 176/500
32742/32742 [==============================] - 19s 574us/step - loss: 1.4333 - acc: 0.5135 - val_loss: 1.5262 - val_acc: 0.5704
Epoch 177/500
32742/32742 [==============================] - 18s 565us/step - loss: 1.4183 - acc: 0.5108 - val_loss: 1.5232 - val_acc: 0.5700
Epoch 178/500
32742/32742 [==============================] - 18s 552us/step - loss: 1.4500 - acc: 0.5101 - val_loss: 1.5157 - val_acc: 0.5748
Epoch 179/500
32742/32742 [==============================] - 18s 559us/step - loss: 1.4364 - acc: 0.5150 - val_loss: 1.5302 - val_acc: 0.5695
Epoch 180/500
32742/32742 [==============================] - 18s 560us/step - loss: 1.4248 - acc: 0.5125 - val_loss: 1.5064 - val_acc: 0.5764
Epoch 181/500
32742/32742 [==============================] - 19s 573us/step - loss: 1.4484 - acc: 0.5153 - val_loss: 1.5519 - val_acc: 0.5661
Epoch 182/500
32742/32742 [==============================] - 19s 573us/step - loss: 1.4184 - acc: 0.5172 - val_loss: 1.5061 - val_acc: 0.5774
Epoch 183/500
32742/32742 [==============================] - 19s 568us/step - loss: 1.4161 - acc: 0.5192 - val_loss: 1.5086 - val_acc: 0.5786
Epoch 184/500
32742/32742 [==============================] - 19s 568us/step - loss: 1.4123 - acc: 0.5216 - val_loss: 1.5081 - val_acc: 0.5760
Epoch 185/500
32742/32742 [==============================] - 18s 563us/step - loss: 1.4047 - acc: 0.5191 - val_loss: 1.4908 - val_acc: 0.5807
Epoch 186/500
32742/32742 [==============================] - 19s 571us/step - loss: 1.4186 - acc: 0.5218 - val_loss: 1.5292 - val_acc: 0.5686
Epoch 187/500
32742/32742 [==============================] - 18s 560us/step - loss: 1.4021 - acc: 0.5189 - val_loss: 1.5199 - val_acc: 0.5731
Epoch 188/500
32742/32742 [==============================] - 19s 578us/step - loss: 1.4344 - acc: 0.5190 - val_loss: 1.5197 - val_acc: 0.5680
Epoch 189/500
32742/32742 [==============================] - 19s 569us/step - loss: 1.4069 - acc: 0.5213 - val_loss: 1.5153 - val_acc: 0.5742
Epoch 190/500
32742/32742 [==============================] - 19s 572us/step - loss: 1.4150 - acc: 0.5187 - val_loss: 1.4942 - val_acc: 0.5830
Epoch 191/500
32742/32742 [==============================] - 19s 574us/step - loss: 1.3860 - acc: 0.5210 - val_loss: 1.5169 - val_acc: 0.5701
Epoch 192/500
32742/32742 [==============================] - 19s 574us/step - loss: 1.3887 - acc: 0.5241 - val_loss: 1.5035 - val_acc: 0.5755
Epoch 193/500
32742/32742 [==============================] - 19s 577us/step - loss: 1.4068 - acc: 0.5213 - val_loss: 1.5290 - val_acc: 0.5642
Epoch 194/500
32742/32742 [==============================] - 19s 571us/step - loss: 1.3919 - acc: 0.5237 - val_loss: 1.4972 - val_acc: 0.5801
Epoch 195/500
32742/32742 [==============================] - 19s 567us/step - loss: 1.4023 - acc: 0.5236 - val_loss: 1.4935 - val_acc: 0.5803
Epoch 196/500
32742/32742 [==============================] - 19s 581us/step - loss: 1.4015 - acc: 0.5225 - val_loss: 1.5102 - val_acc: 0.5766
Epoch 197/500
32742/32742 [==============================] - 19s 577us/step - loss: 1.3692 - acc: 0.5290 - val_loss: 1.5116 - val_acc: 0.5730
Epoch 198/500
32742/32742 [==============================] - 19s 567us/step - loss: 1.3723 - acc: 0.5280 - val_loss: 1.4952 - val_acc: 0.5773
Epoch 199/500
32742/32742 [==============================] - 18s 559us/step - loss: 1.3800 - acc: 0.5251 - val_loss: 1.5062 - val_acc: 0.5745
Epoch 200/500
32742/32742 [==============================] - 18s 562us/step - loss: 1.3810 - acc: 0.5243 - val_loss: 1.5061 - val_acc: 0.5749
Epoch 201/500
32742/32742 [==============================] - 19s 567us/step - loss: 1.3818 - acc: 0.5238 - val_loss: 1.4928 - val_acc: 0.5836
Epoch 202/500
32742/32742 [==============================] - 18s 563us/step - loss: 1.3814 - acc: 0.5228 - val_loss: 1.4841 - val_acc: 0.5826
Epoch 203/500
32742/32742 [==============================] - 18s 560us/step - loss: 1.3952 - acc: 0.5239 - val_loss: 1.5097 - val_acc: 0.5748
Epoch 204/500
32742/32742 [==============================] - 18s 557us/step - loss: 1.3703 - acc: 0.5238 - val_loss: 1.4956 - val_acc: 0.5778
Epoch 205/500
32742/32742 [==============================] - 18s 557us/step - loss: 1.3849 - acc: 0.5252 - val_loss: 1.4985 - val_acc: 0.5793
Epoch 206/500
32742/32742 [==============================] - 19s 569us/step - loss: 1.4018 - acc: 0.5260 - val_loss: 1.4861 - val_acc: 0.5838
Epoch 207/500
32742/32742 [==============================] - 19s 569us/step - loss: 1.3662 - acc: 0.5235 - val_loss: 1.4954 - val_acc: 0.5794
Epoch 208/500
32742/32742 [==============================] - 18s 562us/step - loss: 1.3681 - acc: 0.5294 - val_loss: 1.4813 - val_acc: 0.5848
Epoch 209/500
32742/32742 [==============================] - 18s 560us/step - loss: 1.3840 - acc: 0.5261 - val_loss: 1.5268 - val_acc: 0.5702
Epoch 210/500
32742/32742 [==============================] - 19s 576us/step - loss: 1.3758 - acc: 0.5243 - val_loss: 1.4914 - val_acc: 0.5799
Epoch 211/500
32742/32742 [==============================] - 19s 575us/step - loss: 1.3648 - acc: 0.5280 - val_loss: 1.4964 - val_acc: 0.5766
Epoch 212/500
32742/32742 [==============================] - 19s 580us/step - loss: 1.3501 - acc: 0.5303 - val_loss: 1.4899 - val_acc: 0.5841
Epoch 213/500
32742/32742 [==============================] - 19s 579us/step - loss: 1.3627 - acc: 0.5270 - val_loss: 1.4882 - val_acc: 0.5839
Epoch 214/500
32742/32742 [==============================] - 18s 556us/step - loss: 1.3479 - acc: 0.5311 - val_loss: 1.4859 - val_acc: 0.5804
Epoch 215/500
32742/32742 [==============================] - 19s 568us/step - loss: 1.3490 - acc: 0.5333 - val_loss: 1.5040 - val_acc: 0.5767
Epoch 216/500
32742/32742 [==============================] - 19s 581us/step - loss: 1.3376 - acc: 0.5308 - val_loss: 1.4826 - val_acc: 0.5843
Epoch 217/500
32742/32742 [==============================] - 19s 575us/step - loss: 1.3416 - acc: 0.5330 - val_loss: 1.4929 - val_acc: 0.5802
Epoch 218/500
32742/32742 [==============================] - 19s 570us/step - loss: 1.3493 - acc: 0.5318 - val_loss: 1.4847 - val_acc: 0.5844
Epoch 219/500
32742/32742 [==============================] - 19s 571us/step - loss: 1.3283 - acc: 0.5331 - val_loss: 1.4879 - val_acc: 0.5800
Epoch 220/500
32742/32742 [==============================] - 19s 570us/step - loss: 1.3648 - acc: 0.5315 - val_loss: 1.4956 - val_acc: 0.5802
Epoch 221/500
32742/32742 [==============================] - 18s 560us/step - loss: 1.3382 - acc: 0.5360 - val_loss: 1.4910 - val_acc: 0.5797
Epoch 222/500
32742/32742 [==============================] - 18s 558us/step - loss: 1.3389 - acc: 0.5291 - val_loss: 1.4919 - val_acc: 0.5822
Epoch 223/500
32742/32742 [==============================] - 18s 555us/step - loss: 1.3533 - acc: 0.5295 - val_loss: 1.4928 - val_acc: 0.5790
Epoch 224/500
32742/32742 [==============================] - 18s 557us/step - loss: 1.3478 - acc: 0.5311 - val_loss: 1.5135 - val_acc: 0.5738
Epoch 225/500
32742/32742 [==============================] - 19s 569us/step - loss: 1.3634 - acc: 0.5284 - val_loss: 1.4800 - val_acc: 0.5848
Epoch 226/500
32742/32742 [==============================] - 18s 558us/step - loss: 1.3343 - acc: 0.5395 - val_loss: 1.4793 - val_acc: 0.5835
Epoch 227/500
32742/32742 [==============================] - 19s 584us/step - loss: 1.3380 - acc: 0.5319 - val_loss: 1.4741 - val_acc: 0.5863
Epoch 228/500
32742/32742 [==============================] - 19s 583us/step - loss: 1.3291 - acc: 0.5330 - val_loss: 1.4714 - val_acc: 0.5892
Epoch 229/500
32742/32742 [==============================] - 18s 560us/step - loss: 1.3239 - acc: 0.5388 - val_loss: 1.4824 - val_acc: 0.5779
Epoch 230/500
32742/32742 [==============================] - 19s 569us/step - loss: 1.3262 - acc: 0.5320 - val_loss: 1.4922 - val_acc: 0.5779
Epoch 231/500
32742/32742 [==============================] - 18s 557us/step - loss: 1.3207 - acc: 0.5345 - val_loss: 1.4614 - val_acc: 0.5911
Epoch 232/500
32742/32742 [==============================] - 18s 561us/step - loss: 1.3315 - acc: 0.5351 - val_loss: 1.4879 - val_acc: 0.5809
Epoch 233/500
32742/32742 [==============================] - 18s 563us/step - loss: 1.3092 - acc: 0.5390 - val_loss: 1.4747 - val_acc: 0.5826
Epoch 234/500
32742/32742 [==============================] - 19s 575us/step - loss: 1.3100 - acc: 0.5404 - val_loss: 1.4849 - val_acc: 0.5817
Epoch 235/500
32742/32742 [==============================] - 19s 578us/step - loss: 1.3266 - acc: 0.5386 - val_loss: 1.4886 - val_acc: 0.5812
Epoch 236/500
32742/32742 [==============================] - 18s 557us/step - loss: 1.3400 - acc: 0.5367 - val_loss: 1.4603 - val_acc: 0.5898
Epoch 237/500
32742/32742 [==============================] - 19s 578us/step - loss: 1.2876 - acc: 0.5462 - val_loss: 1.4793 - val_acc: 0.5838
Epoch 238/500
32742/32742 [==============================] - 19s 572us/step - loss: 1.3124 - acc: 0.5377 - val_loss: 1.4615 - val_acc: 0.5898
Epoch 239/500
32742/32742 [==============================] - 18s 559us/step - loss: 1.3251 - acc: 0.5392 - val_loss: 1.5003 - val_acc: 0.5754
Epoch 240/500
32742/32742 [==============================] - 19s 575us/step - loss: 1.3178 - acc: 0.5363 - val_loss: 1.4654 - val_acc: 0.5880
Epoch 241/500
32742/32742 [==============================] - 19s 577us/step - loss: 1.3023 - acc: 0.5431 - val_loss: 1.4872 - val_acc: 0.5827
Epoch 242/500
32742/32742 [==============================] - 18s 558us/step - loss: 1.3150 - acc: 0.5407 - val_loss: 1.4688 - val_acc: 0.5903
Epoch 243/500
32742/32742 [==============================] - 19s 569us/step - loss: 1.2976 - acc: 0.5426 - val_loss: 1.4763 - val_acc: 0.5843
Epoch 244/500
32742/32742 [==============================] - 19s 567us/step - loss: 1.3098 - acc: 0.5409 - val_loss: 1.4819 - val_acc: 0.5835
Epoch 245/500
32742/32742 [==============================] - 19s 571us/step - loss: 1.3004 - acc: 0.5450 - val_loss: 1.4779 - val_acc: 0.5831
Epoch 246/500
32742/32742 [==============================] - 19s 571us/step - loss: 1.2881 - acc: 0.5466 - val_loss: 1.4796 - val_acc: 0.5840
Epoch 247/500
32742/32742 [==============================] - 19s 573us/step - loss: 1.2913 - acc: 0.5419 - val_loss: 1.4787 - val_acc: 0.5833
Epoch 248/500
32742/32742 [==============================] - 19s 572us/step - loss: 1.2779 - acc: 0.5463 - val_loss: 1.4857 - val_acc: 0.5799
Epoch 249/500
32742/32742 [==============================] - 18s 564us/step - loss: 1.3098 - acc: 0.5425 - val_loss: 1.4771 - val_acc: 0.5874
Epoch 250/500
32742/32742 [==============================] - 19s 575us/step - loss: 1.3109 - acc: 0.5418 - val_loss: 1.4583 - val_acc: 0.5907
Epoch 251/500
32742/32742 [==============================] - 19s 571us/step - loss: 1.2888 - acc: 0.5427 - val_loss: 1.4657 - val_acc: 0.5917
Epoch 252/500
32742/32742 [==============================] - 19s 574us/step - loss: 1.2866 - acc: 0.5472 - val_loss: 1.4683 - val_acc: 0.5873
Epoch 253/500
32742/32742 [==============================] - 19s 572us/step - loss: 1.2867 - acc: 0.5438 - val_loss: 1.4801 - val_acc: 0.5824
Epoch 254/500
32742/32742 [==============================] - 19s 572us/step - loss: 1.3078 - acc: 0.5444 - val_loss: 1.4940 - val_acc: 0.5815
Epoch 255/500
32742/32742 [==============================] - 19s 565us/step - loss: 1.2929 - acc: 0.5404 - val_loss: 1.4738 - val_acc: 0.5870
Epoch 256/500
32742/32742 [==============================] - 19s 571us/step - loss: 1.2777 - acc: 0.5484 - val_loss: 1.4707 - val_acc: 0.5859
Epoch 257/500
32742/32742 [==============================] - 19s 570us/step - loss: 1.2785 - acc: 0.5446 - val_loss: 1.4716 - val_acc: 0.5867
Epoch 258/500
32742/32742 [==============================] - 18s 558us/step - loss: 1.2694 - acc: 0.5463 - val_loss: 1.4639 - val_acc: 0.5870
Epoch 259/500
32742/32742 [==============================] - 19s 586us/step - loss: 1.2917 - acc: 0.5443 - val_loss: 1.4960 - val_acc: 0.5792
Epoch 260/500
32742/32742 [==============================] - 19s 594us/step - loss: 1.2724 - acc: 0.5485 - val_loss: 1.4638 - val_acc: 0.5898
Epoch 261/500
32742/32742 [==============================] - 20s 599us/step - loss: 1.3050 - acc: 0.5449 - val_loss: 1.4738 - val_acc: 0.5899
Epoch 262/500
32742/32742 [==============================] - 20s 597us/step - loss: 1.2924 - acc: 0.5476 - val_loss: 1.4594 - val_acc: 0.5905
Epoch 263/500
32742/32742 [==============================] - 20s 600us/step - loss: 1.2597 - acc: 0.5530 - val_loss: 1.4552 - val_acc: 0.5937
Epoch 264/500
32742/32742 [==============================] - 20s 598us/step - loss: 1.2817 - acc: 0.5519 - val_loss: 1.4590 - val_acc: 0.5913
Epoch 265/500
32742/32742 [==============================] - 20s 598us/step - loss: 1.2847 - acc: 0.5497 - val_loss: 1.4457 - val_acc: 0.5975
Epoch 266/500
32742/32742 [==============================] - 19s 592us/step - loss: 1.2811 - acc: 0.5495 - val_loss: 1.4750 - val_acc: 0.5856
Epoch 267/500
32742/32742 [==============================] - 19s 591us/step - loss: 1.2560 - acc: 0.5477 - val_loss: 1.4644 - val_acc: 0.5879
Epoch 268/500
32742/32742 [==============================] - 19s 589us/step - loss: 1.2581 - acc: 0.5522 - val_loss: 1.5049 - val_acc: 0.5815
Epoch 269/500
32742/32742 [==============================] - 18s 563us/step - loss: 1.2869 - acc: 0.5471 - val_loss: 1.4704 - val_acc: 0.5874
Epoch 270/500
32742/32742 [==============================] - 19s 566us/step - loss: 1.2732 - acc: 0.5507 - val_loss: 1.4708 - val_acc: 0.5892
Epoch 271/500
32742/32742 [==============================] - 19s 570us/step - loss: 1.2588 - acc: 0.5492 - val_loss: 1.4554 - val_acc: 0.5944
Epoch 272/500
32742/32742 [==============================] - 19s 575us/step - loss: 1.2788 - acc: 0.5488 - val_loss: 1.4629 - val_acc: 0.5923
Epoch 273/500
32742/32742 [==============================] - 19s 575us/step - loss: 1.2499 - acc: 0.5512 - val_loss: 1.4766 - val_acc: 0.5840
Epoch 274/500
32742/32742 [==============================] - 19s 578us/step - loss: 1.2518 - acc: 0.5512 - val_loss: 1.4517 - val_acc: 0.5922
Epoch 275/500
32742/32742 [==============================] - 19s 572us/step - loss: 1.2474 - acc: 0.5531 - val_loss: 1.4556 - val_acc: 0.5938
Epoch 276/500
32742/32742 [==============================] - 19s 580us/step - loss: 1.2650 - acc: 0.5505 - val_loss: 1.4597 - val_acc: 0.5941
Epoch 277/500
32742/32742 [==============================] - 19s 580us/step - loss: 1.2458 - acc: 0.5575 - val_loss: 1.4655 - val_acc: 0.5917
Epoch 278/500
32742/32742 [==============================] - 19s 573us/step - loss: 1.2654 - acc: 0.5556 - val_loss: 1.4560 - val_acc: 0.5931
Epoch 279/500
32742/32742 [==============================] - 18s 558us/step - loss: 1.2297 - acc: 0.5604 - val_loss: 1.4766 - val_acc: 0.5862
Epoch 280/500
32742/32742 [==============================] - 18s 560us/step - loss: 1.2516 - acc: 0.5559 - val_loss: 1.4683 - val_acc: 0.5861
Epoch 281/500
32742/32742 [==============================] - 19s 577us/step - loss: 1.2415 - acc: 0.5565 - val_loss: 1.4579 - val_acc: 0.5905
Epoch 282/500
32742/32742 [==============================] - 19s 567us/step - loss: 1.2506 - acc: 0.5521 - val_loss: 1.4612 - val_acc: 0.5911
Epoch 283/500
32742/32742 [==============================] - 19s 566us/step - loss: 1.2498 - acc: 0.5529 - val_loss: 1.4428 - val_acc: 0.5943
Epoch 284/500
32742/32742 [==============================] - 19s 570us/step - loss: 1.2406 - acc: 0.5560 - val_loss: 1.4637 - val_acc: 0.5878
Epoch 285/500
32742/32742 [==============================] - 18s 557us/step - loss: 1.2580 - acc: 0.5561 - val_loss: 1.4661 - val_acc: 0.5919
Epoch 286/500
32742/32742 [==============================] - 19s 567us/step - loss: 1.2351 - acc: 0.5564 - val_loss: 1.4627 - val_acc: 0.5911
Epoch 287/500
32742/32742 [==============================] - 19s 569us/step - loss: 1.2347 - acc: 0.5538 - val_loss: 1.4597 - val_acc: 0.5925
Epoch 288/500
32742/32742 [==============================] - 19s 572us/step - loss: 1.2209 - acc: 0.5587 - val_loss: 1.4657 - val_acc: 0.5912
Epoch 289/500
32742/32742 [==============================] - 19s 575us/step - loss: 1.2293 - acc: 0.5582 - val_loss: 1.4577 - val_acc: 0.5957
Epoch 290/500
32742/32742 [==============================] - 18s 561us/step - loss: 1.2408 - acc: 0.5564 - val_loss: 1.4695 - val_acc: 0.5905
Epoch 291/500
32742/32742 [==============================] - 19s 572us/step - loss: 1.2420 - acc: 0.5549 - val_loss: 1.4640 - val_acc: 0.5901
Epoch 292/500
32742/32742 [==============================] - 19s 577us/step - loss: 1.2395 - acc: 0.5558 - val_loss: 1.4658 - val_acc: 0.5888
Epoch 293/500
32742/32742 [==============================] - 18s 561us/step - loss: 1.2370 - acc: 0.5559 - val_loss: 1.4665 - val_acc: 0.5900
Epoch 294/500
32742/32742 [==============================] - 19s 579us/step - loss: 1.2344 - acc: 0.5574 - val_loss: 1.4494 - val_acc: 0.5935
Epoch 295/500
32742/32742 [==============================] - 19s 575us/step - loss: 1.2218 - acc: 0.5616 - val_loss: 1.4672 - val_acc: 0.5898
Epoch 296/500
32742/32742 [==============================] - 18s 561us/step - loss: 1.2334 - acc: 0.5572 - val_loss: 1.4622 - val_acc: 0.5888
Epoch 297/500
32742/32742 [==============================] - 18s 563us/step - loss: 1.2565 - acc: 0.5585 - val_loss: 1.4560 - val_acc: 0.5971
Epoch 298/500
32742/32742 [==============================] - 19s 578us/step - loss: 1.2208 - acc: 0.5603 - val_loss: 1.4552 - val_acc: 0.5904
Epoch 299/500
32742/32742 [==============================] - 19s 576us/step - loss: 1.2255 - acc: 0.5632 - val_loss: 1.4460 - val_acc: 0.5957
Epoch 300/500
32742/32742 [==============================] - 19s 583us/step - loss: 1.2012 - acc: 0.5635 - val_loss: 1.4463 - val_acc: 0.5957
Epoch 301/500
32742/32742 [==============================] - 19s 580us/step - loss: 1.2291 - acc: 0.5613 - val_loss: 1.4413 - val_acc: 0.5991
Epoch 302/500
32742/32742 [==============================] - 18s 557us/step - loss: 1.1919 - acc: 0.5638 - val_loss: 1.4732 - val_acc: 0.5864
Epoch 303/500
32742/32742 [==============================] - 18s 560us/step - loss: 1.2067 - acc: 0.5624 - val_loss: 1.4580 - val_acc: 0.5922
Epoch 304/500
32742/32742 [==============================] - 18s 562us/step - loss: 1.2183 - acc: 0.5615 - val_loss: 1.4636 - val_acc: 0.5901
Epoch 305/500
32742/32742 [==============================] - 19s 582us/step - loss: 1.2153 - acc: 0.5612 - val_loss: 1.4549 - val_acc: 0.5951
Epoch 306/500
32742/32742 [==============================] - 19s 567us/step - loss: 1.2108 - acc: 0.5612 - val_loss: 1.4407 - val_acc: 0.5958
Epoch 307/500
32742/32742 [==============================] - 19s 569us/step - loss: 1.2045 - acc: 0.5623 - val_loss: 1.4509 - val_acc: 0.5988
Epoch 308/500
32742/32742 [==============================] - 18s 556us/step - loss: 1.1882 - acc: 0.5621 - val_loss: 1.4465 - val_acc: 0.5970
Epoch 309/500
32742/32742 [==============================] - 18s 557us/step - loss: 1.2073 - acc: 0.5647 - val_loss: 1.4394 - val_acc: 0.5999
Epoch 310/500
32742/32742 [==============================] - 19s 573us/step - loss: 1.1925 - acc: 0.5635 - val_loss: 1.4657 - val_acc: 0.5882
Epoch 311/500
32742/32742 [==============================] - 19s 581us/step - loss: 1.2298 - acc: 0.5627 - val_loss: 1.4634 - val_acc: 0.5933
Epoch 312/500
32742/32742 [==============================] - 18s 563us/step - loss: 1.2178 - acc: 0.5617 - val_loss: 1.4490 - val_acc: 0.5986
Epoch 313/500
32742/32742 [==============================] - 19s 577us/step - loss: 1.2072 - acc: 0.5641 - val_loss: 1.4513 - val_acc: 0.5976
Epoch 314/500
32742/32742 [==============================] - 19s 573us/step - loss: 1.2144 - acc: 0.5636 - val_loss: 1.4440 - val_acc: 0.5954
Epoch 315/500
32742/32742 [==============================] - 19s 571us/step - loss: 1.2079 - acc: 0.5660 - val_loss: 1.4616 - val_acc: 0.5916
Epoch 316/500
32742/32742 [==============================] - 19s 578us/step - loss: 1.2051 - acc: 0.5638 - val_loss: 1.4463 - val_acc: 0.5940
Epoch 317/500
32742/32742 [==============================] - 19s 578us/step - loss: 1.2056 - acc: 0.5635 - val_loss: 1.4816 - val_acc: 0.5879
Epoch 318/500
32742/32742 [==============================] - 19s 575us/step - loss: 1.2071 - acc: 0.5676 - val_loss: 1.4512 - val_acc: 0.5948
Epoch 319/500
32742/32742 [==============================] - 19s 572us/step - loss: 1.1966 - acc: 0.5656 - val_loss: 1.4441 - val_acc: 0.5993
Epoch 320/500
32742/32742 [==============================] - 18s 558us/step - loss: 1.1956 - acc: 0.5672 - val_loss: 1.4564 - val_acc: 0.5958
Epoch 321/500
32742/32742 [==============================] - 18s 560us/step - loss: 1.1828 - acc: 0.5662 - val_loss: 1.4624 - val_acc: 0.5927
Epoch 322/500
32742/32742 [==============================] - 19s 568us/step - loss: 1.1784 - acc: 0.5666 - val_loss: 1.4320 - val_acc: 0.6014
Epoch 323/500
32742/32742 [==============================] - 18s 560us/step - loss: 1.2036 - acc: 0.5636 - val_loss: 1.4758 - val_acc: 0.5849
Epoch 324/500
32742/32742 [==============================] - 18s 555us/step - loss: 1.1992 - acc: 0.5713 - val_loss: 1.4605 - val_acc: 0.5909
Epoch 325/500
32742/32742 [==============================] - 18s 565us/step - loss: 1.1923 - acc: 0.5659 - val_loss: 1.4573 - val_acc: 0.5932
Epoch 326/500
32742/32742 [==============================] - 18s 560us/step - loss: 1.1974 - acc: 0.5647 - val_loss: 1.4414 - val_acc: 0.5951
Epoch 327/500
32742/32742 [==============================] - 19s 567us/step - loss: 1.1841 - acc: 0.5661 - val_loss: 1.4429 - val_acc: 0.5973
Epoch 328/500
32742/32742 [==============================] - 19s 568us/step - loss: 1.2094 - acc: 0.5660 - val_loss: 1.4506 - val_acc: 0.5948
Epoch 329/500
32742/32742 [==============================] - 19s 575us/step - loss: 1.1803 - acc: 0.5712 - val_loss: 1.4535 - val_acc: 0.5977
Epoch 330/500
32742/32742 [==============================] - 18s 560us/step - loss: 1.1746 - acc: 0.5688 - val_loss: 1.4609 - val_acc: 0.5915
Epoch 331/500
32742/32742 [==============================] - 19s 574us/step - loss: 1.1865 - acc: 0.5710 - val_loss: 1.4624 - val_acc: 0.5939
Epoch 332/500
32742/32742 [==============================] - 19s 580us/step - loss: 1.1987 - acc: 0.5673 - val_loss: 1.4491 - val_acc: 0.5965
Epoch 333/500
32742/32742 [==============================] - 19s 568us/step - loss: 1.1689 - acc: 0.5721 - val_loss: 1.4352 - val_acc: 0.6018
Epoch 334/500
32742/32742 [==============================] - 19s 577us/step - loss: 1.1629 - acc: 0.5739 - val_loss: 1.4608 - val_acc: 0.5955
Epoch 335/500
32742/32742 [==============================] - 19s 578us/step - loss: 1.1687 - acc: 0.5745 - val_loss: 1.4675 - val_acc: 0.5929
Epoch 336/500
32742/32742 [==============================] - 19s 571us/step - loss: 1.1821 - acc: 0.5713 - val_loss: 1.4700 - val_acc: 0.5916
Epoch 337/500
32742/32742 [==============================] - 19s 578us/step - loss: 1.1756 - acc: 0.5725 - val_loss: 1.4464 - val_acc: 0.5963
Epoch 338/500
32742/32742 [==============================] - 19s 569us/step - loss: 1.1876 - acc: 0.5696 - val_loss: 1.4633 - val_acc: 0.5944
Epoch 339/500
32742/32742 [==============================] - 19s 572us/step - loss: 1.1849 - acc: 0.5686 - val_loss: 1.4360 - val_acc: 0.6008
Epoch 340/500
32742/32742 [==============================] - 19s 567us/step - loss: 1.1844 - acc: 0.5713 - val_loss: 1.4461 - val_acc: 0.5979
Epoch 341/500
32742/32742 [==============================] - 19s 583us/step - loss: 1.1639 - acc: 0.5761 - val_loss: 1.4451 - val_acc: 0.5970
Epoch 342/500
32742/32742 [==============================] - 20s 598us/step - loss: 1.1576 - acc: 0.5764 - val_loss: 1.4314 - val_acc: 0.6012
Epoch 343/500
32742/32742 [==============================] - 19s 595us/step - loss: 1.1638 - acc: 0.5750 - val_loss: 1.4566 - val_acc: 0.5959
Epoch 344/500
32742/32742 [==============================] - 20s 598us/step - loss: 1.1835 - acc: 0.5742 - val_loss: 1.4418 - val_acc: 0.5973
Epoch 345/500
32742/32742 [==============================] - 19s 595us/step - loss: 1.1756 - acc: 0.5737 - val_loss: 1.4453 - val_acc: 0.6009
Epoch 346/500
32742/32742 [==============================] - 19s 590us/step - loss: 1.1641 - acc: 0.5764 - val_loss: 1.4542 - val_acc: 0.5943
Epoch 347/500
32742/32742 [==============================] - 20s 598us/step - loss: 1.1806 - acc: 0.5751 - val_loss: 1.4484 - val_acc: 0.5975
Epoch 348/500
32742/32742 [==============================] - 19s 594us/step - loss: 1.1643 - acc: 0.5743 - val_loss: 1.4567 - val_acc: 0.5915
Epoch 349/500
32742/32742 [==============================] - 19s 593us/step - loss: 1.1508 - acc: 0.5731 - val_loss: 1.4366 - val_acc: 0.6031
Epoch 350/500
32742/32742 [==============================] - 19s 586us/step - loss: 1.1612 - acc: 0.5741 - val_loss: 1.4567 - val_acc: 0.5951
Epoch 351/500
32742/32742 [==============================] - 19s 576us/step - loss: 1.1576 - acc: 0.5714 - val_loss: 1.4376 - val_acc: 0.6018
Epoch 352/500
32742/32742 [==============================] - 19s 591us/step - loss: 1.1533 - acc: 0.5731 - val_loss: 1.4621 - val_acc: 0.5930
Epoch 353/500
32742/32742 [==============================] - 19s 594us/step - loss: 1.1721 - acc: 0.5723 - val_loss: 1.4977 - val_acc: 0.5864
Epoch 354/500
32742/32742 [==============================] - 19s 568us/step - loss: 1.1636 - acc: 0.5763 - val_loss: 1.4462 - val_acc: 0.5995
Epoch 355/500
32742/32742 [==============================] - 19s 571us/step - loss: 1.1707 - acc: 0.5748 - val_loss: 1.4555 - val_acc: 0.6001
Epoch 356/500
32742/32742 [==============================] - 19s 571us/step - loss: 1.1474 - acc: 0.5844 - val_loss: 1.4555 - val_acc: 0.5931
Epoch 357/500
32742/32742 [==============================] - 19s 571us/step - loss: 1.1483 - acc: 0.5756 - val_loss: 1.4388 - val_acc: 0.5992
Epoch 358/500
32742/32742 [==============================] - 19s 569us/step - loss: 1.1800 - acc: 0.5720 - val_loss: 1.4178 - val_acc: 0.6081
Epoch 359/500
32742/32742 [==============================] - 18s 554us/step - loss: 1.1329 - acc: 0.5822 - val_loss: 1.4504 - val_acc: 0.5968
Epoch 360/500
32742/32742 [==============================] - 19s 573us/step - loss: 1.1367 - acc: 0.5797 - val_loss: 1.4478 - val_acc: 0.5970
Epoch 361/500
32742/32742 [==============================] - 20s 603us/step - loss: 1.1564 - acc: 0.5758 - val_loss: 1.4486 - val_acc: 0.5968
Epoch 362/500
32742/32742 [==============================] - 20s 597us/step - loss: 1.1429 - acc: 0.5754 - val_loss: 1.4483 - val_acc: 0.6005
Epoch 363/500
32742/32742 [==============================] - 20s 598us/step - loss: 1.1658 - acc: 0.5766 - val_loss: 1.4721 - val_acc: 0.5903
Epoch 364/500
32742/32742 [==============================] - 19s 593us/step - loss: 1.1553 - acc: 0.5780 - val_loss: 1.4599 - val_acc: 0.5902
Epoch 365/500
32742/32742 [==============================] - 20s 597us/step - loss: 1.1454 - acc: 0.5785 - val_loss: 1.4287 - val_acc: 0.6012
Epoch 366/500
32742/32742 [==============================] - 19s 586us/step - loss: 1.1572 - acc: 0.5799 - val_loss: 1.4479 - val_acc: 0.5993
Epoch 367/500
32742/32742 [==============================] - 20s 598us/step - loss: 1.1566 - acc: 0.5766 - val_loss: 1.4469 - val_acc: 0.5995
Epoch 368/500
32742/32742 [==============================] - 19s 595us/step - loss: 1.1316 - acc: 0.5785 - val_loss: 1.4635 - val_acc: 0.5930
Epoch 369/500
32742/32742 [==============================] - 19s 595us/step - loss: 1.1793 - acc: 0.5722 - val_loss: 1.4413 - val_acc: 0.6023
Epoch 370/500
32742/32742 [==============================] - 19s 587us/step - loss: 1.1364 - acc: 0.5796 - val_loss: 1.4408 - val_acc: 0.5996
Epoch 371/500
32742/32742 [==============================] - 20s 597us/step - loss: 1.1566 - acc: 0.5769 - val_loss: 1.4341 - val_acc: 0.6040
Epoch 372/500
32742/32742 [==============================] - 20s 600us/step - loss: 1.1354 - acc: 0.5766 - val_loss: 1.4495 - val_acc: 0.6002
Epoch 373/500
32742/32742 [==============================] - 19s 592us/step - loss: 1.1496 - acc: 0.5831 - val_loss: 1.4398 - val_acc: 0.6007
Epoch 374/500
32742/32742 [==============================] - 19s 594us/step - loss: 1.1399 - acc: 0.5842 - val_loss: 1.4311 - val_acc: 0.6037
Epoch 375/500
32742/32742 [==============================] - 19s 590us/step - loss: 1.1365 - acc: 0.5781 - val_loss: 1.4522 - val_acc: 0.5942
Epoch 376/500
32742/32742 [==============================] - 19s 587us/step - loss: 1.1545 - acc: 0.5782 - val_loss: 1.4587 - val_acc: 0.5973
Epoch 377/500
32742/32742 [==============================] - 19s 584us/step - loss: 1.1327 - acc: 0.5778 - val_loss: 1.4429 - val_acc: 0.6010
Epoch 378/500
32742/32742 [==============================] - 20s 600us/step - loss: 1.1459 - acc: 0.5805 - val_loss: 1.4748 - val_acc: 0.5892
Epoch 379/500
32742/32742 [==============================] - 20s 597us/step - loss: 1.1376 - acc: 0.5796 - val_loss: 1.4415 - val_acc: 0.6014
Epoch 380/500
32742/32742 [==============================] - 20s 598us/step - loss: 1.1250 - acc: 0.5826 - val_loss: 1.4455 - val_acc: 0.5977
Epoch 381/500
32742/32742 [==============================] - 20s 597us/step - loss: 1.1431 - acc: 0.5831 - val_loss: 1.4400 - val_acc: 0.6029
Epoch 382/500
32742/32742 [==============================] - 19s 593us/step - loss: 1.1241 - acc: 0.5845 - val_loss: 1.4523 - val_acc: 0.5992
Epoch 383/500
32742/32742 [==============================] - 20s 597us/step - loss: 1.1200 - acc: 0.5845 - val_loss: 1.4476 - val_acc: 0.6003
Epoch 384/500
32742/32742 [==============================] - 20s 598us/step - loss: 1.1295 - acc: 0.5812 - val_loss: 1.4366 - val_acc: 0.6021
Epoch 385/500
32742/32742 [==============================] - 20s 597us/step - loss: 1.1234 - acc: 0.5846 - val_loss: 1.4655 - val_acc: 0.5957
Epoch 386/500
32742/32742 [==============================] - 19s 589us/step - loss: 1.1111 - acc: 0.5850 - val_loss: 1.4421 - val_acc: 0.6006
Epoch 387/500
32742/32742 [==============================] - 20s 598us/step - loss: 1.1283 - acc: 0.5830 - val_loss: 1.4345 - val_acc: 0.6042
Epoch 388/500
32742/32742 [==============================] - 19s 589us/step - loss: 1.1251 - acc: 0.5853 - val_loss: 1.4460 - val_acc: 0.6014
Epoch 389/500
32742/32742 [==============================] - 19s 591us/step - loss: 1.1244 - acc: 0.5851 - val_loss: 1.4297 - val_acc: 0.6070
Epoch 390/500
32742/32742 [==============================] - 19s 592us/step - loss: 1.1301 - acc: 0.5836 - val_loss: 1.4636 - val_acc: 0.5967
Epoch 391/500
32742/32742 [==============================] - 19s 593us/step - loss: 1.1209 - acc: 0.5852 - val_loss: 1.4698 - val_acc: 0.5972
Epoch 392/500
32742/32742 [==============================] - 19s 592us/step - loss: 1.1051 - acc: 0.5811 - val_loss: 1.4567 - val_acc: 0.5962
Epoch 393/500
32742/32742 [==============================] - 20s 597us/step - loss: 1.0994 - acc: 0.5883 - val_loss: 1.4286 - val_acc: 0.6058
Epoch 394/500
32742/32742 [==============================] - 19s 590us/step - loss: 1.1137 - acc: 0.5855 - val_loss: 1.4435 - val_acc: 0.5989
Epoch 395/500
32742/32742 [==============================] - 20s 598us/step - loss: 1.1161 - acc: 0.5819 - val_loss: 1.4298 - val_acc: 0.6056
Epoch 396/500
32742/32742 [==============================] - 19s 594us/step - loss: 1.1050 - acc: 0.5876 - val_loss: 1.4416 - val_acc: 0.6054
Epoch 397/500
32742/32742 [==============================] - 19s 592us/step - loss: 1.1183 - acc: 0.5881 - val_loss: 1.4547 - val_acc: 0.5970
Epoch 398/500
32742/32742 [==============================] - 20s 597us/step - loss: 1.1290 - acc: 0.5857 - val_loss: 1.5405 - val_acc: 0.5827
Epoch 399/500
32742/32742 [==============================] - 19s 594us/step - loss: 1.1042 - acc: 0.5832 - val_loss: 1.4507 - val_acc: 0.5983
Epoch 400/500
32742/32742 [==============================] - 20s 602us/step - loss: 1.1153 - acc: 0.5893 - val_loss: 1.4369 - val_acc: 0.6037
Epoch 401/500
32742/32742 [==============================] - 20s 599us/step - loss: 1.1007 - acc: 0.5877 - val_loss: 1.4281 - val_acc: 0.6067
Epoch 402/500
32742/32742 [==============================] - 19s 594us/step - loss: 1.1063 - acc: 0.5909 - val_loss: 1.4451 - val_acc: 0.5988
Epoch 403/500
32742/32742 [==============================] - 19s 583us/step - loss: 1.0766 - acc: 0.5904 - val_loss: 1.4379 - val_acc: 0.6005
Epoch 404/500
32742/32742 [==============================] - 19s 582us/step - loss: 1.0984 - acc: 0.5882 - val_loss: 1.4456 - val_acc: 0.6016
Epoch 405/500
32742/32742 [==============================] - 19s 579us/step - loss: 1.1143 - acc: 0.5906 - val_loss: 1.4697 - val_acc: 0.5934
Epoch 406/500
32742/32742 [==============================] - 19s 573us/step - loss: 1.1105 - acc: 0.5863 - val_loss: 1.4541 - val_acc: 0.5996
Epoch 407/500
32742/32742 [==============================] - 19s 568us/step - loss: 1.1067 - acc: 0.5890 - val_loss: 1.4499 - val_acc: 0.5998
Epoch 408/500
32742/32742 [==============================] - 19s 579us/step - loss: 1.1039 - acc: 0.5905 - val_loss: 1.4382 - val_acc: 0.6034
Epoch 409/500
32742/32742 [==============================] - 19s 595us/step - loss: 1.0938 - acc: 0.5870 - val_loss: 1.4403 - val_acc: 0.6032
Epoch 410/500
32742/32742 [==============================] - 19s 594us/step - loss: 1.1019 - acc: 0.5902 - val_loss: 1.4477 - val_acc: 0.5979
Epoch 411/500
32742/32742 [==============================] - 19s 577us/step - loss: 1.1024 - acc: 0.5905 - val_loss: 1.4520 - val_acc: 0.5978
Epoch 412/500
32742/32742 [==============================] - 20s 596us/step - loss: 1.1108 - acc: 0.5868 - val_loss: 1.4552 - val_acc: 0.5962
Epoch 413/500
32742/32742 [==============================] - 20s 596us/step - loss: 1.1435 - acc: 0.5806 - val_loss: 1.4385 - val_acc: 0.6020
Epoch 414/500
32742/32742 [==============================] - 20s 598us/step - loss: 1.0992 - acc: 0.5940 - val_loss: 1.4543 - val_acc: 0.6013
Epoch 415/500
32742/32742 [==============================] - 20s 598us/step - loss: 1.0897 - acc: 0.5930 - val_loss: 1.4469 - val_acc: 0.5984
Epoch 416/500
32742/32742 [==============================] - 20s 606us/step - loss: 1.0709 - acc: 0.5918 - val_loss: 1.4495 - val_acc: 0.6032
Epoch 417/500
32742/32742 [==============================] - 20s 603us/step - loss: 1.0933 - acc: 0.5923 - val_loss: 1.4477 - val_acc: 0.6000
Epoch 418/500
32742/32742 [==============================] - 20s 603us/step - loss: 1.0908 - acc: 0.5918 - val_loss: 1.4492 - val_acc: 0.6004
Epoch 419/500
32742/32742 [==============================] - 20s 600us/step - loss: 1.0939 - acc: 0.5920 - val_loss: 1.4377 - val_acc: 0.6001
Epoch 420/500
32742/32742 [==============================] - 20s 600us/step - loss: 1.0991 - acc: 0.5936 - val_loss: 1.4483 - val_acc: 0.6041
Epoch 421/500
32742/32742 [==============================] - 20s 600us/step - loss: 1.0804 - acc: 0.5908 - val_loss: 1.4396 - val_acc: 0.6034
Epoch 422/500
32742/32742 [==============================] - 20s 604us/step - loss: 1.0950 - acc: 0.5934 - val_loss: 1.4574 - val_acc: 0.5979
Epoch 423/500
32742/32742 [==============================] - 19s 594us/step - loss: 1.0911 - acc: 0.5913 - val_loss: 1.4397 - val_acc: 0.6015
Epoch 424/500
32742/32742 [==============================] - 20s 598us/step - loss: 1.0716 - acc: 0.5882 - val_loss: 1.4330 - val_acc: 0.6048
Epoch 425/500
32742/32742 [==============================] - 20s 603us/step - loss: 1.0977 - acc: 0.5900 - val_loss: 1.4331 - val_acc: 0.6061
Epoch 426/500
32742/32742 [==============================] - 20s 598us/step - loss: 1.1170 - acc: 0.5916 - val_loss: 1.4425 - val_acc: 0.6021
Epoch 427/500
32742/32742 [==============================] - 20s 603us/step - loss: 1.1059 - acc: 0.5921 - val_loss: 1.4540 - val_acc: 0.5974
Epoch 428/500
32742/32742 [==============================] - 20s 601us/step - loss: 1.0970 - acc: 0.5934 - val_loss: 1.4405 - val_acc: 0.6029
Epoch 429/500
32742/32742 [==============================] - 20s 599us/step - loss: 1.0919 - acc: 0.5948 - val_loss: 1.4427 - val_acc: 0.6031
Epoch 430/500
32742/32742 [==============================] - 20s 600us/step - loss: 1.1055 - acc: 0.5900 - val_loss: 1.4534 - val_acc: 0.6019
Epoch 431/500
32742/32742 [==============================] - 20s 608us/step - loss: 1.0668 - acc: 0.5924 - val_loss: 1.4495 - val_acc: 0.6020
Epoch 432/500
32742/32742 [==============================] - 20s 602us/step - loss: 1.0761 - acc: 0.5965 - val_loss: 1.4398 - val_acc: 0.6056
Epoch 433/500
32742/32742 [==============================] - 20s 598us/step - loss: 1.0740 - acc: 0.5974 - val_loss: 1.4568 - val_acc: 0.5990
Epoch 434/500
32742/32742 [==============================] - 20s 601us/step - loss: 1.0764 - acc: 0.5976 - val_loss: 1.4517 - val_acc: 0.6007
Epoch 435/500
32742/32742 [==============================] - 20s 598us/step - loss: 1.0823 - acc: 0.5959 - val_loss: 1.4512 - val_acc: 0.6010
Epoch 436/500
32742/32742 [==============================] - 20s 602us/step - loss: 1.0981 - acc: 0.5905 - val_loss: 1.4529 - val_acc: 0.6020
Epoch 437/500
32742/32742 [==============================] - 19s 594us/step - loss: 1.0754 - acc: 0.5986 - val_loss: 1.4418 - val_acc: 0.6083
Epoch 438/500
32742/32742 [==============================] - 20s 607us/step - loss: 1.0953 - acc: 0.5914 - val_loss: 1.4472 - val_acc: 0.6048
Epoch 439/500
32742/32742 [==============================] - 20s 600us/step - loss: 1.0900 - acc: 0.5917 - val_loss: 1.4534 - val_acc: 0.5991
Epoch 440/500
32742/32742 [==============================] - 20s 601us/step - loss: 1.0666 - acc: 0.5990 - val_loss: 1.4577 - val_acc: 0.5998
Epoch 441/500
32742/32742 [==============================] - 20s 602us/step - loss: 1.0600 - acc: 0.5994 - val_loss: 1.4606 - val_acc: 0.5968
Epoch 442/500
32742/32742 [==============================] - 20s 598us/step - loss: 1.0834 - acc: 0.5923 - val_loss: 1.4696 - val_acc: 0.5965
Epoch 443/500
32742/32742 [==============================] - 20s 605us/step - loss: 1.0652 - acc: 0.5955 - val_loss: 1.4394 - val_acc: 0.6078
Epoch 444/500
32742/32742 [==============================] - 20s 598us/step - loss: 1.0701 - acc: 0.5990 - val_loss: 1.4541 - val_acc: 0.6002
Epoch 445/500
32742/32742 [==============================] - 20s 603us/step - loss: 1.0855 - acc: 0.5976 - val_loss: 1.4415 - val_acc: 0.6032
Epoch 446/500
32742/32742 [==============================] - 20s 607us/step - loss: 1.0591 - acc: 0.6013 - val_loss: 1.4456 - val_acc: 0.6020
Epoch 447/500
32742/32742 [==============================] - 20s 599us/step - loss: 1.0649 - acc: 0.5968 - val_loss: 1.4576 - val_acc: 0.6038
Epoch 448/500
32742/32742 [==============================] - 20s 603us/step - loss: 1.0828 - acc: 0.5967 - val_loss: 1.4457 - val_acc: 0.6064
Epoch 449/500
32742/32742 [==============================] - 20s 599us/step - loss: 1.0744 - acc: 0.6011 - val_loss: 1.4470 - val_acc: 0.6034
Epoch 450/500
32742/32742 [==============================] - 19s 595us/step - loss: 1.0569 - acc: 0.5998 - val_loss: 1.4528 - val_acc: 0.6021
Epoch 451/500
32742/32742 [==============================] - 20s 603us/step - loss: 1.0611 - acc: 0.5953 - val_loss: 1.4493 - val_acc: 0.6058
Epoch 452/500
32742/32742 [==============================] - 20s 603us/step - loss: 1.0695 - acc: 0.5994 - val_loss: 1.4703 - val_acc: 0.5945
Epoch 453/500
32742/32742 [==============================] - 20s 603us/step - loss: 1.0656 - acc: 0.5971 - val_loss: 1.4309 - val_acc: 0.6111
Epoch 454/500
32742/32742 [==============================] - 20s 599us/step - loss: 1.0743 - acc: 0.5994 - val_loss: 1.4292 - val_acc: 0.6098
Epoch 455/500
32742/32742 [==============================] - 20s 605us/step - loss: 1.0700 - acc: 0.5968 - val_loss: 1.4411 - val_acc: 0.6055
Epoch 456/500
32742/32742 [==============================] - 20s 599us/step - loss: 1.0603 - acc: 0.6010 - val_loss: 1.4452 - val_acc: 0.6045
Epoch 457/500
32742/32742 [==============================] - 20s 600us/step - loss: 1.0601 - acc: 0.5989 - val_loss: 1.4659 - val_acc: 0.5993
Epoch 458/500
32742/32742 [==============================] - 19s 595us/step - loss: 1.0574 - acc: 0.5980 - val_loss: 1.4642 - val_acc: 0.6003
                                                               precision    recall  f1-score   support

                             Bacterial Infections and Mycoses   0.837866  0.758523  0.796223      1056
                                               Virus Diseases   0.243386  0.494624  0.326241        93
                                           Parasitic Diseases   0.853960  0.910290  0.881226       379
                                                    Neoplasms   0.479199  0.600386  0.532991       518
                                     Musculoskeletal Diseases   0.150376  0.294118  0.199005        68
                                    Digestive System Diseases   0.711198  0.663004  0.686256      1092
                                      Stomatognathic Diseases   0.663342  0.668342  0.665832       398
                                   Respiratory Tract Diseases   0.554455  0.654971  0.600536       342
                                Otorhinolaryngologic Diseases   0.594891  0.730942  0.655936       223
                                      Nervous System Diseases   0.194139  0.500000  0.279683       106
                                                 Eye Diseases   0.707124  0.804805  0.752809       333
                                     Male Urogenital Diseases   0.819650  0.739078  0.777281       824
       Female Urogenital Diseases and Pregnancy Complications   0.254098  0.607843  0.358382       102
                                      Cardiovascular Diseases   0.241758  0.536585  0.333333       164
                                 Hemic and Lymphatic Diseases   0.739353  0.711475  0.725146       610
Congenital Hereditary and Neonatal Diseases and Abnormalities   0.601145  0.406977  0.485362       774
                          Skin and Connective Tissue Diseases   0.052632  0.055556  0.054054        36
                           Nutritional and Metabolic Diseases   0.333333  0.512346  0.403893       162
                                    Endocrine System Diseases   0.641791  0.390402  0.485484       771
                                       Immune System Diseases   0.179104  0.352941  0.237624        34
                            Disorders of Environmental Origin   0.000000  0.000000  0.000000         4
                                              Animal Diseases   0.609475  0.521358  0.561983       913
               Pathological Conditions and Signs and Symptoms   0.192453  0.191011  0.191729       267
                                        Occupational Diseases   0.424242  0.488372  0.454054        86
                                 Chemically-Induced Disorders   0.634497  0.575419  0.603516       537
                                          Wounds and Injuries   0.739227  0.653959  0.693983      1023

                                                     accuracy                       0.611452     10915
                                                    macro avg   0.478950  0.531666  0.490099     10915
                                                 weighted avg   0.647167  0.611452  0.620978     10915
