Using TensorFlow backend.
Word embedding dimension is 1234
Number of training examples: 32742
Minimum length of article in words: 0
Maximum length of article in words: 211
Mean length of article in words: 26.2367
St dev of length of article in words: 11.7272
Percentage of articles exceeding max sequence length limit: 0.5956%
WARNING:tensorflow:From /home/dsc38/topic-classification-with-kbs/env/lib/python3.6/site-packages/tensorflow/python/framework/op_def_library.py:263: colocate_with (from tensorflow.python.framework.ops) is deprecated and will be removed in a future version.
Instructions for updating:
Colocations handled automatically by placer.
2019-07-29 15:25:00.524204: I tensorflow/core/platform/cpu_feature_guard.cc:141] Your CPU supports instructions that this TensorFlow binary was not compiled to use: AVX2 AVX512F FMA
2019-07-29 15:25:02.253726: I tensorflow/compiler/xla/service/service.cc:150] XLA service 0x13b1ec0 executing computations on platform CUDA. Devices:
2019-07-29 15:25:02.253823: I tensorflow/compiler/xla/service/service.cc:158]   StreamExecutor device (0): GeForce RTX 2080, Compute Capability 7.5
2019-07-29 15:25:02.253851: I tensorflow/compiler/xla/service/service.cc:158]   StreamExecutor device (1): GeForce RTX 2080, Compute Capability 7.5
2019-07-29 15:25:02.253873: I tensorflow/compiler/xla/service/service.cc:158]   StreamExecutor device (2): GeForce RTX 2080, Compute Capability 7.5
2019-07-29 15:25:02.253894: I tensorflow/compiler/xla/service/service.cc:158]   StreamExecutor device (3): GeForce RTX 2080, Compute Capability 7.5
2019-07-29 15:25:02.253915: I tensorflow/compiler/xla/service/service.cc:158]   StreamExecutor device (4): GeForce RTX 2080, Compute Capability 7.5
2019-07-29 15:25:02.253935: I tensorflow/compiler/xla/service/service.cc:158]   StreamExecutor device (5): GeForce RTX 2080, Compute Capability 7.5
2019-07-29 15:25:02.289181: I tensorflow/core/platform/profile_utils/cpu_utils.cc:94] CPU Frequency: 2100000000 Hz
2019-07-29 15:25:02.292520: I tensorflow/compiler/xla/service/service.cc:150] XLA service 0x1a75e10 executing computations on platform Host. Devices:
2019-07-29 15:25:02.292595: I tensorflow/compiler/xla/service/service.cc:158]   StreamExecutor device (0): <undefined>, <undefined>
2019-07-29 15:25:02.293219: I tensorflow/core/common_runtime/gpu/gpu_device.cc:1433] Found device 0 with properties: 
name: GeForce RTX 2080 major: 7 minor: 5 memoryClockRate(GHz): 1.71
pciBusID: 0000:1a:00.0
totalMemory: 7.77GiB freeMemory: 7.65GiB
2019-07-29 15:25:02.293586: I tensorflow/core/common_runtime/gpu/gpu_device.cc:1433] Found device 1 with properties: 
name: GeForce RTX 2080 major: 7 minor: 5 memoryClockRate(GHz): 1.71
pciBusID: 0000:1b:00.0
totalMemory: 7.77GiB freeMemory: 7.65GiB
2019-07-29 15:25:02.293927: I tensorflow/core/common_runtime/gpu/gpu_device.cc:1433] Found device 2 with properties: 
name: GeForce RTX 2080 major: 7 minor: 5 memoryClockRate(GHz): 1.71
pciBusID: 0000:b1:00.0
totalMemory: 7.77GiB freeMemory: 7.65GiB
2019-07-29 15:25:02.294268: I tensorflow/core/common_runtime/gpu/gpu_device.cc:1433] Found device 3 with properties: 
name: GeForce RTX 2080 major: 7 minor: 5 memoryClockRate(GHz): 1.71
pciBusID: 0000:b2:00.0
totalMemory: 7.77GiB freeMemory: 436.56MiB
2019-07-29 15:25:02.294607: I tensorflow/core/common_runtime/gpu/gpu_device.cc:1433] Found device 4 with properties: 
name: GeForce RTX 2080 major: 7 minor: 5 memoryClockRate(GHz): 1.71
pciBusID: 0000:da:00.0
totalMemory: 7.77GiB freeMemory: 5.07GiB
2019-07-29 15:25:02.294941: I tensorflow/core/common_runtime/gpu/gpu_device.cc:1433] Found device 5 with properties: 
name: GeForce RTX 2080 major: 7 minor: 5 memoryClockRate(GHz): 1.71
pciBusID: 0000:db:00.0
totalMemory: 7.77GiB freeMemory: 1.79GiB
2019-07-29 15:25:02.297340: I tensorflow/core/common_runtime/gpu/gpu_device.cc:1512] Adding visible gpu devices: 0, 1, 2, 3, 4, 5
2019-07-29 15:25:02.319453: I tensorflow/core/common_runtime/gpu/gpu_device.cc:984] Device interconnect StreamExecutor with strength 1 edge matrix:
2019-07-29 15:25:02.319498: I tensorflow/core/common_runtime/gpu/gpu_device.cc:990]      0 1 2 3 4 5 
2019-07-29 15:25:02.319513: I tensorflow/core/common_runtime/gpu/gpu_device.cc:1003] 0:   N N N N N N 
2019-07-29 15:25:02.319523: I tensorflow/core/common_runtime/gpu/gpu_device.cc:1003] 1:   N N N N N N 
2019-07-29 15:25:02.319533: I tensorflow/core/common_runtime/gpu/gpu_device.cc:1003] 2:   N N N N N N 
2019-07-29 15:25:02.319546: I tensorflow/core/common_runtime/gpu/gpu_device.cc:1003] 3:   N N N N N N 
2019-07-29 15:25:02.319556: I tensorflow/core/common_runtime/gpu/gpu_device.cc:1003] 4:   N N N N N N 
2019-07-29 15:25:02.319567: I tensorflow/core/common_runtime/gpu/gpu_device.cc:1003] 5:   N N N N N N 
2019-07-29 15:25:02.320675: I tensorflow/core/common_runtime/gpu/gpu_device.cc:1115] Created TensorFlow device (/job:localhost/replica:0/task:0/device:GPU:0 with 7438 MB memory) -> physical GPU (device: 0, name: GeForce RTX 2080, pci bus id: 0000:1a:00.0, compute capability: 7.5)
2019-07-29 15:25:02.321113: I tensorflow/core/common_runtime/gpu/gpu_device.cc:1115] Created TensorFlow device (/job:localhost/replica:0/task:0/device:GPU:1 with 7438 MB memory) -> physical GPU (device: 1, name: GeForce RTX 2080, pci bus id: 0000:1b:00.0, compute capability: 7.5)
2019-07-29 15:25:02.321499: I tensorflow/core/common_runtime/gpu/gpu_device.cc:1115] Created TensorFlow device (/job:localhost/replica:0/task:0/device:GPU:2 with 7438 MB memory) -> physical GPU (device: 2, name: GeForce RTX 2080, pci bus id: 0000:b1:00.0, compute capability: 7.5)
2019-07-29 15:25:02.321799: I tensorflow/core/common_runtime/gpu/gpu_device.cc:1115] Created TensorFlow device (/job:localhost/replica:0/task:0/device:GPU:3 with 211 MB memory) -> physical GPU (device: 3, name: GeForce RTX 2080, pci bus id: 0000:b2:00.0, compute capability: 7.5)
2019-07-29 15:25:02.322347: I tensorflow/core/common_runtime/gpu/gpu_device.cc:1115] Created TensorFlow device (/job:localhost/replica:0/task:0/device:GPU:4 with 4896 MB memory) -> physical GPU (device: 4, name: GeForce RTX 2080, pci bus id: 0000:da:00.0, compute capability: 7.5)
2019-07-29 15:25:02.322934: I tensorflow/core/common_runtime/gpu/gpu_device.cc:1115] Created TensorFlow device (/job:localhost/replica:0/task:0/device:GPU:5 with 1606 MB memory) -> physical GPU (device: 5, name: GeForce RTX 2080, pci bus id: 0000:db:00.0, compute capability: 7.5)
WARNING:tensorflow:From /home/dsc38/topic-classification-with-kbs/env/lib/python3.6/site-packages/tensorflow/python/ops/math_ops.py:3066: to_int32 (from tensorflow.python.ops.math_ops) is deprecated and will be removed in a future version.
Instructions for updating:
Use tf.cast instead.
Train on 32742 samples, validate on 10914 samples
Epoch 1/500
2019-07-29 15:25:08.963865: I tensorflow/stream_executor/dso_loader.cc:152] successfully opened CUDA library libcublas.so.10.0 locally
32742/32742 [==============================] - 16s 500us/step - loss: 3.2482 - acc: 0.0703 - val_loss: 3.2323 - val_acc: 0.0831
Epoch 2/500
32742/32742 [==============================] - 13s 400us/step - loss: 3.1722 - acc: 0.0976 - val_loss: 3.0520 - val_acc: 0.1526
Epoch 3/500
32742/32742 [==============================] - 13s 402us/step - loss: 3.0020 - acc: 0.1526 - val_loss: 3.0656 - val_acc: 0.1503
Epoch 4/500
32742/32742 [==============================] - 13s 396us/step - loss: 2.8324 - acc: 0.1960 - val_loss: 2.6955 - val_acc: 0.2498
Epoch 5/500
32742/32742 [==============================] - 13s 392us/step - loss: 2.6627 - acc: 0.2607 - val_loss: 2.5396 - val_acc: 0.2976
Epoch 6/500
32742/32742 [==============================] - 13s 385us/step - loss: 2.5258 - acc: 0.3062 - val_loss: 2.5848 - val_acc: 0.2780
Epoch 7/500
32742/32742 [==============================] - 13s 384us/step - loss: 2.4031 - acc: 0.3243 - val_loss: 2.4845 - val_acc: 0.2846
Epoch 8/500
32742/32742 [==============================] - 13s 387us/step - loss: 2.2841 - acc: 0.3588 - val_loss: 2.2901 - val_acc: 0.3606
Epoch 9/500
32742/32742 [==============================] - 13s 386us/step - loss: 2.2094 - acc: 0.3809 - val_loss: 2.2356 - val_acc: 0.3819
Epoch 10/500
32742/32742 [==============================] - 13s 387us/step - loss: 2.1054 - acc: 0.4123 - val_loss: 2.1614 - val_acc: 0.4178
Epoch 11/500
32742/32742 [==============================] - 13s 386us/step - loss: 2.0357 - acc: 0.4322 - val_loss: 2.0668 - val_acc: 0.4415
Epoch 12/500
32742/32742 [==============================] - 13s 388us/step - loss: 1.9739 - acc: 0.4471 - val_loss: 2.0268 - val_acc: 0.4610
Epoch 13/500
32742/32742 [==============================] - 13s 387us/step - loss: 1.9059 - acc: 0.4611 - val_loss: 1.9628 - val_acc: 0.4769
Epoch 14/500
32742/32742 [==============================] - 13s 396us/step - loss: 1.8641 - acc: 0.4703 - val_loss: 1.9609 - val_acc: 0.4792
Epoch 15/500
32742/32742 [==============================] - 13s 385us/step - loss: 1.8132 - acc: 0.4822 - val_loss: 2.0960 - val_acc: 0.4333
Epoch 16/500
32742/32742 [==============================] - 13s 397us/step - loss: 1.7628 - acc: 0.4874 - val_loss: 1.8735 - val_acc: 0.5036
Epoch 17/500
32742/32742 [==============================] - 13s 387us/step - loss: 1.7298 - acc: 0.5012 - val_loss: 1.9771 - val_acc: 0.4605
Epoch 18/500
32742/32742 [==============================] - 13s 386us/step - loss: 1.6856 - acc: 0.5009 - val_loss: 1.9152 - val_acc: 0.4852
Epoch 19/500
32742/32742 [==============================] - 13s 385us/step - loss: 1.6603 - acc: 0.5071 - val_loss: 1.8262 - val_acc: 0.5055
Epoch 20/500
32742/32742 [==============================] - 13s 389us/step - loss: 1.6285 - acc: 0.5123 - val_loss: 1.8764 - val_acc: 0.4947
Epoch 21/500
32742/32742 [==============================] - 13s 385us/step - loss: 1.6133 - acc: 0.5159 - val_loss: 1.8777 - val_acc: 0.4916
Epoch 22/500
32742/32742 [==============================] - 13s 392us/step - loss: 1.5809 - acc: 0.5210 - val_loss: 1.8371 - val_acc: 0.5009
Epoch 23/500
32742/32742 [==============================] - 13s 385us/step - loss: 1.5530 - acc: 0.5233 - val_loss: 2.0379 - val_acc: 0.4501
Epoch 24/500
32742/32742 [==============================] - 13s 383us/step - loss: 1.5421 - acc: 0.5263 - val_loss: 1.8275 - val_acc: 0.5034
Epoch 25/500
32742/32742 [==============================] - 13s 389us/step - loss: 1.5274 - acc: 0.5297 - val_loss: 1.8485 - val_acc: 0.4974
Epoch 26/500
32742/32742 [==============================] - 13s 387us/step - loss: 1.5028 - acc: 0.5308 - val_loss: 1.8060 - val_acc: 0.5029
Epoch 27/500
32742/32742 [==============================] - 13s 389us/step - loss: 1.5207 - acc: 0.5342 - val_loss: 1.8499 - val_acc: 0.4958
Epoch 28/500
32742/32742 [==============================] - 13s 385us/step - loss: 1.4700 - acc: 0.5342 - val_loss: 1.7913 - val_acc: 0.5137
Epoch 29/500
32742/32742 [==============================] - 13s 382us/step - loss: 1.4344 - acc: 0.5434 - val_loss: 1.7476 - val_acc: 0.5212
Epoch 30/500
32742/32742 [==============================] - 13s 386us/step - loss: 1.4319 - acc: 0.5428 - val_loss: 1.8088 - val_acc: 0.5065
Epoch 31/500
32742/32742 [==============================] - 13s 387us/step - loss: 1.4239 - acc: 0.5445 - val_loss: 2.0031 - val_acc: 0.4780
Epoch 32/500
32742/32742 [==============================] - 12s 380us/step - loss: 1.4201 - acc: 0.5471 - val_loss: 1.7613 - val_acc: 0.5230
Epoch 33/500
32742/32742 [==============================] - 13s 390us/step - loss: 1.3793 - acc: 0.5518 - val_loss: 1.7331 - val_acc: 0.5252
Epoch 34/500
32742/32742 [==============================] - 13s 392us/step - loss: 1.3891 - acc: 0.5500 - val_loss: 1.7064 - val_acc: 0.5343
Epoch 35/500
32742/32742 [==============================] - 13s 386us/step - loss: 1.3565 - acc: 0.5538 - val_loss: 1.7186 - val_acc: 0.5279
Epoch 36/500
32742/32742 [==============================] - 13s 385us/step - loss: 1.3487 - acc: 0.5564 - val_loss: 1.7346 - val_acc: 0.5203
Epoch 37/500
32742/32742 [==============================] - 13s 385us/step - loss: 1.3437 - acc: 0.5531 - val_loss: 1.7128 - val_acc: 0.5326
Epoch 38/500
32742/32742 [==============================] - 13s 387us/step - loss: 1.3276 - acc: 0.5585 - val_loss: 1.7706 - val_acc: 0.5144
Epoch 39/500
32742/32742 [==============================] - 13s 382us/step - loss: 1.3134 - acc: 0.5634 - val_loss: 1.7873 - val_acc: 0.4980
Epoch 40/500
32742/32742 [==============================] - 13s 386us/step - loss: 1.3126 - acc: 0.5608 - val_loss: 1.7122 - val_acc: 0.5337
Epoch 41/500
32742/32742 [==============================] - 13s 385us/step - loss: 1.2858 - acc: 0.5669 - val_loss: 1.7545 - val_acc: 0.5159
Epoch 42/500
32742/32742 [==============================] - 13s 384us/step - loss: 1.2794 - acc: 0.5692 - val_loss: 1.7086 - val_acc: 0.5260
Epoch 43/500
32742/32742 [==============================] - 13s 384us/step - loss: 1.2690 - acc: 0.5682 - val_loss: 1.7614 - val_acc: 0.5186
Epoch 44/500
32742/32742 [==============================] - 13s 382us/step - loss: 1.2512 - acc: 0.5698 - val_loss: 1.7120 - val_acc: 0.5276
Epoch 45/500
32742/32742 [==============================] - 13s 386us/step - loss: 1.2488 - acc: 0.5739 - val_loss: 1.6747 - val_acc: 0.5400
Epoch 46/500
32742/32742 [==============================] - 13s 388us/step - loss: 1.2491 - acc: 0.5733 - val_loss: 1.7212 - val_acc: 0.5297
Epoch 47/500
32742/32742 [==============================] - 13s 385us/step - loss: 1.2220 - acc: 0.5765 - val_loss: 1.7459 - val_acc: 0.5187
Epoch 48/500
32742/32742 [==============================] - 13s 386us/step - loss: 1.2216 - acc: 0.5749 - val_loss: 1.7113 - val_acc: 0.5270
Epoch 49/500
32742/32742 [==============================] - 13s 388us/step - loss: 1.2082 - acc: 0.5816 - val_loss: 1.7102 - val_acc: 0.5329
Epoch 50/500
32742/32742 [==============================] - 13s 385us/step - loss: 1.1912 - acc: 0.5826 - val_loss: 1.7080 - val_acc: 0.5316
Epoch 51/500
32742/32742 [==============================] - 13s 385us/step - loss: 1.1956 - acc: 0.5821 - val_loss: 1.6962 - val_acc: 0.5305
Epoch 52/500
32742/32742 [==============================] - 13s 388us/step - loss: 1.1776 - acc: 0.5841 - val_loss: 1.6884 - val_acc: 0.5382
Epoch 53/500
32742/32742 [==============================] - 13s 385us/step - loss: 1.1723 - acc: 0.5860 - val_loss: 1.6724 - val_acc: 0.5436
Epoch 54/500
32742/32742 [==============================] - 13s 384us/step - loss: 1.1524 - acc: 0.5895 - val_loss: 1.6819 - val_acc: 0.5419
Epoch 55/500
32742/32742 [==============================] - 13s 382us/step - loss: 1.1527 - acc: 0.5939 - val_loss: 1.7448 - val_acc: 0.5263
Epoch 56/500
32742/32742 [==============================] - 13s 385us/step - loss: 1.1651 - acc: 0.5887 - val_loss: 1.6964 - val_acc: 0.5385
Epoch 57/500
32742/32742 [==============================] - 13s 389us/step - loss: 1.1273 - acc: 0.5959 - val_loss: 1.6989 - val_acc: 0.5372
Epoch 58/500
32742/32742 [==============================] - 13s 388us/step - loss: 1.1388 - acc: 0.5947 - val_loss: 1.7088 - val_acc: 0.5312
Epoch 59/500
32742/32742 [==============================] - 13s 392us/step - loss: 1.1093 - acc: 0.5996 - val_loss: 1.6734 - val_acc: 0.5481
Epoch 60/500
32742/32742 [==============================] - 13s 385us/step - loss: 1.0941 - acc: 0.6036 - val_loss: 1.7530 - val_acc: 0.5264
Epoch 61/500
32742/32742 [==============================] - 13s 387us/step - loss: 1.0983 - acc: 0.6015 - val_loss: 1.7121 - val_acc: 0.5307
Epoch 62/500
32742/32742 [==============================] - 13s 391us/step - loss: 1.1039 - acc: 0.6014 - val_loss: 1.7244 - val_acc: 0.5328
Epoch 63/500
32742/32742 [==============================] - 12s 381us/step - loss: 1.0777 - acc: 0.6051 - val_loss: 1.7076 - val_acc: 0.5329
Epoch 64/500
32742/32742 [==============================] - 12s 382us/step - loss: 1.0855 - acc: 0.6078 - val_loss: 1.7048 - val_acc: 0.5439
Epoch 65/500
32742/32742 [==============================] - 13s 384us/step - loss: 1.0769 - acc: 0.6063 - val_loss: 1.6869 - val_acc: 0.5449
Epoch 66/500
32742/32742 [==============================] - 13s 383us/step - loss: 1.0547 - acc: 0.6138 - val_loss: 1.6746 - val_acc: 0.5447
Epoch 67/500
32742/32742 [==============================] - 13s 386us/step - loss: 1.0533 - acc: 0.6119 - val_loss: 1.6803 - val_acc: 0.5447
Epoch 68/500
32742/32742 [==============================] - 13s 387us/step - loss: 1.0542 - acc: 0.6129 - val_loss: 1.6943 - val_acc: 0.5457
Epoch 69/500
32742/32742 [==============================] - 13s 384us/step - loss: 1.0257 - acc: 0.6207 - val_loss: 1.6763 - val_acc: 0.5487
Epoch 70/500
32742/32742 [==============================] - 13s 382us/step - loss: 1.0377 - acc: 0.6178 - val_loss: 1.7504 - val_acc: 0.5323
Epoch 71/500
32742/32742 [==============================] - 13s 389us/step - loss: 1.0250 - acc: 0.6165 - val_loss: 1.6960 - val_acc: 0.5426
Epoch 72/500
32742/32742 [==============================] - 12s 381us/step - loss: 1.0006 - acc: 0.6229 - val_loss: 1.7009 - val_acc: 0.5431
Epoch 73/500
32742/32742 [==============================] - 13s 386us/step - loss: 1.0151 - acc: 0.6213 - val_loss: 1.7129 - val_acc: 0.5367
Epoch 74/500
32742/32742 [==============================] - 13s 389us/step - loss: 1.0493 - acc: 0.6179 - val_loss: 1.6895 - val_acc: 0.5457
Epoch 75/500
32742/32742 [==============================] - 13s 387us/step - loss: 0.9779 - acc: 0.6319 - val_loss: 1.6788 - val_acc: 0.5580
Epoch 76/500
32742/32742 [==============================] - 13s 385us/step - loss: 0.9854 - acc: 0.6281 - val_loss: 1.7146 - val_acc: 0.5432
Epoch 77/500
32742/32742 [==============================] - 13s 387us/step - loss: 1.0120 - acc: 0.6238 - val_loss: 1.7143 - val_acc: 0.5474
Epoch 78/500
32742/32742 [==============================] - 13s 386us/step - loss: 0.9748 - acc: 0.6301 - val_loss: 1.7151 - val_acc: 0.5446
Epoch 79/500
32742/32742 [==============================] - 13s 382us/step - loss: 0.9735 - acc: 0.6280 - val_loss: 1.6782 - val_acc: 0.5544
Epoch 80/500
32742/32742 [==============================] - 13s 389us/step - loss: 0.9709 - acc: 0.6313 - val_loss: 1.6894 - val_acc: 0.5541
Epoch 81/500
32742/32742 [==============================] - 13s 387us/step - loss: 0.9639 - acc: 0.6329 - val_loss: 1.8825 - val_acc: 0.5146
Epoch 82/500
32742/32742 [==============================] - 13s 386us/step - loss: 0.9750 - acc: 0.6284 - val_loss: 1.7286 - val_acc: 0.5392
Epoch 83/500
32742/32742 [==============================] - 13s 388us/step - loss: 0.9488 - acc: 0.6380 - val_loss: 1.7299 - val_acc: 0.5502
Epoch 84/500
32742/32742 [==============================] - 13s 390us/step - loss: 0.9317 - acc: 0.6413 - val_loss: 1.6851 - val_acc: 0.5550
Epoch 85/500
32742/32742 [==============================] - 13s 386us/step - loss: 0.9196 - acc: 0.6468 - val_loss: 1.7096 - val_acc: 0.5551
Epoch 86/500
32742/32742 [==============================] - 13s 383us/step - loss: 0.9352 - acc: 0.6426 - val_loss: 1.7017 - val_acc: 0.5531
Epoch 87/500
32742/32742 [==============================] - 13s 388us/step - loss: 0.9375 - acc: 0.6395 - val_loss: 1.7334 - val_acc: 0.5406
Epoch 88/500
32742/32742 [==============================] - 13s 390us/step - loss: 0.9353 - acc: 0.6397 - val_loss: 1.7145 - val_acc: 0.5555
Epoch 89/500
32742/32742 [==============================] - 13s 386us/step - loss: 0.9258 - acc: 0.6437 - val_loss: 1.7316 - val_acc: 0.5512
Epoch 90/500
32742/32742 [==============================] - 13s 384us/step - loss: 0.9339 - acc: 0.6436 - val_loss: 1.7469 - val_acc: 0.5430
Epoch 91/500
32742/32742 [==============================] - 13s 387us/step - loss: 0.8773 - acc: 0.6560 - val_loss: 1.7177 - val_acc: 0.5538
Epoch 92/500
32742/32742 [==============================] - 13s 386us/step - loss: 0.8827 - acc: 0.6549 - val_loss: 1.7387 - val_acc: 0.5528
Epoch 93/500
32742/32742 [==============================] - 13s 384us/step - loss: 0.9468 - acc: 0.6416 - val_loss: 1.7495 - val_acc: 0.5482
Epoch 94/500
32742/32742 [==============================] - 13s 382us/step - loss: 0.9019 - acc: 0.6499 - val_loss: 1.7178 - val_acc: 0.5566
Epoch 95/500
32742/32742 [==============================] - 13s 385us/step - loss: 0.8600 - acc: 0.6614 - val_loss: 1.7187 - val_acc: 0.5578
Epoch 96/500
32742/32742 [==============================] - 13s 386us/step - loss: 0.8926 - acc: 0.6552 - val_loss: 1.7941 - val_acc: 0.5397
Epoch 97/500
32742/32742 [==============================] - 13s 386us/step - loss: 0.8642 - acc: 0.6577 - val_loss: 1.7256 - val_acc: 0.5552
Epoch 98/500
32742/32742 [==============================] - 12s 380us/step - loss: 0.8635 - acc: 0.6604 - val_loss: 1.7167 - val_acc: 0.5579
Epoch 99/500
32742/32742 [==============================] - 12s 380us/step - loss: 0.8610 - acc: 0.6604 - val_loss: 1.7261 - val_acc: 0.5546
Epoch 100/500
32742/32742 [==============================] - 12s 378us/step - loss: 0.8527 - acc: 0.6627 - val_loss: 1.7264 - val_acc: 0.5599
Epoch 101/500
32742/32742 [==============================] - 13s 392us/step - loss: 0.8504 - acc: 0.6639 - val_loss: 1.7636 - val_acc: 0.5520
Epoch 102/500
32742/32742 [==============================] - 13s 386us/step - loss: 0.8396 - acc: 0.6656 - val_loss: 1.7261 - val_acc: 0.5589
Epoch 103/500
32742/32742 [==============================] - 13s 387us/step - loss: 0.8798 - acc: 0.6555 - val_loss: 1.7552 - val_acc: 0.5555
Epoch 104/500
32742/32742 [==============================] - 13s 383us/step - loss: 0.8336 - acc: 0.6672 - val_loss: 1.7431 - val_acc: 0.5614
Epoch 105/500
32742/32742 [==============================] - 13s 389us/step - loss: 0.8284 - acc: 0.6694 - val_loss: 1.7933 - val_acc: 0.5538
Epoch 106/500
32742/32742 [==============================] - 13s 391us/step - loss: 0.8674 - acc: 0.6588 - val_loss: 1.7344 - val_acc: 0.5525
Epoch 107/500
32742/32742 [==============================] - 12s 382us/step - loss: 0.8239 - acc: 0.6675 - val_loss: 1.7411 - val_acc: 0.5582
Epoch 108/500
32742/32742 [==============================] - 13s 384us/step - loss: 0.8141 - acc: 0.6740 - val_loss: 1.7475 - val_acc: 0.5601
Epoch 109/500
32742/32742 [==============================] - 13s 384us/step - loss: 0.7983 - acc: 0.6768 - val_loss: 1.7430 - val_acc: 0.5646
Epoch 110/500
32742/32742 [==============================] - 12s 381us/step - loss: 0.8342 - acc: 0.6673 - val_loss: 1.7986 - val_acc: 0.5454
Epoch 111/500
32742/32742 [==============================] - 13s 383us/step - loss: 0.9221 - acc: 0.6507 - val_loss: 1.7802 - val_acc: 0.5550
Epoch 112/500
32742/32742 [==============================] - 13s 385us/step - loss: 0.7872 - acc: 0.6815 - val_loss: 1.7574 - val_acc: 0.5613
Epoch 113/500
32742/32742 [==============================] - 12s 380us/step - loss: 0.7826 - acc: 0.6807 - val_loss: 1.7669 - val_acc: 0.5591
Epoch 114/500
32742/32742 [==============================] - 13s 388us/step - loss: 0.7947 - acc: 0.6779 - val_loss: 1.7962 - val_acc: 0.5495
Epoch 115/500
32742/32742 [==============================] - 13s 389us/step - loss: 0.8161 - acc: 0.6695 - val_loss: 1.7471 - val_acc: 0.5640
Epoch 116/500
32742/32742 [==============================] - 13s 383us/step - loss: 0.7774 - acc: 0.6845 - val_loss: 1.7439 - val_acc: 0.5678
Epoch 117/500
32742/32742 [==============================] - 12s 377us/step - loss: 0.7655 - acc: 0.6850 - val_loss: 1.7351 - val_acc: 0.5653
Epoch 118/500
32742/32742 [==============================] - 13s 387us/step - loss: 0.8568 - acc: 0.6648 - val_loss: 1.7692 - val_acc: 0.5641
Epoch 119/500
32742/32742 [==============================] - 13s 390us/step - loss: 0.8149 - acc: 0.6763 - val_loss: 1.7840 - val_acc: 0.5603
Epoch 120/500
32742/32742 [==============================] - 13s 386us/step - loss: 0.7572 - acc: 0.6896 - val_loss: 1.8024 - val_acc: 0.5604
Epoch 121/500
32742/32742 [==============================] - 13s 385us/step - loss: 0.8144 - acc: 0.6765 - val_loss: 1.7972 - val_acc: 0.5443
Epoch 122/500
32742/32742 [==============================] - 12s 381us/step - loss: 0.8242 - acc: 0.6696 - val_loss: 1.7907 - val_acc: 0.5596
Epoch 123/500
32742/32742 [==============================] - 13s 385us/step - loss: 0.7499 - acc: 0.6907 - val_loss: 1.7939 - val_acc: 0.5634
Epoch 124/500
32742/32742 [==============================] - 12s 381us/step - loss: 0.7431 - acc: 0.6918 - val_loss: 1.7703 - val_acc: 0.5647
Epoch 125/500
32742/32742 [==============================] - 13s 385us/step - loss: 0.7658 - acc: 0.6840 - val_loss: 1.7824 - val_acc: 0.5651
Epoch 126/500
32742/32742 [==============================] - 13s 387us/step - loss: 0.7378 - acc: 0.6926 - val_loss: 1.8023 - val_acc: 0.5622
Epoch 127/500
32742/32742 [==============================] - 13s 388us/step - loss: 0.8057 - acc: 0.6805 - val_loss: 1.8571 - val_acc: 0.5449
Epoch 128/500
32742/32742 [==============================] - 13s 383us/step - loss: 0.8449 - acc: 0.6660 - val_loss: 1.7965 - val_acc: 0.5637
Epoch 129/500
32742/32742 [==============================] - 13s 388us/step - loss: 0.7363 - acc: 0.6931 - val_loss: 1.7913 - val_acc: 0.5654
Epoch 130/500
32742/32742 [==============================] - 13s 384us/step - loss: 0.7263 - acc: 0.6956 - val_loss: 1.8030 - val_acc: 0.5614
Epoch 131/500
32742/32742 [==============================] - 12s 380us/step - loss: 0.7262 - acc: 0.6959 - val_loss: 1.8028 - val_acc: 0.5651
Epoch 132/500
32742/32742 [==============================] - 13s 384us/step - loss: 0.7291 - acc: 0.6966 - val_loss: 1.8028 - val_acc: 0.5684
Epoch 133/500
32742/32742 [==============================] - 13s 390us/step - loss: 0.8056 - acc: 0.6817 - val_loss: 1.8867 - val_acc: 0.5432
Epoch 134/500
32742/32742 [==============================] - 13s 387us/step - loss: 0.7501 - acc: 0.6885 - val_loss: 1.7817 - val_acc: 0.5653
Epoch 135/500
32742/32742 [==============================] - 13s 387us/step - loss: 0.7079 - acc: 0.7032 - val_loss: 1.7948 - val_acc: 0.5679
Epoch 136/500
32742/32742 [==============================] - 13s 385us/step - loss: 0.7524 - acc: 0.6953 - val_loss: 1.8164 - val_acc: 0.5561
Epoch 137/500
32742/32742 [==============================] - 13s 383us/step - loss: 0.7722 - acc: 0.6857 - val_loss: 1.8205 - val_acc: 0.5607
Epoch 138/500
32742/32742 [==============================] - 13s 385us/step - loss: 0.6943 - acc: 0.7051 - val_loss: 1.7926 - val_acc: 0.5697
Epoch 139/500
32742/32742 [==============================] - 13s 384us/step - loss: 0.7246 - acc: 0.6984 - val_loss: 1.8285 - val_acc: 0.5613
Epoch 140/500
32742/32742 [==============================] - 13s 389us/step - loss: 0.7056 - acc: 0.7034 - val_loss: 1.8265 - val_acc: 0.5645
Epoch 141/500
32742/32742 [==============================] - 13s 383us/step - loss: 0.6953 - acc: 0.7051 - val_loss: 1.8376 - val_acc: 0.5662
Epoch 142/500
32742/32742 [==============================] - 13s 387us/step - loss: 0.7037 - acc: 0.7043 - val_loss: 1.8532 - val_acc: 0.5634
Epoch 143/500
32742/32742 [==============================] - 13s 386us/step - loss: 0.7201 - acc: 0.7013 - val_loss: 1.8368 - val_acc: 0.5546
Epoch 144/500
32742/32742 [==============================] - 13s 386us/step - loss: 0.6874 - acc: 0.7068 - val_loss: 1.8496 - val_acc: 0.5635
Epoch 145/500
32742/32742 [==============================] - 12s 382us/step - loss: 0.6789 - acc: 0.7128 - val_loss: 1.8198 - val_acc: 0.5699
Epoch 146/500
32742/32742 [==============================] - 12s 381us/step - loss: 0.7209 - acc: 0.7015 - val_loss: 1.8545 - val_acc: 0.5582
Epoch 147/500
32742/32742 [==============================] - 13s 389us/step - loss: 0.7256 - acc: 0.6997 - val_loss: 1.8600 - val_acc: 0.5636
Epoch 148/500
32742/32742 [==============================] - 13s 386us/step - loss: 0.6618 - acc: 0.7168 - val_loss: 1.8464 - val_acc: 0.5648
Epoch 149/500
32742/32742 [==============================] - 13s 384us/step - loss: 0.6792 - acc: 0.7135 - val_loss: 2.0033 - val_acc: 0.5492
Epoch 150/500
32742/32742 [==============================] - 13s 386us/step - loss: 0.6709 - acc: 0.7155 - val_loss: 1.8377 - val_acc: 0.5694
Epoch 151/500
32742/32742 [==============================] - 13s 389us/step - loss: 0.6663 - acc: 0.7168 - val_loss: 1.8531 - val_acc: 0.5603
Epoch 152/500
32742/32742 [==============================] - 13s 387us/step - loss: 0.7012 - acc: 0.7087 - val_loss: 1.8985 - val_acc: 0.5598
Epoch 153/500
32742/32742 [==============================] - 13s 383us/step - loss: 0.6519 - acc: 0.7201 - val_loss: 1.8702 - val_acc: 0.5661
                                                               precision    recall  f1-score   support

                             Bacterial Infections and Mycoses   0.812918  0.691288  0.747185      1056
                                               Virus Diseases   0.197492  0.677419  0.305825        93
                                           Parasitic Diseases   0.857513  0.873351  0.865359       379
                                                    Neoplasms   0.367751  0.501931  0.424490       518
                                     Musculoskeletal Diseases   0.136792  0.426471  0.207143        68
                                    Digestive System Diseases   0.706161  0.545788  0.615702      1092
                                      Stomatognathic Diseases   0.636804  0.660804  0.648582       398
                                   Respiratory Tract Diseases   0.578534  0.646199  0.610497       342
                                Otorhinolaryngologic Diseases   0.741294  0.668161  0.702830       223
                                      Nervous System Diseases   0.169811  0.509434  0.254717       106
                                                 Eye Diseases   0.655087  0.792793  0.717391       333
                                     Male Urogenital Diseases   0.823789  0.680825  0.745515       824
       Female Urogenital Diseases and Pregnancy Complications   0.250000  0.598039  0.352601       102
                                      Cardiovascular Diseases   0.186292  0.646341  0.289222       164
                                 Hemic and Lymphatic Diseases   0.731707  0.639344  0.682415       610
Congenital Hereditary and Neonatal Diseases and Abnormalities   0.497423  0.249354  0.332186       774
                          Skin and Connective Tissue Diseases   0.033445  0.277778  0.059701        36
                           Nutritional and Metabolic Diseases   0.378109  0.469136  0.418733       162
                                    Endocrine System Diseases   0.596200  0.325551  0.421141       771
                                       Immune System Diseases   0.183673  0.529412  0.272727        34
                            Disorders of Environmental Origin   0.000000  0.000000  0.000000         4
                                              Animal Diseases   0.568889  0.420591  0.483627       913
               Pathological Conditions and Signs and Symptoms   0.106312  0.119850  0.112676       267
                                        Occupational Diseases   0.346774  0.500000  0.409524        86
                                 Chemically-Induced Disorders   0.576520  0.512104  0.542406       537
                                          Wounds and Injuries   0.760898  0.563050  0.647191      1023

                                                     accuracy                       0.543839     10915
                                                    macro avg   0.457700  0.520193  0.456515     10915
                                                 weighted avg   0.621682  0.543839  0.565878     10915
